<testsuites id="" name="" tests="24" failures="5" skipped="0" errors="0" time="94.624137">
<testsuite name="auth/login.spec.js" timestamp="2026-09-25T07:02:58.359Z" hostname="chromium" tests="7" failures="0" skipped="0" time="12.357" errors="0">
<testcase name="Authentication - Login Tests › TC-001: Verify successful login with valid credentials" classname="auth/login.spec.js" time="1.164">
<system-out>
<![CDATA[[2026-09-25 07:02:59] [32MINFO[39M: ========== TEST STARTED: Login Test ==========
[2026-09-25 07:02:59] [32MINFO[39M: STEP: Navigating to: https://www.saucedemo.com
[2026-09-25 07:03:00] [32MINFO[39M: Test Case: TC-001 - Successful login
[2026-09-25 07:03:00] [32MINFO[39M: STEP: Filling element [data-test="username"] with: standard_user
[2026-09-25 07:03:00] [32MINFO[39M: STEP: Filling element [data-test="password"] with: secret_sauce
[2026-09-25 07:03:00] [32MINFO[39M: STEP: Clicking element: [data-test="login-button"]
[2026-09-25 07:03:00] [32MINFO[39M: ✓ ASSERTION PASSED: User successfully logged in
[2026-09-25 07:03:00] [32MINFO[39M: ========== TEST ENDED: Login Test - Completed ==========
]]>
</system-out>
</testcase>
<testcase name="Authentication - Login Tests › TC-002: Verify login fails with invalid username" classname="auth/login.spec.js" time="2.146">
<system-out>
<![CDATA[[2026-09-25 07:02:59] [32MINFO[39M: ========== TEST STARTED: Login Test ==========
[2026-09-25 07:02:59] [32MINFO[39M: STEP: Navigating to: https://www.saucedemo.com
[2026-09-25 07:02:59] [32MINFO[39M: Test Case: TC-002 - Login with invalid username
[2026-09-25 07:02:59] [32MINFO[39M: STEP: Filling element [data-test="username"] with: invalid_user
[2026-09-25 07:03:00] [32MINFO[39M: STEP: Filling element [data-test="password"] with: secret_sauce
[2026-09-25 07:03:00] [32MINFO[39M: STEP: Clicking element: [data-test="login-button"]
[2026-09-25 07:03:00] [32MINFO[39M: STEP: Waiting for 1000ms
[2026-09-25 07:03:01] [32MINFO[39M: STEP: Waiting for element: .error-message-container
[2026-09-25 07:03:01] [32MINFO[39M: Text from .error-message-container: Epic sadface: Username and password do not match any user in this service
[2026-09-25 07:03:01] [32MINFO[39M: STEP: Waiting for element: .error-message-container
[2026-09-25 07:03:01] [32MINFO[39M: Text from .error-message-container: Epic sadface: Username and password do not match any user in this service
[2026-09-25 07:03:01] [32MINFO[39M: ✓ ASSERTION PASSED: Error message displayed for invalid username
[2026-09-25 07:03:01] [32MINFO[39M: ========== TEST ENDED: Login Test - Completed ==========
]]>
</system-out>
</testcase>
<testcase name="Authentication - Login Tests › TC-003: Verify login fails with invalid password" classname="auth/login.spec.js" time="1.582">
<system-out>
<![CDATA[[2026-09-25 07:03:00] [32MINFO[39M: ========== TEST STARTED: Login Test ==========
[2026-09-25 07:03:00] [32MINFO[39M: STEP: Navigating to: https://www.saucedemo.com
[2026-09-25 07:03:00] [32MINFO[39M: Test Case: TC-003 - Login with invalid password
[2026-09-25 07:03:00] [32MINFO[39M: STEP: Filling element [data-test="username"] with: standard_user
[2026-09-25 07:03:00] [32MINFO[39M: STEP: Filling element [data-test="password"] with: wrong_password
[2026-09-25 07:03:00] [32MINFO[39M: STEP: Clicking element: [data-test="login-button"]
[2026-09-25 07:03:00] [32MINFO[39M: STEP: Waiting for 1000ms
[2026-09-25 07:03:01] [32MINFO[39M: STEP: Waiting for element: .error-message-container
[2026-09-25 07:03:01] [32MINFO[39M: Text from .error-message-container: Epic sadface: Username and password do not match any user in this service
[2026-09-25 07:03:01] [32MINFO[39M: STEP: Waiting for element: .error-message-container
[2026-09-25 07:03:01] [32MINFO[39M: Text from .error-message-container: Epic sadface: Username and password do not match any user in this service
[2026-09-25 07:03:01] [32MINFO[39M: ✓ ASSERTION PASSED: Error message displayed for invalid password
[2026-09-25 07:03:01] [32MINFO[39M: ========== TEST ENDED: Login Test - Completed ==========
]]>
</system-out>
</testcase>
<testcase name="Authentication - Login Tests › TC-004: Verify login fails with empty username" classname="auth/login.spec.js" time="1.552">
<system-out>
<![CDATA[[2026-09-25 07:03:01] [32MINFO[39M: ========== TEST STARTED: Login Test ==========
[2026-09-25 07:03:01] [32MINFO[39M: STEP: Navigating to: https://www.saucedemo.com
[2026-09-25 07:03:01] [32MINFO[39M: Test Case: TC-004 - Login with empty username
[2026-09-25 07:03:01] [32MINFO[39M: STEP: Filling element [data-test="password"] with: secret_sauce
[2026-09-25 07:03:01] [32MINFO[39M: STEP: Clicking element: [data-test="login-button"]
[2026-09-25 07:03:01] [32MINFO[39M: STEP: Waiting for 1000ms
[2026-09-25 07:03:02] [32MINFO[39M: STEP: Waiting for element: .error-message-container
[2026-09-25 07:03:02] [32MINFO[39M: Text from .error-message-container: Epic sadface: Username is required
[2026-09-25 07:03:02] [32MINFO[39M: STEP: Waiting for element: .error-message-container
[2026-09-25 07:03:02] [32MINFO[39M: Text from .error-message-container: Epic sadface: Username is required
[2026-09-25 07:03:02] [32MINFO[39M: ✓ ASSERTION PASSED: Error message displayed for empty username
[2026-09-25 07:03:02] [32MINFO[39M: ========== TEST ENDED: Login Test - Completed ==========
]]>
</system-out>
</testcase>
<testcase name="Authentication - Login Tests › TC-005: Verify login fails with empty password" classname="auth/login.spec.js" time="1.577">
<system-out>
<![CDATA[[2026-09-25 07:03:02] [32MINFO[39M: ========== TEST STARTED: Login Test ==========
[2026-09-25 07:03:02] [32MINFO[39M: STEP: Navigating to: https://www.saucedemo.com
[2026-09-25 07:03:02] [32MINFO[39M: Test Case: TC-005 - Login with empty password
[2026-09-25 07:03:02] [32MINFO[39M: STEP: Filling element [data-test="username"] with: standard_user
[2026-09-25 07:03:02] [32MINFO[39M: STEP: Clicking element: [data-test="login-button"]
[2026-09-25 07:03:02] [32MINFO[39M: STEP: Waiting for 1000ms
[2026-09-25 07:03:03] [32MINFO[39M: STEP: Waiting for element: .error-message-container
[2026-09-25 07:03:03] [32MINFO[39M: Text from .error-message-container: Epic sadface: Password is required
[2026-09-25 07:03:03] [32MINFO[39M: STEP: Waiting for element: .error-message-container
[2026-09-25 07:03:03] [32MINFO[39M: Text from .error-message-container: Epic sadface: Password is required
[2026-09-25 07:03:03] [32MINFO[39M: ✓ ASSERTION PASSED: Error message displayed for empty password
[2026-09-25 07:03:03] [32MINFO[39M: ========== TEST ENDED: Login Test - Completed ==========
]]>
</system-out>
</testcase>
<testcase name="Authentication - Login Tests › TC-006: Verify successful logout" classname="auth/login.spec.js" time="2.653">
<system-out>
<![CDATA[[2026-09-25 07:03:03] [32MINFO[39M: ========== TEST STARTED: Login Test ==========
[2026-09-25 07:03:03] [32MINFO[39M: STEP: Navigating to: https://www.saucedemo.com
[2026-09-25 07:03:03] [32MINFO[39M: Test Case: TC-006 - Successful logout
[2026-09-25 07:03:03] [32MINFO[39M: STEP: Filling element [data-test="username"] with: standard_user
[2026-09-25 07:03:03] [32MINFO[39M: STEP: Filling element [data-test="password"] with: secret_sauce
[2026-09-25 07:03:03] [32MINFO[39M: STEP: Clicking element: [data-test="login-button"]
[2026-09-25 07:03:03] [32MINFO[39M: STEP: Clicking element: #react-burger-menu-btn
[2026-09-25 07:03:03] [32MINFO[39M: STEP: Waiting for 500ms
[2026-09-25 07:03:04] [32MINFO[39M: STEP: Clicking element: #logout_sidebar_link
[2026-09-25 07:03:04] [32MINFO[39M: ========== TEST ENDED: Login Test - Completed ==========

[[ATTACHMENT|../test-results/auth-login-Authentication--de031-06-Verify-successful-logout-chromium/test-failed-1.png]]

[[ATTACHMENT|../test-results/auth-login-Authentication--de031-06-Verify-successful-logout-chromium/video.webm]]

[[ATTACHMENT|../test-results/auth-login-Authentication--de031-06-Verify-successful-logout-chromium/error-context.md]]

[[ATTACHMENT|../test-results/auth-login-Authentication--de031-06-Verify-successful-logout-chromium/trace.zip]]
[2026-09-25 07:03:05] [32MINFO[39M: ========== TEST STARTED: Login Test ==========
[2026-09-25 07:03:05] [32MINFO[39M: STEP: Navigating to: https://www.saucedemo.com
[2026-09-25 07:03:05] [32MINFO[39M: Test Case: TC-006 - Successful logout
[2026-09-25 07:03:05] [32MINFO[39M: STEP: Filling element [data-test="username"] with: standard_user
[2026-09-25 07:03:05] [32MINFO[39M: STEP: Filling element [data-test="password"] with: secret_sauce
[2026-09-25 07:03:05] [32MINFO[39M: STEP: Clicking element: [data-test="login-button"]
[2026-09-25 07:03:05] [32MINFO[39M: STEP: Clicking element: #react-burger-menu-btn
[2026-09-25 07:03:05] [32MINFO[39M: STEP: Waiting for 500ms
[2026-09-25 07:03:06] [32MINFO[39M: STEP: Clicking element: #logout_sidebar_link
[2026-09-25 07:03:06] [32MINFO[39M: ✓ ASSERTION PASSED: User successfully logged out
[2026-09-25 07:03:06] [32MINFO[39M: ========== TEST ENDED: Login Test - Completed ==========
]]>
</system-out>
</testcase>
<testcase name="Authentication - Login Tests › TC-007: Verify locked out user cannot login" classname="auth/login.spec.js" time="1.683">
<system-out>
<![CDATA[[2026-09-25 07:03:03] [32MINFO[39M: ========== TEST STARTED: Login Test ==========
[2026-09-25 07:03:03] [32MINFO[39M: STEP: Navigating to: https://www.saucedemo.com
[2026-09-25 07:03:04] [32MINFO[39M: Test Case: TC-007 - Locked out user login attempt
[2026-09-25 07:03:04] [32MINFO[39M: STEP: Filling element [data-test="username"] with: locked_out_user
[2026-09-25 07:03:04] [32MINFO[39M: STEP: Filling element [data-test="password"] with: secret_sauce
[2026-09-25 07:03:04] [32MINFO[39M: STEP: Clicking element: [data-test="login-button"]
[2026-09-25 07:03:04] [32MINFO[39M: STEP: Waiting for 1000ms
[2026-09-25 07:03:05] [32MINFO[39M: STEP: Waiting for element: .error-message-container
[2026-09-25 07:03:05] [32MINFO[39M: Text from .error-message-container: Epic sadface: Sorry, this user has been locked out.
[2026-09-25 07:03:05] [32MINFO[39M: STEP: Waiting for element: .error-message-container
[2026-09-25 07:03:05] [32MINFO[39M: Text from .error-message-container: Epic sadface: Sorry, this user has been locked out.
[2026-09-25 07:03:05] [32MINFO[39M: ✓ ASSERTION PASSED: Locked out user error message displayed
[2026-09-25 07:03:05] [32MINFO[39M: ========== TEST ENDED: Login Test - Completed ==========
]]>
</system-out>
</testcase>
</testsuite>
<testsuite name="cart/cart.spec.js" timestamp="2026-09-25T07:02:58.359Z" hostname="chromium" tests="4" failures="1" skipped="0" time="10.363" errors="0">
<testcase name="Cart - Cart Tests › TC-001: Verify cart displays correct product details (name, description, price, quantity)" classname="cart/cart.spec.js" time="2.691">
<failure message="cart.spec.js:21:5 TC-001: Verify cart displays correct product details (name, description, price, quantity)" type="FAILURE">
<![CDATA[  [chromium] › cart/cart.spec.js:21:5 › Cart - Cart Tests › TC-001: Verify cart displays correct product details (name, description, price, quantity) 

    Error: expect(received).toBeTruthy()

    Received: false

      25 |         // Assert inventory page is displayed
      26 |         const isInventoryDisplayed = await inventoryPage.isInventoryDisplayed();
    > 27 |         expect(isInventoryDisplayed).toBeTruthy();
         |                                      ^
      28 |         logger.assertion('Inventory container is visible', isInventoryDisplayed);
      29 |
      30 |         // Get all product names and select a random product
        at /Users/runner/work/MyPetTAF/MyPetTAF/tests/cart/cart.spec.js:27:38

    attachment #1: screenshot (image/png) ──────────────────────────────────────────────────────────
    ../test-results/cart-cart-Cart---Cart-Test-1f516-description-price-quantity--chromium/test-failed-1.png
    ────────────────────────────────────────────────────────────────────────────────────────────────

    attachment #2: video (video/webm) ──────────────────────────────────────────────────────────────
    ../test-results/cart-cart-Cart---Cart-Test-1f516-description-price-quantity--chromium/video.webm
    ────────────────────────────────────────────────────────────────────────────────────────────────

    Error Context: ../test-results/cart-cart-Cart---Cart-Test-1f516-description-price-quantity--chromium/error-context.md

    attachment #4: trace (application/zip) ─────────────────────────────────────────────────────────
    ../test-results/cart-cart-Cart---Cart-Test-1f516-description-price-quantity--chromium/trace.zip
    Usage:

        npx playwright show-trace ../test-results/cart-cart-Cart---Cart-Test-1f516-description-price-quantity--chromium/trace.zip

    ────────────────────────────────────────────────────────────────────────────────────────────────

    Retry #1 ───────────────────────────────────────────────────────────────────────────────────────

    Error: expect(received).toBeTruthy()

    Received: false

      25 |         // Assert inventory page is displayed
      26 |         const isInventoryDisplayed = await inventoryPage.isInventoryDisplayed();
    > 27 |         expect(isInventoryDisplayed).toBeTruthy();
         |                                      ^
      28 |         logger.assertion('Inventory container is visible', isInventoryDisplayed);
      29 |
      30 |         // Get all product names and select a random product
        at /Users/runner/work/MyPetTAF/MyPetTAF/tests/cart/cart.spec.js:27:38

    attachment #1: screenshot (image/png) ──────────────────────────────────────────────────────────
    ../test-results/cart-cart-Cart---Cart-Test-1f516-description-price-quantity--chromium-retry1/test-failed-1.png
    ────────────────────────────────────────────────────────────────────────────────────────────────

    attachment #2: video (video/webm) ──────────────────────────────────────────────────────────────
    ../test-results/cart-cart-Cart---Cart-Test-1f516-description-price-quantity--chromium-retry1/video.webm
    ────────────────────────────────────────────────────────────────────────────────────────────────

    Error Context: ../test-results/cart-cart-Cart---Cart-Test-1f516-description-price-quantity--chromium-retry1/error-context.md

    attachment #4: trace (application/zip) ─────────────────────────────────────────────────────────
    ../test-results/cart-cart-Cart---Cart-Test-1f516-description-price-quantity--chromium-retry1/trace.zip
    Usage:

        npx playwright show-trace ../test-results/cart-cart-Cart---Cart-Test-1f516-description-price-quantity--chromium-retry1/trace.zip

    ────────────────────────────────────────────────────────────────────────────────────────────────

    Retry #2 ───────────────────────────────────────────────────────────────────────────────────────

    Error: expect(received).toBeTruthy()

    Received: false

      25 |         // Assert inventory page is displayed
      26 |         const isInventoryDisplayed = await inventoryPage.isInventoryDisplayed();
    > 27 |         expect(isInventoryDisplayed).toBeTruthy();
         |                                      ^
      28 |         logger.assertion('Inventory container is visible', isInventoryDisplayed);
      29 |
      30 |         // Get all product names and select a random product
        at /Users/runner/work/MyPetTAF/MyPetTAF/tests/cart/cart.spec.js:27:38

    attachment #1: screenshot (image/png) ──────────────────────────────────────────────────────────
    ../test-results/cart-cart-Cart---Cart-Test-1f516-description-price-quantity--chromium-retry2/test-failed-1.png
    ────────────────────────────────────────────────────────────────────────────────────────────────

    attachment #2: video (video/webm) ──────────────────────────────────────────────────────────────
    ../test-results/cart-cart-Cart---Cart-Test-1f516-description-price-quantity--chromium-retry2/video.webm
    ────────────────────────────────────────────────────────────────────────────────────────────────

    Error Context: ../test-results/cart-cart-Cart---Cart-Test-1f516-description-price-quantity--chromium-retry2/error-context.md

    attachment #4: trace (application/zip) ─────────────────────────────────────────────────────────
    ../test-results/cart-cart-Cart---Cart-Test-1f516-description-price-quantity--chromium-retry2/trace.zip
    Usage:

        npx playwright show-trace ../test-results/cart-cart-Cart---Cart-Test-1f516-description-price-quantity--chromium-retry2/trace.zip

    ────────────────────────────────────────────────────────────────────────────────────────────────
]]>
</failure>
<system-out>
<![CDATA[[2026-09-25 07:03:05] [32MINFO[39M: STEP: Navigating to: https://www.saucedemo.com
[2026-09-25 07:03:05] [32MINFO[39M: STEP: Filling element [data-test="username"] with: standard_user
[2026-09-25 07:03:05] [32MINFO[39M: STEP: Filling element [data-test="password"] with: secret_sauce
[2026-09-25 07:03:05] [32MINFO[39M: STEP: Clicking element: [data-test="login-button"]
[2026-09-25 07:03:05] [32MINFO[39M: ========== TEST STARTED: Cart Test ==========
[2026-09-25 07:03:05] [32MINFO[39M: Test Case: TC-001 - Verify cart displays correct product details (name, description, price, quantity)
[2026-09-25 07:03:06] [32MINFO[39M: ========== TEST ENDED: Cart Test - Completed ==========

[[ATTACHMENT|../test-results/cart-cart-Cart---Cart-Test-1f516-description-price-quantity--chromium/test-failed-1.png]]

[[ATTACHMENT|../test-results/cart-cart-Cart---Cart-Test-1f516-description-price-quantity--chromium/video.webm]]

[[ATTACHMENT|../test-results/cart-cart-Cart---Cart-Test-1f516-description-price-quantity--chromium/error-context.md]]

[[ATTACHMENT|../test-results/cart-cart-Cart---Cart-Test-1f516-description-price-quantity--chromium/trace.zip]]
[2026-09-25 07:03:07] [32MINFO[39M: STEP: Navigating to: https://www.saucedemo.com
[2026-09-25 07:03:07] [32MINFO[39M: STEP: Filling element [data-test="username"] with: standard_user
[2026-09-25 07:03:07] [32MINFO[39M: STEP: Filling element [data-test="password"] with: secret_sauce
[2026-09-25 07:03:07] [32MINFO[39M: STEP: Clicking element: [data-test="login-button"]
[2026-09-25 07:03:07] [32MINFO[39M: ========== TEST STARTED: Cart Test ==========
[2026-09-25 07:03:07] [32MINFO[39M: Test Case: TC-001 - Verify cart displays correct product details (name, description, price, quantity)
[2026-09-25 07:03:07] [32MINFO[39M: ========== TEST ENDED: Cart Test - Completed ==========

[[ATTACHMENT|../test-results/cart-cart-Cart---Cart-Test-1f516-description-price-quantity--chromium-retry1/test-failed-1.png]]

[[ATTACHMENT|../test-results/cart-cart-Cart---Cart-Test-1f516-description-price-quantity--chromium-retry1/video.webm]]

[[ATTACHMENT|../test-results/cart-cart-Cart---Cart-Test-1f516-description-price-quantity--chromium-retry1/error-context.md]]

[[ATTACHMENT|../test-results/cart-cart-Cart---Cart-Test-1f516-description-price-quantity--chromium-retry1/trace.zip]]
[2026-09-25 07:03:08] [32MINFO[39M: STEP: Navigating to: https://www.saucedemo.com
[2026-09-25 07:03:09] [32MINFO[39M: STEP: Filling element [data-test="username"] with: standard_user
[2026-09-25 07:03:09] [32MINFO[39M: STEP: Filling element [data-test="password"] with: secret_sauce
[2026-09-25 07:03:09] [32MINFO[39M: STEP: Clicking element: [data-test="login-button"]
[2026-09-25 07:03:09] [32MINFO[39M: ========== TEST STARTED: Cart Test ==========
[2026-09-25 07:03:09] [32MINFO[39M: Test Case: TC-001 - Verify cart displays correct product details (name, description, price, quantity)
[2026-09-25 07:03:09] [32MINFO[39M: ========== TEST ENDED: Cart Test - Completed ==========

[[ATTACHMENT|../test-results/cart-cart-Cart---Cart-Test-1f516-description-price-quantity--chromium-retry2/test-failed-1.png]]

[[ATTACHMENT|../test-results/cart-cart-Cart---Cart-Test-1f516-description-price-quantity--chromium-retry2/video.webm]]

[[ATTACHMENT|../test-results/cart-cart-Cart---Cart-Test-1f516-description-price-quantity--chromium-retry2/error-context.md]]

[[ATTACHMENT|../test-results/cart-cart-Cart---Cart-Test-1f516-description-price-quantity--chromium-retry2/trace.zip]]
]]>
</system-out>
</testcase>
<testcase name="Cart - Cart Tests › TC-002: Verify removing product from cart using &quot;Remove&quot; button" classname="cart/cart.spec.js" time="2.456">
<system-out>
<![CDATA[[2026-09-25 07:03:06] [32MINFO[39M: STEP: Navigating to: https://www.saucedemo.com
[2026-09-25 07:03:06] [32MINFO[39M: STEP: Filling element [data-test="username"] with: standard_user
[2026-09-25 07:03:06] [32MINFO[39M: STEP: Filling element [data-test="password"] with: secret_sauce
[2026-09-25 07:03:06] [32MINFO[39M: STEP: Clicking element: [data-test="login-button"]
[2026-09-25 07:03:06] [32MINFO[39M: ========== TEST STARTED: Cart Test ==========
[2026-09-25 07:03:06] [32MINFO[39M: Test Case: TC-002 - Verify removing product from cart using "Remove" button
[2026-09-25 07:03:07] [32MINFO[39M: ========== TEST ENDED: Cart Test - Completed ==========

[[ATTACHMENT|../test-results/cart-cart-Cart---Cart-Test-ca18c-om-cart-using-Remove-button-chromium/test-failed-1.png]]

[[ATTACHMENT|../test-results/cart-cart-Cart---Cart-Test-ca18c-om-cart-using-Remove-button-chromium/video.webm]]

[[ATTACHMENT|../test-results/cart-cart-Cart---Cart-Test-ca18c-om-cart-using-Remove-button-chromium/error-context.md]]

[[ATTACHMENT|../test-results/cart-cart-Cart---Cart-Test-ca18c-om-cart-using-Remove-button-chromium/trace.zip]]
[2026-09-25 07:03:08] [32MINFO[39M: STEP: Navigating to: https://www.saucedemo.com
[2026-09-25 07:03:08] [32MINFO[39M: STEP: Filling element [data-test="username"] with: standard_user
[2026-09-25 07:03:08] [32MINFO[39M: STEP: Filling element [data-test="password"] with: secret_sauce
[2026-09-25 07:03:08] [32MINFO[39M: STEP: Clicking element: [data-test="login-button"]
[2026-09-25 07:03:08] [32MINFO[39M: ========== TEST STARTED: Cart Test ==========
[2026-09-25 07:03:08] [32MINFO[39M: Test Case: TC-002 - Verify removing product from cart using "Remove" button
[2026-09-25 07:03:08] [32MINFO[39M: ✓ ASSERTION PASSED: Inventory container is visible
[2026-09-25 07:03:08] [32MINFO[39M: ✓ ASSERTION PASSED: Initial cart badge count is 0
[2026-09-25 07:03:08] [32MINFO[39M: Clicked on product title: Sauce Labs Backpack
[2026-09-25 07:03:08] [32MINFO[39M: STEP: Waiting for element: [data-test="inventory-container"]
[2026-09-25 07:03:09] [32MINFO[39M: STEP: Clicking element: [data-test="add-to-cart-sauce-labs-backpack"]
[2026-09-25 07:03:09] [32MINFO[39M: Added Sauce Labs Backpack to cart
[2026-09-25 07:03:09] [32MINFO[39M: Text from .shopping_cart_badge: 1
[2026-09-25 07:03:09] [32MINFO[39M: ✓ ASSERTION PASSED: Cart badge count is 1 after adding product
[2026-09-25 07:03:09] [32MINFO[39M: STEP: Clicking element: [data-test="shopping-cart-link"]
[2026-09-25 07:03:09] [32MINFO[39M: Clicked cart icon to navigate to cart page
[2026-09-25 07:03:09] [32MINFO[39M: STEP: Waiting for element: [data-test="cart-contents-container"]
[2026-09-25 07:03:09] [32MINFO[39M: ✓ ASSERTION PASSED: Cart page is displayed
[2026-09-25 07:03:09] [32MINFO[39M: ✓ ASSERTION PASSED: Product "Sauce Labs Backpack" is in cart before removal
[2026-09-25 07:03:09] [32MINFO[39M: ✓ ASSERTION PASSED: Cart contains 1 item before removal
[2026-09-25 07:03:09] [32MINFO[39M: Clicked Remove button for Sauce Labs Backpack
[2026-09-25 07:03:09] [32MINFO[39M: ✓ ASSERTION PASSED: Product "Sauce Labs Backpack" is removed from cart
[2026-09-25 07:03:09] [32MINFO[39M: ✓ ASSERTION PASSED: Cart contains 0 items after removal
[2026-09-25 07:03:09] [32MINFO[39M: ✓ ASSERTION PASSED: Cart is empty after removing all items
[2026-09-25 07:03:09] [32MINFO[39M: ========== TEST ENDED: Cart Test - Completed ==========
]]>
</system-out>
</testcase>
<testcase name="Cart - Cart Tests › TC-003: Verify &quot;Continue Shopping&quot; button navigates back to inventory page" classname="cart/cart.spec.js" time="2.094">
<system-out>
<![CDATA[[2026-09-25 07:03:09] [32MINFO[39M: STEP: Navigating to: https://www.saucedemo.com
[2026-09-25 07:03:10] [32MINFO[39M: STEP: Filling element [data-test="username"] with: standard_user
[2026-09-25 07:03:10] [32MINFO[39M: STEP: Filling element [data-test="password"] with: secret_sauce
[2026-09-25 07:03:10] [32MINFO[39M: STEP: Clicking element: [data-test="login-button"]
[2026-09-25 07:03:10] [32MINFO[39M: ========== TEST STARTED: Cart Test ==========
[2026-09-25 07:03:10] [32MINFO[39M: Test Case: TC-003 - Verify "Continue Shopping" button navigates back to inventory page
[2026-09-25 07:03:10] [32MINFO[39M: ========== TEST ENDED: Cart Test - Completed ==========

[[ATTACHMENT|../test-results/cart-cart-Cart---Cart-Test-3b184-ates-back-to-inventory-page-chromium/test-failed-1.png]]

[[ATTACHMENT|../test-results/cart-cart-Cart---Cart-Test-3b184-ates-back-to-inventory-page-chromium/video.webm]]

[[ATTACHMENT|../test-results/cart-cart-Cart---Cart-Test-3b184-ates-back-to-inventory-page-chromium/error-context.md]]

[[ATTACHMENT|../test-results/cart-cart-Cart---Cart-Test-3b184-ates-back-to-inventory-page-chromium/trace.zip]]
[2026-09-25 07:03:11] [32MINFO[39M: STEP: Navigating to: https://www.saucedemo.com
[2026-09-25 07:03:11] [32MINFO[39M: STEP: Filling element [data-test="username"] with: standard_user
[2026-09-25 07:03:11] [32MINFO[39M: STEP: Filling element [data-test="password"] with: secret_sauce
[2026-09-25 07:03:11] [32MINFO[39M: STEP: Clicking element: [data-test="login-button"]
[2026-09-25 07:03:11] [32MINFO[39M: ========== TEST STARTED: Cart Test ==========
[2026-09-25 07:03:11] [32MINFO[39M: Test Case: TC-003 - Verify "Continue Shopping" button navigates back to inventory page
[2026-09-25 07:03:12] [32MINFO[39M: ✓ ASSERTION PASSED: Inventory container is visible
[2026-09-25 07:03:12] [32MINFO[39M: ✓ ASSERTION PASSED: Initial cart badge count is 0
[2026-09-25 07:03:12] [32MINFO[39M: STEP: Clicking element: [data-test="shopping-cart-link"]
[2026-09-25 07:03:12] [32MINFO[39M: Clicked cart icon to navigate to cart page (empty cart)
[2026-09-25 07:03:12] [32MINFO[39M: STEP: Waiting for element: [data-test="cart-contents-container"]
[2026-09-25 07:03:12] [32MINFO[39M: ✓ ASSERTION PASSED: Cart page is displayed
[2026-09-25 07:03:12] [32MINFO[39M: ✓ ASSERTION PASSED: Cart is empty
[2026-09-25 07:03:12] [32MINFO[39M: ✓ ASSERTION PASSED: Continue Shopping button is visible
[2026-09-25 07:03:12] [32MINFO[39M: STEP: Clicking element: [data-test="continue-shopping"]
[2026-09-25 07:03:12] [32MINFO[39M: Clicked Continue Shopping button
[2026-09-25 07:03:12] [32MINFO[39M: STEP: Waiting for element: [data-test="inventory-container"]
[2026-09-25 07:03:12] [32MINFO[39M: ✓ ASSERTION PASSED: URL contains inventory.html
[2026-09-25 07:03:12] [32MINFO[39M: ✓ ASSERTION PASSED: Successfully navigated back to inventory page
[2026-09-25 07:03:12] [32MINFO[39M: ✓ ASSERTION PASSED: Cart badge count is still 0
[2026-09-25 07:03:12] [32MINFO[39M: ========== TEST ENDED: Cart Test - Completed ==========
]]>
</system-out>
</testcase>
<testcase name="Cart - Cart Tests › TC-004: Verify &quot;Checkout&quot; button navigates to checkout page" classname="cart/cart.spec.js" time="3.122">
<system-out>
<![CDATA[[2026-09-25 07:03:10] [32MINFO[39M: STEP: Navigating to: https://www.saucedemo.com
[2026-09-25 07:03:10] [32MINFO[39M: STEP: Filling element [data-test="username"] with: standard_user
[2026-09-25 07:03:10] [32MINFO[39M: STEP: Filling element [data-test="password"] with: secret_sauce
[2026-09-25 07:03:10] [32MINFO[39M: STEP: Clicking element: [data-test="login-button"]
[2026-09-25 07:03:10] [32MINFO[39M: ========== TEST STARTED: Cart Test ==========
[2026-09-25 07:03:10] [32MINFO[39M: Test Case: TC-004 - Verify "Checkout" button navigates to checkout page
[2026-09-25 07:03:11] [32MINFO[39M: ========== TEST ENDED: Cart Test - Completed ==========

[[ATTACHMENT|../test-results/cart-cart-Cart---Cart-Test-3e1ae--navigates-to-checkout-page-chromium/test-failed-1.png]]

[[ATTACHMENT|../test-results/cart-cart-Cart---Cart-Test-3e1ae--navigates-to-checkout-page-chromium/video.webm]]

[[ATTACHMENT|../test-results/cart-cart-Cart---Cart-Test-3e1ae--navigates-to-checkout-page-chromium/error-context.md]]

[[ATTACHMENT|../test-results/cart-cart-Cart---Cart-Test-3e1ae--navigates-to-checkout-page-chromium/trace.zip]]
[2026-09-25 07:03:12] [32MINFO[39M: STEP: Navigating to: https://www.saucedemo.com
[2026-09-25 07:03:12] [32MINFO[39M: STEP: Filling element [data-test="username"] with: standard_user
[2026-09-25 07:03:12] [32MINFO[39M: STEP: Filling element [data-test="password"] with: secret_sauce
[2026-09-25 07:03:12] [32MINFO[39M: STEP: Clicking element: [data-test="login-button"]
[2026-09-25 07:03:12] [32MINFO[39M: ========== TEST STARTED: Cart Test ==========
[2026-09-25 07:03:12] [32MINFO[39M: Test Case: TC-004 - Verify "Checkout" button navigates to checkout page
[2026-09-25 07:03:13] [32MINFO[39M: ========== TEST ENDED: Cart Test - Completed ==========

[[ATTACHMENT|../test-results/cart-cart-Cart---Cart-Test-3e1ae--navigates-to-checkout-page-chromium-retry1/test-failed-1.png]]

[[ATTACHMENT|../test-results/cart-cart-Cart---Cart-Test-3e1ae--navigates-to-checkout-page-chromium-retry1/video.webm]]

[[ATTACHMENT|../test-results/cart-cart-Cart---Cart-Test-3e1ae--navigates-to-checkout-page-chromium-retry1/error-context.md]]

[[ATTACHMENT|../test-results/cart-cart-Cart---Cart-Test-3e1ae--navigates-to-checkout-page-chromium-retry1/trace.zip]]
[2026-09-25 07:03:14] [32MINFO[39M: STEP: Navigating to: https://www.saucedemo.com
[2026-09-25 07:03:14] [32MINFO[39M: STEP: Filling element [data-test="username"] with: standard_user
[2026-09-25 07:03:14] [32MINFO[39M: STEP: Filling element [data-test="password"] with: secret_sauce
[2026-09-25 07:03:14] [32MINFO[39M: STEP: Clicking element: [data-test="login-button"]
[2026-09-25 07:03:14] [32MINFO[39M: ========== TEST STARTED: Cart Test ==========
[2026-09-25 07:03:14] [32MINFO[39M: Test Case: TC-004 - Verify "Checkout" button navigates to checkout page
[2026-09-25 07:03:14] [32MINFO[39M: ✓ ASSERTION PASSED: Inventory container is visible
[2026-09-25 07:03:14] [32MINFO[39M: Adding product to cart: Sauce Labs Backpack
[2026-09-25 07:03:15] [32MINFO[39M: Added Sauce Labs Backpack to cart
[2026-09-25 07:03:15] [32MINFO[39M: Text from .shopping_cart_badge: 1
[2026-09-25 07:03:15] [32MINFO[39M: ✓ ASSERTION PASSED: Cart badge count is 1 after adding product
[2026-09-25 07:03:15] [32MINFO[39M: STEP: Clicking element: [data-test="shopping-cart-link"]
[2026-09-25 07:03:15] [32MINFO[39M: Clicked cart icon to navigate to cart page
[2026-09-25 07:03:15] [32MINFO[39M: STEP: Waiting for element: [data-test="cart-contents-container"]
[2026-09-25 07:03:15] [32MINFO[39M: ✓ ASSERTION PASSED: Cart page is displayed
[2026-09-25 07:03:15] [32MINFO[39M: ✓ ASSERTION PASSED: Product "Sauce Labs Backpack" is in cart
[2026-09-25 07:03:15] [32MINFO[39M: ✓ ASSERTION PASSED: Checkout button is visible
[2026-09-25 07:03:15] [32MINFO[39M: STEP: Clicking element: [data-test="checkout"]
[2026-09-25 07:03:15] [32MINFO[39M: Clicked Checkout button
[2026-09-25 07:03:15] [32MINFO[39M: STEP: Waiting for element: [data-test="checkout-info-container"]
[2026-09-25 07:03:15] [32MINFO[39M: ✓ ASSERTION PASSED: URL contains checkout-step-one.html
[2026-09-25 07:03:15] [32MINFO[39M: ✓ ASSERTION PASSED: Checkout page is displayed
[2026-09-25 07:03:15] [32MINFO[39M: ========== TEST ENDED: Cart Test - Completed ==========
]]>
</system-out>
</testcase>
</testsuite>
<testsuite name="checkout/checkout-overview.spec.js" timestamp="2026-09-25T07:02:58.359Z" hostname="chromium" tests="2" failures="1" skipped="0" time="4.691" errors="0">
<testcase name="Checkout - Checkout Overview Page Tests › TC-001: Verify product details and complete order" classname="checkout/checkout-overview.spec.js" time="3.525">
<failure message="checkout-overview.spec.js:40:5 TC-001: Verify product details and complete order" type="FAILURE">
<![CDATA[  [chromium] › checkout/checkout-overview.spec.js:40:5 › Checkout - Checkout Overview Page Tests › TC-001: Verify product details and complete order 

    Error: expect(received).toBeTruthy()

    Received: false

      79 |         const checkoutCompleteContainer = '[data-test="checkout-complete-container"]';
      80 |         const isCompletePageDisplayed = await checkoutOverviewPage.isVisible(checkoutCompleteContainer);
    > 81 |         expect(isCompletePageDisplayed).toBeTruthy();
         |                                         ^
      82 |         logger.assertion('Checkout complete page is displayed', isCompletePageDisplayed);
      83 |
      84 |         // Verify success message header
        at /Users/runner/work/MyPetTAF/MyPetTAF/tests/checkout/checkout-overview.spec.js:81:41

    attachment #1: screenshot (image/png) ──────────────────────────────────────────────────────────
    ../test-results/checkout-checkout-overview-a0e9f--details-and-complete-order-chromium/test-failed-1.png
    ────────────────────────────────────────────────────────────────────────────────────────────────

    attachment #2: video (video/webm) ──────────────────────────────────────────────────────────────
    ../test-results/checkout-checkout-overview-a0e9f--details-and-complete-order-chromium/video.webm
    ────────────────────────────────────────────────────────────────────────────────────────────────

    Error Context: ../test-results/checkout-checkout-overview-a0e9f--details-and-complete-order-chromium/error-context.md

    attachment #4: trace (application/zip) ─────────────────────────────────────────────────────────
    ../test-results/checkout-checkout-overview-a0e9f--details-and-complete-order-chromium/trace.zip
    Usage:

        npx playwright show-trace ../test-results/checkout-checkout-overview-a0e9f--details-and-complete-order-chromium/trace.zip

    ────────────────────────────────────────────────────────────────────────────────────────────────

    Retry #1 ───────────────────────────────────────────────────────────────────────────────────────

    Error: expect(received).toBeTruthy()

    Received: false

      79 |         const checkoutCompleteContainer = '[data-test="checkout-complete-container"]';
      80 |         const isCompletePageDisplayed = await checkoutOverviewPage.isVisible(checkoutCompleteContainer);
    > 81 |         expect(isCompletePageDisplayed).toBeTruthy();
         |                                         ^
      82 |         logger.assertion('Checkout complete page is displayed', isCompletePageDisplayed);
      83 |
      84 |         // Verify success message header
        at /Users/runner/work/MyPetTAF/MyPetTAF/tests/checkout/checkout-overview.spec.js:81:41

    attachment #1: screenshot (image/png) ──────────────────────────────────────────────────────────
    ../test-results/checkout-checkout-overview-a0e9f--details-and-complete-order-chromium-retry1/test-failed-1.png
    ────────────────────────────────────────────────────────────────────────────────────────────────

    attachment #2: video (video/webm) ──────────────────────────────────────────────────────────────
    ../test-results/checkout-checkout-overview-a0e9f--details-and-complete-order-chromium-retry1/video.webm
    ────────────────────────────────────────────────────────────────────────────────────────────────

    Error Context: ../test-results/checkout-checkout-overview-a0e9f--details-and-complete-order-chromium-retry1/error-context.md

    attachment #4: trace (application/zip) ─────────────────────────────────────────────────────────
    ../test-results/checkout-checkout-overview-a0e9f--details-and-complete-order-chromium-retry1/trace.zip
    Usage:

        npx playwright show-trace ../test-results/checkout-checkout-overview-a0e9f--details-and-complete-order-chromium-retry1/trace.zip

    ────────────────────────────────────────────────────────────────────────────────────────────────

    Retry #2 ───────────────────────────────────────────────────────────────────────────────────────

    Error: expect(received).toBeTruthy()

    Received: false

      79 |         const checkoutCompleteContainer = '[data-test="checkout-complete-container"]';
      80 |         const isCompletePageDisplayed = await checkoutOverviewPage.isVisible(checkoutCompleteContainer);
    > 81 |         expect(isCompletePageDisplayed).toBeTruthy();
         |                                         ^
      82 |         logger.assertion('Checkout complete page is displayed', isCompletePageDisplayed);
      83 |
      84 |         // Verify success message header
        at /Users/runner/work/MyPetTAF/MyPetTAF/tests/checkout/checkout-overview.spec.js:81:41

    attachment #1: screenshot (image/png) ──────────────────────────────────────────────────────────
    ../test-results/checkout-checkout-overview-a0e9f--details-and-complete-order-chromium-retry2/test-failed-1.png
    ────────────────────────────────────────────────────────────────────────────────────────────────

    attachment #2: video (video/webm) ──────────────────────────────────────────────────────────────
    ../test-results/checkout-checkout-overview-a0e9f--details-and-complete-order-chromium-retry2/video.webm
    ────────────────────────────────────────────────────────────────────────────────────────────────

    Error Context: ../test-results/checkout-checkout-overview-a0e9f--details-and-complete-order-chromium-retry2/error-context.md

    attachment #4: trace (application/zip) ─────────────────────────────────────────────────────────
    ../test-results/checkout-checkout-overview-a0e9f--details-and-complete-order-chromium-retry2/trace.zip
    Usage:

        npx playwright show-trace ../test-results/checkout-checkout-overview-a0e9f--details-and-complete-order-chromium-retry2/trace.zip

    ────────────────────────────────────────────────────────────────────────────────────────────────
]]>
</failure>
<system-out>
<![CDATA[[2026-09-25 07:03:12] [32MINFO[39M: STEP: Navigating to: https://www.saucedemo.com
[2026-09-25 07:03:12] [32MINFO[39M: STEP: Filling element [data-test="username"] with: standard_user
[2026-09-25 07:03:13] [32MINFO[39M: STEP: Filling element [data-test="password"] with: secret_sauce
[2026-09-25 07:03:13] [32MINFO[39M: STEP: Clicking element: [data-test="login-button"]
[2026-09-25 07:03:13] [32MINFO[39M: ========== TEST STARTED: Checkout Overview Page Test ==========
[2026-09-25 07:03:13] [32MINFO[39M: Selected product: Sauce Labs Backpack, Price: $29.99
[2026-09-25 07:03:13] [32MINFO[39M: STEP: Clicking element: [data-test="shopping-cart-link"]
[2026-09-25 07:03:13] [32MINFO[39M: STEP: Clicking element: [data-test="checkout"]
[2026-09-25 07:03:13] [32MINFO[39M: STEP: Waiting for element: [data-test="checkout-info-container"]
[2026-09-25 07:03:13] [32MINFO[39M: STEP: Filling element [data-test="firstName"] with: John
[2026-09-25 07:03:13] [32MINFO[39M: STEP: Filling element [data-test="lastName"] with: Doe
[2026-09-25 07:03:13] [32MINFO[39M: STEP: Filling element [data-test="postalCode"] with: 12345
[2026-09-25 07:03:13] [32MINFO[39M: STEP: Clicking element: [data-test="continue"]
[2026-09-25 07:03:13] [32MINFO[39M: STEP: Waiting for element: [data-test="checkout-summary-container"]
[2026-09-25 07:03:13] [32MINFO[39M: Test Case: TC-001 - Verify product details and complete order
[2026-09-25 07:03:13] [32MINFO[39M: ✓ ASSERTION PASSED: Checkout overview contains 1 item
[2026-09-25 07:03:13] [32MINFO[39M: Overview item details - Name: Sauce Labs Backpack, Price: $29.99, Quantity: 1
[2026-09-25 07:03:13] [32MINFO[39M: ✓ ASSERTION PASSED: Product name matches: "Sauce Labs Backpack"
[2026-09-25 07:03:13] [32MINFO[39M: ✓ ASSERTION PASSED: Product description matches
[2026-09-25 07:03:13] [32MINFO[39M: ✓ ASSERTION PASSED: Product price matches: $29.99
[2026-09-25 07:03:13] [32MINFO[39M: ✓ ASSERTION PASSED: Product quantity is 1
[2026-09-25 07:03:13] [32MINFO[39M: STEP: Clicking element: [data-test="finish"]
[2026-09-25 07:03:13] [32MINFO[39M: Clicked finish button
[2026-09-25 07:03:13] [32MINFO[39M: ✓ ASSERTION PASSED: Navigated to checkout complete page
[2026-09-25 07:03:13] [32MINFO[39M: ========== TEST ENDED: Checkout Overview Page Test - Completed ==========

[[ATTACHMENT|../test-results/checkout-checkout-overview-a0e9f--details-and-complete-order-chromium/test-failed-1.png]]

[[ATTACHMENT|../test-results/checkout-checkout-overview-a0e9f--details-and-complete-order-chromium/video.webm]]

[[ATTACHMENT|../test-results/checkout-checkout-overview-a0e9f--details-and-complete-order-chromium/error-context.md]]

[[ATTACHMENT|../test-results/checkout-checkout-overview-a0e9f--details-and-complete-order-chromium/trace.zip]]
[2026-09-25 07:03:14] [32MINFO[39M: STEP: Navigating to: https://www.saucedemo.com
[2026-09-25 07:03:14] [32MINFO[39M: STEP: Filling element [data-test="username"] with: standard_user
[2026-09-25 07:03:14] [32MINFO[39M: STEP: Filling element [data-test="password"] with: secret_sauce
[2026-09-25 07:03:14] [32MINFO[39M: STEP: Clicking element: [data-test="login-button"]
[2026-09-25 07:03:14] [32MINFO[39M: ========== TEST STARTED: Checkout Overview Page Test ==========
[2026-09-25 07:03:15] [32MINFO[39M: Selected product: Sauce Labs Backpack, Price: $29.99
[2026-09-25 07:03:15] [32MINFO[39M: STEP: Clicking element: [data-test="shopping-cart-link"]
[2026-09-25 07:03:15] [32MINFO[39M: STEP: Clicking element: [data-test="checkout"]
[2026-09-25 07:03:15] [32MINFO[39M: STEP: Waiting for element: [data-test="checkout-info-container"]
[2026-09-25 07:03:15] [32MINFO[39M: STEP: Filling element [data-test="firstName"] with: John
[2026-09-25 07:03:15] [32MINFO[39M: STEP: Filling element [data-test="lastName"] with: Doe
[2026-09-25 07:03:15] [32MINFO[39M: STEP: Filling element [data-test="postalCode"] with: 12345
[2026-09-25 07:03:15] [32MINFO[39M: STEP: Clicking element: [data-test="continue"]
[2026-09-25 07:03:15] [32MINFO[39M: STEP: Waiting for element: [data-test="checkout-summary-container"]
[2026-09-25 07:03:15] [32MINFO[39M: Test Case: TC-001 - Verify product details and complete order
[2026-09-25 07:03:15] [32MINFO[39M: ✓ ASSERTION PASSED: Checkout overview contains 1 item
[2026-09-25 07:03:15] [32MINFO[39M: Overview item details - Name: Sauce Labs Backpack, Price: $29.99, Quantity: 1
[2026-09-25 07:03:15] [32MINFO[39M: ✓ ASSERTION PASSED: Product name matches: "Sauce Labs Backpack"
[2026-09-25 07:03:15] [32MINFO[39M: ✓ ASSERTION PASSED: Product description matches
[2026-09-25 07:03:15] [32MINFO[39M: ✓ ASSERTION PASSED: Product price matches: $29.99
[2026-09-25 07:03:15] [32MINFO[39M: ✓ ASSERTION PASSED: Product quantity is 1
[2026-09-25 07:03:15] [32MINFO[39M: STEP: Clicking element: [data-test="finish"]
[2026-09-25 07:03:15] [32MINFO[39M: Clicked finish button
[2026-09-25 07:03:15] [32MINFO[39M: ✓ ASSERTION PASSED: Navigated to checkout complete page
[2026-09-25 07:03:15] [32MINFO[39M: ========== TEST ENDED: Checkout Overview Page Test - Completed ==========

[[ATTACHMENT|../test-results/checkout-checkout-overview-a0e9f--details-and-complete-order-chromium-retry1/test-failed-1.png]]

[[ATTACHMENT|../test-results/checkout-checkout-overview-a0e9f--details-and-complete-order-chromium-retry1/video.webm]]

[[ATTACHMENT|../test-results/checkout-checkout-overview-a0e9f--details-and-complete-order-chromium-retry1/error-context.md]]

[[ATTACHMENT|../test-results/checkout-checkout-overview-a0e9f--details-and-complete-order-chromium-retry1/trace.zip]]
[2026-09-25 07:03:16] [32MINFO[39M: STEP: Navigating to: https://www.saucedemo.com
[2026-09-25 07:03:16] [32MINFO[39M: STEP: Filling element [data-test="username"] with: standard_user
[2026-09-25 07:03:16] [32MINFO[39M: STEP: Filling element [data-test="password"] with: secret_sauce
[2026-09-25 07:03:16] [32MINFO[39M: STEP: Clicking element: [data-test="login-button"]
[2026-09-25 07:03:17] [32MINFO[39M: ========== TEST STARTED: Checkout Overview Page Test ==========
[2026-09-25 07:03:17] [32MINFO[39M: Selected product: Sauce Labs Backpack, Price: $29.99
[2026-09-25 07:03:17] [32MINFO[39M: STEP: Clicking element: [data-test="shopping-cart-link"]
[2026-09-25 07:03:17] [32MINFO[39M: STEP: Clicking element: [data-test="checkout"]
[2026-09-25 07:03:17] [32MINFO[39M: STEP: Waiting for element: [data-test="checkout-info-container"]
[2026-09-25 07:03:17] [32MINFO[39M: STEP: Filling element [data-test="firstName"] with: John
[2026-09-25 07:03:17] [32MINFO[39M: STEP: Filling element [data-test="lastName"] with: Doe
[2026-09-25 07:03:17] [32MINFO[39M: STEP: Filling element [data-test="postalCode"] with: 12345
[2026-09-25 07:03:17] [32MINFO[39M: STEP: Clicking element: [data-test="continue"]
[2026-09-25 07:03:17] [32MINFO[39M: STEP: Waiting for element: [data-test="checkout-summary-container"]
[2026-09-25 07:03:17] [32MINFO[39M: Test Case: TC-001 - Verify product details and complete order
[2026-09-25 07:03:17] [32MINFO[39M: ✓ ASSERTION PASSED: Checkout overview contains 1 item
[2026-09-25 07:03:17] [32MINFO[39M: Overview item details - Name: Sauce Labs Backpack, Price: $29.99, Quantity: 1
[2026-09-25 07:03:17] [32MINFO[39M: ✓ ASSERTION PASSED: Product name matches: "Sauce Labs Backpack"
[2026-09-25 07:03:17] [32MINFO[39M: ✓ ASSERTION PASSED: Product description matches
[2026-09-25 07:03:17] [32MINFO[39M: ✓ ASSERTION PASSED: Product price matches: $29.99
[2026-09-25 07:03:17] [32MINFO[39M: ✓ ASSERTION PASSED: Product quantity is 1
[2026-09-25 07:03:17] [32MINFO[39M: STEP: Clicking element: [data-test="finish"]
[2026-09-25 07:03:17] [32MINFO[39M: Clicked finish button
[2026-09-25 07:03:17] [32MINFO[39M: ✓ ASSERTION PASSED: Navigated to checkout complete page
[2026-09-25 07:03:17] [32MINFO[39M: ========== TEST ENDED: Checkout Overview Page Test - Completed ==========

[[ATTACHMENT|../test-results/checkout-checkout-overview-a0e9f--details-and-complete-order-chromium-retry2/test-failed-1.png]]

[[ATTACHMENT|../test-results/checkout-checkout-overview-a0e9f--details-and-complete-order-chromium-retry2/video.webm]]

[[ATTACHMENT|../test-results/checkout-checkout-overview-a0e9f--details-and-complete-order-chromium-retry2/error-context.md]]

[[ATTACHMENT|../test-results/checkout-checkout-overview-a0e9f--details-and-complete-order-chromium-retry2/trace.zip]]
]]>
</system-out>
</testcase>
<testcase name="Checkout - Checkout Overview Page Tests › TC-002: Verify cancel button navigation" classname="checkout/checkout-overview.spec.js" time="1.166">
<system-out>
<![CDATA[[2026-09-25 07:03:15] [32MINFO[39M: STEP: Navigating to: https://www.saucedemo.com
[2026-09-25 07:03:15] [32MINFO[39M: STEP: Filling element [data-test="username"] with: standard_user
[2026-09-25 07:03:15] [32MINFO[39M: STEP: Filling element [data-test="password"] with: secret_sauce
[2026-09-25 07:03:15] [32MINFO[39M: STEP: Clicking element: [data-test="login-button"]
[2026-09-25 07:03:15] [32MINFO[39M: ========== TEST STARTED: Checkout Overview Page Test ==========
[2026-09-25 07:03:15] [32MINFO[39M: Selected product: Sauce Labs Backpack, Price: $29.99
[2026-09-25 07:03:15] [32MINFO[39M: STEP: Clicking element: [data-test="shopping-cart-link"]
[2026-09-25 07:03:15] [32MINFO[39M: STEP: Clicking element: [data-test="checkout"]
[2026-09-25 07:03:16] [32MINFO[39M: STEP: Waiting for element: [data-test="checkout-info-container"]
[2026-09-25 07:03:16] [32MINFO[39M: STEP: Filling element [data-test="firstName"] with: John
[2026-09-25 07:03:16] [32MINFO[39M: STEP: Filling element [data-test="lastName"] with: Doe
[2026-09-25 07:03:16] [32MINFO[39M: STEP: Filling element [data-test="postalCode"] with: 12345
[2026-09-25 07:03:16] [32MINFO[39M: STEP: Clicking element: [data-test="continue"]
[2026-09-25 07:03:16] [32MINFO[39M: STEP: Waiting for element: [data-test="checkout-summary-container"]
[2026-09-25 07:03:16] [32MINFO[39M: Test Case: TC-002 - Verify cancel button navigation
[2026-09-25 07:03:16] [32MINFO[39M: STEP: Clicking element: [data-test="cancel"]
[2026-09-25 07:03:16] [32MINFO[39M: Clicked cancel button
[2026-09-25 07:03:16] [32MINFO[39M: ✓ ASSERTION PASSED: Navigated to inventory page
[2026-09-25 07:03:16] [32MINFO[39M: STEP: Waiting for element: [data-test="inventory-container"]
[2026-09-25 07:03:16] [32MINFO[39M: ✓ ASSERTION PASSED: Inventory page is displayed
[2026-09-25 07:03:16] [32MINFO[39M: ========== TEST ENDED: Checkout Overview Page Test - Completed ==========
]]>
</system-out>
</testcase>
</testsuite>
<testsuite name="checkout/checkout.spec.js" timestamp="2026-09-25T07:02:58.359Z" hostname="chromium" tests="3" failures="2" skipped="0" time="9.004" errors="0">
<testcase name="Checkout - Checkout Page Tests › TC-001: Verify filling checkout form with valid data and continue to checkout overview" classname="checkout/checkout.spec.js" time="2.829">
<failure message="checkout.spec.js:26:5 TC-001: Verify filling checkout form with valid data and continue to checkout overview" type="FAILURE">
<![CDATA[  [chromium] › checkout/checkout.spec.js:26:5 › Checkout - Checkout Page Tests › TC-001: Verify filling checkout form with valid data and continue to checkout overview 

    TypeError: Cannot read properties of undefined (reading 'click')

       at ../pages/InventoryPage.js:156

      154 |   async addToCartByIndex(index) {
      155 |     const addButtons = await this.page.locator('button[data-test^="add-to-cart"]').all();
    > 156 |     await addButtons[index].click();
          |                             ^
      157 |   }
      158 |
      159 |   /**
        at InventoryPage.addToCartByIndex (/Users/runner/work/MyPetTAF/MyPetTAF/pages/InventoryPage.js:156:29)
        at /Users/runner/work/MyPetTAF/MyPetTAF/tests/checkout/checkout.spec.js:16:9

    attachment #1: screenshot (image/png) ──────────────────────────────────────────────────────────
    ../test-results/checkout-checkout-Checkout-13351-ntinue-to-checkout-overview-chromium/test-failed-1.png
    ────────────────────────────────────────────────────────────────────────────────────────────────

    attachment #2: video (video/webm) ──────────────────────────────────────────────────────────────
    ../test-results/checkout-checkout-Checkout-13351-ntinue-to-checkout-overview-chromium/video.webm
    ────────────────────────────────────────────────────────────────────────────────────────────────

    Error Context: ../test-results/checkout-checkout-Checkout-13351-ntinue-to-checkout-overview-chromium/error-context.md

    attachment #4: trace (application/zip) ─────────────────────────────────────────────────────────
    ../test-results/checkout-checkout-Checkout-13351-ntinue-to-checkout-overview-chromium/trace.zip
    Usage:

        npx playwright show-trace ../test-results/checkout-checkout-Checkout-13351-ntinue-to-checkout-overview-chromium/trace.zip

    ────────────────────────────────────────────────────────────────────────────────────────────────

    Retry #1 ───────────────────────────────────────────────────────────────────────────────────────

    TypeError: Cannot read properties of undefined (reading 'click')

       at ../pages/InventoryPage.js:156

      154 |   async addToCartByIndex(index) {
      155 |     const addButtons = await this.page.locator('button[data-test^="add-to-cart"]').all();
    > 156 |     await addButtons[index].click();
          |                             ^
      157 |   }
      158 |
      159 |   /**
        at InventoryPage.addToCartByIndex (/Users/runner/work/MyPetTAF/MyPetTAF/pages/InventoryPage.js:156:29)
        at /Users/runner/work/MyPetTAF/MyPetTAF/tests/checkout/checkout.spec.js:16:9

    attachment #1: screenshot (image/png) ──────────────────────────────────────────────────────────
    ../test-results/checkout-checkout-Checkout-13351-ntinue-to-checkout-overview-chromium-retry1/test-failed-1.png
    ────────────────────────────────────────────────────────────────────────────────────────────────

    attachment #2: video (video/webm) ──────────────────────────────────────────────────────────────
    ../test-results/checkout-checkout-Checkout-13351-ntinue-to-checkout-overview-chromium-retry1/video.webm
    ────────────────────────────────────────────────────────────────────────────────────────────────

    Error Context: ../test-results/checkout-checkout-Checkout-13351-ntinue-to-checkout-overview-chromium-retry1/error-context.md

    attachment #4: trace (application/zip) ─────────────────────────────────────────────────────────
    ../test-results/checkout-checkout-Checkout-13351-ntinue-to-checkout-overview-chromium-retry1/trace.zip
    Usage:

        npx playwright show-trace ../test-results/checkout-checkout-Checkout-13351-ntinue-to-checkout-overview-chromium-retry1/trace.zip

    ────────────────────────────────────────────────────────────────────────────────────────────────

    Retry #2 ───────────────────────────────────────────────────────────────────────────────────────

    TypeError: Cannot read properties of undefined (reading 'click')

       at ../pages/InventoryPage.js:156

      154 |   async addToCartByIndex(index) {
      155 |     const addButtons = await this.page.locator('button[data-test^="add-to-cart"]').all();
    > 156 |     await addButtons[index].click();
          |                             ^
      157 |   }
      158 |
      159 |   /**
        at InventoryPage.addToCartByIndex (/Users/runner/work/MyPetTAF/MyPetTAF/pages/InventoryPage.js:156:29)
        at /Users/runner/work/MyPetTAF/MyPetTAF/tests/checkout/checkout.spec.js:16:9

    attachment #1: screenshot (image/png) ──────────────────────────────────────────────────────────
    ../test-results/checkout-checkout-Checkout-13351-ntinue-to-checkout-overview-chromium-retry2/test-failed-1.png
    ────────────────────────────────────────────────────────────────────────────────────────────────

    attachment #2: video (video/webm) ──────────────────────────────────────────────────────────────
    ../test-results/checkout-checkout-Checkout-13351-ntinue-to-checkout-overview-chromium-retry2/video.webm
    ────────────────────────────────────────────────────────────────────────────────────────────────

    Error Context: ../test-results/checkout-checkout-Checkout-13351-ntinue-to-checkout-overview-chromium-retry2/error-context.md

    attachment #4: trace (application/zip) ─────────────────────────────────────────────────────────
    ../test-results/checkout-checkout-Checkout-13351-ntinue-to-checkout-overview-chromium-retry2/trace.zip
    Usage:

        npx playwright show-trace ../test-results/checkout-checkout-Checkout-13351-ntinue-to-checkout-overview-chromium-retry2/trace.zip

    ────────────────────────────────────────────────────────────────────────────────────────────────
]]>
</failure>
<system-out>
<![CDATA[[2026-09-25 07:03:16] [32MINFO[39M: STEP: Navigating to: https://www.saucedemo.com
[2026-09-25 07:03:16] [32MINFO[39M: STEP: Filling element [data-test="username"] with: standard_user
[2026-09-25 07:03:16] [32MINFO[39M: STEP: Filling element [data-test="password"] with: secret_sauce
[2026-09-25 07:03:16] [32MINFO[39M: STEP: Clicking element: [data-test="login-button"]
[2026-09-25 07:03:17] [32MINFO[39M: ========== TEST STARTED: Checkout Page Test ==========
[2026-09-25 07:03:17] [32MINFO[39M: ========== TEST ENDED: Checkout Page Test - Completed ==========

[[ATTACHMENT|../test-results/checkout-checkout-Checkout-13351-ntinue-to-checkout-overview-chromium/test-failed-1.png]]

[[ATTACHMENT|../test-results/checkout-checkout-Checkout-13351-ntinue-to-checkout-overview-chromium/video.webm]]

[[ATTACHMENT|../test-results/checkout-checkout-Checkout-13351-ntinue-to-checkout-overview-chromium/error-context.md]]

[[ATTACHMENT|../test-results/checkout-checkout-Checkout-13351-ntinue-to-checkout-overview-chromium/trace.zip]]
[2026-09-25 07:03:18] [32MINFO[39M: STEP: Navigating to: https://www.saucedemo.com
[2026-09-25 07:03:18] [32MINFO[39M: STEP: Filling element [data-test="username"] with: standard_user
[2026-09-25 07:03:18] [32MINFO[39M: STEP: Filling element [data-test="password"] with: secret_sauce
[2026-09-25 07:03:18] [32MINFO[39M: STEP: Clicking element: [data-test="login-button"]
[2026-09-25 07:03:18] [32MINFO[39M: ========== TEST STARTED: Checkout Page Test ==========
[2026-09-25 07:03:18] [32MINFO[39M: ========== TEST ENDED: Checkout Page Test - Completed ==========

[[ATTACHMENT|../test-results/checkout-checkout-Checkout-13351-ntinue-to-checkout-overview-chromium-retry1/test-failed-1.png]]

[[ATTACHMENT|../test-results/checkout-checkout-Checkout-13351-ntinue-to-checkout-overview-chromium-retry1/video.webm]]

[[ATTACHMENT|../test-results/checkout-checkout-Checkout-13351-ntinue-to-checkout-overview-chromium-retry1/error-context.md]]

[[ATTACHMENT|../test-results/checkout-checkout-Checkout-13351-ntinue-to-checkout-overview-chromium-retry1/trace.zip]]
[2026-09-25 07:03:19] [32MINFO[39M: STEP: Navigating to: https://www.saucedemo.com
[2026-09-25 07:03:20] [32MINFO[39M: STEP: Filling element [data-test="username"] with: standard_user
[2026-09-25 07:03:20] [32MINFO[39M: STEP: Filling element [data-test="password"] with: secret_sauce
[2026-09-25 07:03:20] [32MINFO[39M: STEP: Clicking element: [data-test="login-button"]
[2026-09-25 07:03:20] [32MINFO[39M: ========== TEST STARTED: Checkout Page Test ==========
[2026-09-25 07:03:20] [32MINFO[39M: ========== TEST ENDED: Checkout Page Test - Completed ==========

[[ATTACHMENT|../test-results/checkout-checkout-Checkout-13351-ntinue-to-checkout-overview-chromium-retry2/test-failed-1.png]]

[[ATTACHMENT|../test-results/checkout-checkout-Checkout-13351-ntinue-to-checkout-overview-chromium-retry2/video.webm]]

[[ATTACHMENT|../test-results/checkout-checkout-Checkout-13351-ntinue-to-checkout-overview-chromium-retry2/error-context.md]]

[[ATTACHMENT|../test-results/checkout-checkout-Checkout-13351-ntinue-to-checkout-overview-chromium-retry2/trace.zip]]
]]>
</system-out>
</testcase>
<testcase name="Checkout - Checkout Page Tests › TC-002: Verify cancel button returns to cart page" classname="checkout/checkout.spec.js" time="3.292">
<failure message="checkout.spec.js:63:5 TC-002: Verify cancel button returns to cart page" type="FAILURE">
<![CDATA[  [chromium] › checkout/checkout.spec.js:63:5 › Checkout - Checkout Page Tests › TC-002: Verify cancel button returns to cart page 

    Error: expect(received).toBeTruthy()

    Received: false

      76 |         // Verify cart page is displayed
      77 |         const isCartPageDisplayed = await cartPage.isCartPageDisplayed();
    > 78 |         expect(isCartPageDisplayed).toBeTruthy();
         |                                     ^
      79 |         logger.assertion('Cart page is displayed', isCartPageDisplayed);
      80 |
      81 |         // Verify cart still contains the item (item added in beforeEach)
        at /Users/runner/work/MyPetTAF/MyPetTAF/tests/checkout/checkout.spec.js:78:37

    attachment #1: screenshot (image/png) ──────────────────────────────────────────────────────────
    ../test-results/checkout-checkout-Checkout-1b370-button-returns-to-cart-page-chromium/test-failed-1.png
    ────────────────────────────────────────────────────────────────────────────────────────────────

    attachment #2: video (video/webm) ──────────────────────────────────────────────────────────────
    ../test-results/checkout-checkout-Checkout-1b370-button-returns-to-cart-page-chromium/video.webm
    ────────────────────────────────────────────────────────────────────────────────────────────────

    Error Context: ../test-results/checkout-checkout-Checkout-1b370-button-returns-to-cart-page-chromium/error-context.md

    attachment #4: trace (application/zip) ─────────────────────────────────────────────────────────
    ../test-results/checkout-checkout-Checkout-1b370-button-returns-to-cart-page-chromium/trace.zip
    Usage:

        npx playwright show-trace ../test-results/checkout-checkout-Checkout-1b370-button-returns-to-cart-page-chromium/trace.zip

    ────────────────────────────────────────────────────────────────────────────────────────────────

    Retry #1 ───────────────────────────────────────────────────────────────────────────────────────

    TypeError: Cannot read properties of undefined (reading 'click')

       at ../pages/InventoryPage.js:156

      154 |   async addToCartByIndex(index) {
      155 |     const addButtons = await this.page.locator('button[data-test^="add-to-cart"]').all();
    > 156 |     await addButtons[index].click();
          |                             ^
      157 |   }
      158 |
      159 |   /**
        at InventoryPage.addToCartByIndex (/Users/runner/work/MyPetTAF/MyPetTAF/pages/InventoryPage.js:156:29)
        at /Users/runner/work/MyPetTAF/MyPetTAF/tests/checkout/checkout.spec.js:16:9

    attachment #1: screenshot (image/png) ──────────────────────────────────────────────────────────
    ../test-results/checkout-checkout-Checkout-1b370-button-returns-to-cart-page-chromium-retry1/test-failed-1.png
    ────────────────────────────────────────────────────────────────────────────────────────────────

    attachment #2: video (video/webm) ──────────────────────────────────────────────────────────────
    ../test-results/checkout-checkout-Checkout-1b370-button-returns-to-cart-page-chromium-retry1/video.webm
    ────────────────────────────────────────────────────────────────────────────────────────────────

    Error Context: ../test-results/checkout-checkout-Checkout-1b370-button-returns-to-cart-page-chromium-retry1/error-context.md

    attachment #4: trace (application/zip) ─────────────────────────────────────────────────────────
    ../test-results/checkout-checkout-Checkout-1b370-button-returns-to-cart-page-chromium-retry1/trace.zip
    Usage:

        npx playwright show-trace ../test-results/checkout-checkout-Checkout-1b370-button-returns-to-cart-page-chromium-retry1/trace.zip

    ────────────────────────────────────────────────────────────────────────────────────────────────

    Retry #2 ───────────────────────────────────────────────────────────────────────────────────────

    Error: expect(received).toBeTruthy()

    Received: false

      76 |         // Verify cart page is displayed
      77 |         const isCartPageDisplayed = await cartPage.isCartPageDisplayed();
    > 78 |         expect(isCartPageDisplayed).toBeTruthy();
         |                                     ^
      79 |         logger.assertion('Cart page is displayed', isCartPageDisplayed);
      80 |
      81 |         // Verify cart still contains the item (item added in beforeEach)
        at /Users/runner/work/MyPetTAF/MyPetTAF/tests/checkout/checkout.spec.js:78:37

    attachment #1: screenshot (image/png) ──────────────────────────────────────────────────────────
    ../test-results/checkout-checkout-Checkout-1b370-button-returns-to-cart-page-chromium-retry2/test-failed-1.png
    ────────────────────────────────────────────────────────────────────────────────────────────────

    attachment #2: video (video/webm) ──────────────────────────────────────────────────────────────
    ../test-results/checkout-checkout-Checkout-1b370-button-returns-to-cart-page-chromium-retry2/video.webm
    ────────────────────────────────────────────────────────────────────────────────────────────────

    Error Context: ../test-results/checkout-checkout-Checkout-1b370-button-returns-to-cart-page-chromium-retry2/error-context.md

    attachment #4: trace (application/zip) ─────────────────────────────────────────────────────────
    ../test-results/checkout-checkout-Checkout-1b370-button-returns-to-cart-page-chromium-retry2/trace.zip
    Usage:

        npx playwright show-trace ../test-results/checkout-checkout-Checkout-1b370-button-returns-to-cart-page-chromium-retry2/trace.zip

    ────────────────────────────────────────────────────────────────────────────────────────────────
]]>
</failure>
<system-out>
<![CDATA[[2026-09-25 07:03:18] [32MINFO[39M: STEP: Navigating to: https://www.saucedemo.com
[2026-09-25 07:03:18] [32MINFO[39M: STEP: Filling element [data-test="username"] with: standard_user
[2026-09-25 07:03:18] [32MINFO[39M: STEP: Filling element [data-test="password"] with: secret_sauce
[2026-09-25 07:03:18] [32MINFO[39M: STEP: Clicking element: [data-test="login-button"]
[2026-09-25 07:03:18] [32MINFO[39M: ========== TEST STARTED: Checkout Page Test ==========
[2026-09-25 07:03:19] [32MINFO[39M: STEP: Clicking element: [data-test="shopping-cart-link"]
[2026-09-25 07:03:19] [32MINFO[39M: STEP: Clicking element: [data-test="checkout"]
[2026-09-25 07:03:19] [32MINFO[39M: STEP: Waiting for element: [data-test="checkout-info-container"]
[2026-09-25 07:03:19] [32MINFO[39M: Test Case: TC-002 - Verify cancel button returns to cart page
[2026-09-25 07:03:19] [32MINFO[39M: STEP: Clicking element: [data-test="cancel"]
[2026-09-25 07:03:19] [32MINFO[39M: Clicked cancel button
[2026-09-25 07:03:19] [32MINFO[39M: ✓ ASSERTION PASSED: Navigated back to cart page
[2026-09-25 07:03:19] [32MINFO[39M: ========== TEST ENDED: Checkout Page Test - Completed ==========

[[ATTACHMENT|../test-results/checkout-checkout-Checkout-1b370-button-returns-to-cart-page-chromium/test-failed-1.png]]

[[ATTACHMENT|../test-results/checkout-checkout-Checkout-1b370-button-returns-to-cart-page-chromium/video.webm]]

[[ATTACHMENT|../test-results/checkout-checkout-Checkout-1b370-button-returns-to-cart-page-chromium/error-context.md]]

[[ATTACHMENT|../test-results/checkout-checkout-Checkout-1b370-button-returns-to-cart-page-chromium/trace.zip]]
[2026-09-25 07:03:20] [32MINFO[39M: STEP: Navigating to: https://www.saucedemo.com
[2026-09-25 07:03:20] [32MINFO[39M: STEP: Filling element [data-test="username"] with: standard_user
[2026-09-25 07:03:20] [32MINFO[39M: STEP: Filling element [data-test="password"] with: secret_sauce
[2026-09-25 07:03:20] [32MINFO[39M: STEP: Clicking element: [data-test="login-button"]
[2026-09-25 07:03:20] [32MINFO[39M: ========== TEST STARTED: Checkout Page Test ==========
[2026-09-25 07:03:21] [32MINFO[39M: ========== TEST ENDED: Checkout Page Test - Completed ==========

[[ATTACHMENT|../test-results/checkout-checkout-Checkout-1b370-button-returns-to-cart-page-chromium-retry1/test-failed-1.png]]

[[ATTACHMENT|../test-results/checkout-checkout-Checkout-1b370-button-returns-to-cart-page-chromium-retry1/video.webm]]

[[ATTACHMENT|../test-results/checkout-checkout-Checkout-1b370-button-returns-to-cart-page-chromium-retry1/error-context.md]]

[[ATTACHMENT|../test-results/checkout-checkout-Checkout-1b370-button-returns-to-cart-page-chromium-retry1/trace.zip]]
[2026-09-25 07:03:22] [32MINFO[39M: STEP: Navigating to: https://www.saucedemo.com
[2026-09-25 07:03:22] [32MINFO[39M: STEP: Filling element [data-test="username"] with: standard_user
[2026-09-25 07:03:22] [32MINFO[39M: STEP: Filling element [data-test="password"] with: secret_sauce
[2026-09-25 07:03:22] [32MINFO[39M: STEP: Clicking element: [data-test="login-button"]
[2026-09-25 07:03:22] [32MINFO[39M: ========== TEST STARTED: Checkout Page Test ==========
[2026-09-25 07:03:23] [32MINFO[39M: STEP: Clicking element: [data-test="shopping-cart-link"]
[2026-09-25 07:03:23] [32MINFO[39M: STEP: Clicking element: [data-test="checkout"]
[2026-09-25 07:03:23] [32MINFO[39M: STEP: Waiting for element: [data-test="checkout-info-container"]
[2026-09-25 07:03:23] [32MINFO[39M: Test Case: TC-002 - Verify cancel button returns to cart page
[2026-09-25 07:03:23] [32MINFO[39M: STEP: Clicking element: [data-test="cancel"]
[2026-09-25 07:03:23] [32MINFO[39M: Clicked cancel button
[2026-09-25 07:03:23] [32MINFO[39M: ✓ ASSERTION PASSED: Navigated back to cart page
[2026-09-25 07:03:23] [32MINFO[39M: ========== TEST ENDED: Checkout Page Test - Completed ==========

[[ATTACHMENT|../test-results/checkout-checkout-Checkout-1b370-button-returns-to-cart-page-chromium-retry2/test-failed-1.png]]

[[ATTACHMENT|../test-results/checkout-checkout-Checkout-1b370-button-returns-to-cart-page-chromium-retry2/video.webm]]

[[ATTACHMENT|../test-results/checkout-checkout-Checkout-1b370-button-returns-to-cart-page-chromium-retry2/error-context.md]]

[[ATTACHMENT|../test-results/checkout-checkout-Checkout-1b370-button-returns-to-cart-page-chromium-retry2/trace.zip]]
]]>
</system-out>
</testcase>
<testcase name="Checkout - Checkout Page Tests › TC-003: Verify error messages for empty required fields" classname="checkout/checkout.spec.js" time="2.883">
<system-out>
<![CDATA[[2026-09-25 07:03:22] [32MINFO[39M: STEP: Navigating to: https://www.saucedemo.com
[2026-09-25 07:03:22] [32MINFO[39M: STEP: Filling element [data-test="username"] with: standard_user
[2026-09-25 07:03:22] [32MINFO[39M: STEP: Filling element [data-test="password"] with: secret_sauce
[2026-09-25 07:03:22] [32MINFO[39M: STEP: Clicking element: [data-test="login-button"]
[2026-09-25 07:03:22] [32MINFO[39M: ========== TEST STARTED: Checkout Page Test ==========
[2026-09-25 07:03:22] [32MINFO[39M: ========== TEST ENDED: Checkout Page Test - Completed ==========

[[ATTACHMENT|../test-results/checkout-checkout-Checkout-2c4aa-s-for-empty-required-fields-chromium/test-failed-1.png]]

[[ATTACHMENT|../test-results/checkout-checkout-Checkout-2c4aa-s-for-empty-required-fields-chromium/video.webm]]

[[ATTACHMENT|../test-results/checkout-checkout-Checkout-2c4aa-s-for-empty-required-fields-chromium/error-context.md]]

[[ATTACHMENT|../test-results/checkout-checkout-Checkout-2c4aa-s-for-empty-required-fields-chromium/trace.zip]]
[2026-09-25 07:03:24] [32MINFO[39M: STEP: Navigating to: https://www.saucedemo.com
[2026-09-25 07:03:24] [32MINFO[39M: STEP: Filling element [data-test="username"] with: standard_user
[2026-09-25 07:03:24] [32MINFO[39M: STEP: Filling element [data-test="password"] with: secret_sauce
[2026-09-25 07:03:24] [32MINFO[39M: STEP: Clicking element: [data-test="login-button"]
[2026-09-25 07:03:24] [32MINFO[39M: ========== TEST STARTED: Checkout Page Test ==========
[2026-09-25 07:03:24] [32MINFO[39M: STEP: Clicking element: [data-test="shopping-cart-link"]
[2026-09-25 07:03:24] [32MINFO[39M: STEP: Clicking element: [data-test="checkout"]
[2026-09-25 07:03:24] [32MINFO[39M: STEP: Waiting for element: [data-test="checkout-info-container"]
[2026-09-25 07:03:25] [32MINFO[39M: Test Case: TC-003 - Verify error messages for empty required fields
[2026-09-25 07:03:25] [32MINFO[39M: Testing validation for empty first name
[2026-09-25 07:03:25] [32MINFO[39M: STEP: Filling element [data-test="lastName"] with: Doe
[2026-09-25 07:03:25] [32MINFO[39M: STEP: Filling element [data-test="postalCode"] with: 12345
[2026-09-25 07:03:25] [32MINFO[39M: STEP: Clicking element: [data-test="continue"]
[2026-09-25 07:03:25] [32MINFO[39M: Clicked continue button with empty first name
[2026-09-25 07:03:25] [32MINFO[39M: ✓ ASSERTION PASSED: Error message is displayed for empty first name
[2026-09-25 07:03:25] [32MINFO[39M: Text from [data-test="error"]: Error: First Name is required
[2026-09-25 07:03:25] [32MINFO[39M: ✓ ASSERTION PASSED: Error message contains "First Name is required"
[2026-09-25 07:03:25] [32MINFO[39M: STEP: Waiting for element: [data-test="checkout-info-container"]
[2026-09-25 07:03:25] [32MINFO[39M: Testing validation for empty last name
[2026-09-25 07:03:25] [32MINFO[39M: STEP: Filling element [data-test="firstName"] with: John
[2026-09-25 07:03:25] [32MINFO[39M: STEP: Filling element [data-test="postalCode"] with: 12345
[2026-09-25 07:03:25] [32MINFO[39M: STEP: Clicking element: [data-test="continue"]
[2026-09-25 07:03:25] [32MINFO[39M: Clicked continue button with empty last name
[2026-09-25 07:03:25] [32MINFO[39M: ✓ ASSERTION PASSED: Error message is displayed for empty last name
[2026-09-25 07:03:25] [32MINFO[39M: Text from [data-test="error"]: Error: Last Name is required
[2026-09-25 07:03:25] [32MINFO[39M: ✓ ASSERTION PASSED: Error message contains "Last Name is required"
[2026-09-25 07:03:25] [32MINFO[39M: STEP: Waiting for element: [data-test="checkout-info-container"]
[2026-09-25 07:03:25] [32MINFO[39M: Testing validation for empty postal code
[2026-09-25 07:03:25] [32MINFO[39M: STEP: Filling element [data-test="firstName"] with: John
[2026-09-25 07:03:25] [32MINFO[39M: STEP: Filling element [data-test="lastName"] with: Doe
[2026-09-25 07:03:25] [32MINFO[39M: STEP: Clicking element: [data-test="continue"]
[2026-09-25 07:03:25] [32MINFO[39M: Clicked continue button with empty postal code
[2026-09-25 07:03:25] [32MINFO[39M: ✓ ASSERTION PASSED: Error message is displayed for empty postal code
[2026-09-25 07:03:25] [32MINFO[39M: Text from [data-test="error"]: Error: Postal Code is required
[2026-09-25 07:03:25] [32MINFO[39M: ✓ ASSERTION PASSED: Error message contains "Postal Code is required"
[2026-09-25 07:03:25] [32MINFO[39M: ========== TEST ENDED: Checkout Page Test - Completed ==========
]]>
</system-out>
</testcase>
</testsuite>
<testsuite name="inventory/inventory.spec.js" timestamp="2026-09-25T07:02:58.359Z" hostname="chromium" tests="8" failures="1" skipped="0" time="76.238" errors="0">
<testcase name="Inventory - Inventory Tests › TC-001: Verify all items are present in inventory page" classname="inventory/inventory.spec.js" time="1.931">
<system-out>
<![CDATA[[2026-09-25 07:03:24] [32MINFO[39M: STEP: Navigating to: https://www.saucedemo.com
[2026-09-25 07:03:25] [32MINFO[39M: STEP: Filling element [data-test="username"] with: standard_user
[2026-09-25 07:03:25] [32MINFO[39M: STEP: Filling element [data-test="password"] with: secret_sauce
[2026-09-25 07:03:25] [32MINFO[39M: STEP: Clicking element: [data-test="login-button"]
[2026-09-25 07:03:25] [32MINFO[39M: ========== TEST STARTED: Inventory Test ==========
[2026-09-25 07:03:25] [32MINFO[39M: Test Case: TC-001 - All items are present in inventory page
[2026-09-25 07:03:25] [32MINFO[39M: ========== TEST ENDED: Inventory Test - Completed ==========

[[ATTACHMENT|../test-results/inventory-inventory-Invent-e2262-e-present-in-inventory-page-chromium/test-failed-1.png]]

[[ATTACHMENT|../test-results/inventory-inventory-Invent-e2262-e-present-in-inventory-page-chromium/video.webm]]

[[ATTACHMENT|../test-results/inventory-inventory-Invent-e2262-e-present-in-inventory-page-chromium/error-context.md]]

[[ATTACHMENT|../test-results/inventory-inventory-Invent-e2262-e-present-in-inventory-page-chromium/trace.zip]]
[2026-09-25 07:03:26] [32MINFO[39M: STEP: Navigating to: https://www.saucedemo.com
[2026-09-25 07:03:26] [32MINFO[39M: STEP: Filling element [data-test="username"] with: standard_user
[2026-09-25 07:03:26] [32MINFO[39M: STEP: Filling element [data-test="password"] with: secret_sauce
[2026-09-25 07:03:26] [32MINFO[39M: STEP: Clicking element: [data-test="login-button"]
[2026-09-25 07:03:26] [32MINFO[39M: ========== TEST STARTED: Inventory Test ==========
[2026-09-25 07:03:26] [32MINFO[39M: Test Case: TC-001 - All items are present in inventory page
[2026-09-25 07:03:26] [32MINFO[39M: ✓ ASSERTION PASSED: Inventory container is visible
[2026-09-25 07:03:27] [32MINFO[39M: ✓ ASSERTION PASSED: Sauce Labs Backpack is displayed
[2026-09-25 07:03:27] [32MINFO[39M: ✓ ASSERTION PASSED: Sauce Labs Bike Light is displayed
[2026-09-25 07:03:27] [32MINFO[39M: ✓ ASSERTION PASSED: Sauce Labs Bolt T-Shirt is displayed
[2026-09-25 07:03:27] [32MINFO[39M: ✓ ASSERTION PASSED: Sauce Labs Fleece Jacket is displayed
[2026-09-25 07:03:27] [32MINFO[39M: ✓ ASSERTION PASSED: Sauce Labs Onesie is displayed
[2026-09-25 07:03:27] [32MINFO[39M: ✓ ASSERTION PASSED: Test.allTheThings() T-Shirt (Red) is displayed
[2026-09-25 07:03:27] [32MINFO[39M: ========== TEST ENDED: Inventory Test - Completed ==========
]]>
</system-out>
</testcase>
<testcase name="Inventory - Inventory Tests › TC-002: Verify all navigation in inventory page" classname="inventory/inventory.spec.js" time="64.176">
<failure message="inventory.spec.js:49:5 TC-002: Verify all navigation in inventory page" type="FAILURE">
<![CDATA[  [chromium] › inventory/inventory.spec.js:49:5 › Inventory - Inventory Tests › TC-002: Verify all navigation in inventory page 

    Error: expect(received).toBeTruthy()

    Received: false

      53 |         // Assert
      54 |         const isInventoryDisplayed = await inventoryPage.isInventoryDisplayed();
    > 55 |         expect(isInventoryDisplayed).toBeTruthy();
         |                                      ^
      56 |         logger.assertion('Inventory container is visible', isInventoryDisplayed);
      57 |
      58 |         // Validate all products navigation elements lead to correct product details page
        at /Users/runner/work/MyPetTAF/MyPetTAF/tests/inventory/inventory.spec.js:55:38

    attachment #1: screenshot (image/png) ──────────────────────────────────────────────────────────
    ../test-results/inventory-inventory-Invent-1f724-avigation-in-inventory-page-chromium/test-failed-1.png
    ────────────────────────────────────────────────────────────────────────────────────────────────

    attachment #2: video (video/webm) ──────────────────────────────────────────────────────────────
    ../test-results/inventory-inventory-Invent-1f724-avigation-in-inventory-page-chromium/video.webm
    ────────────────────────────────────────────────────────────────────────────────────────────────

    Error Context: ../test-results/inventory-inventory-Invent-1f724-avigation-in-inventory-page-chromium/error-context.md

    attachment #4: trace (application/zip) ─────────────────────────────────────────────────────────
    ../test-results/inventory-inventory-Invent-1f724-avigation-in-inventory-page-chromium/trace.zip
    Usage:

        npx playwright show-trace ../test-results/inventory-inventory-Invent-1f724-avigation-in-inventory-page-chromium/trace.zip

    ────────────────────────────────────────────────────────────────────────────────────────────────

    Retry #1 ───────────────────────────────────────────────────────────────────────────────────────

    Test timeout of 30000ms exceeded.

    Error: page.click: Test timeout of 30000ms exceeded.
    Call log:
      - waiting for locator('[data-test="back-to-products"]')
        - locator resolved to <button id="back-to-products" name="back-to-products" data-test="back-to-products" class="btn btn_secondary back btn_large inventory_details_back_button">…</button>
      - attempting click action
        - waiting for element to be visible, enabled and stable
        - element is not stable
      - retrying click action
        - waiting for element to be visible, enabled and stable
      - element was detached from the DOM, retrying


       at ../pages/BasePage.js:49

      47 |   async click(selector) {
      48 |     logger.step(`Clicking element: ${selector}`);
    > 49 |     await this.page.click(selector);
         |                     ^
      50 |   }
      51 |
      52 |   /**
        at ProductDetailsPage.click (/Users/runner/work/MyPetTAF/MyPetTAF/pages/BasePage.js:49:21)
        at ProductDetailsPage.navigateBackToProducts (/Users/runner/work/MyPetTAF/MyPetTAF/pages/ProductDetailsPage.js:160:16)
        at /Users/runner/work/MyPetTAF/MyPetTAF/tests/inventory/inventory.spec.js:72:34

    attachment #1: screenshot (image/png) ──────────────────────────────────────────────────────────
    ../test-results/inventory-inventory-Invent-1f724-avigation-in-inventory-page-chromium-retry1/test-failed-1.png
    ────────────────────────────────────────────────────────────────────────────────────────────────

    attachment #2: video (video/webm) ──────────────────────────────────────────────────────────────
    ../test-results/inventory-inventory-Invent-1f724-avigation-in-inventory-page-chromium-retry1/video.webm
    ────────────────────────────────────────────────────────────────────────────────────────────────

    Error Context: ../test-results/inventory-inventory-Invent-1f724-avigation-in-inventory-page-chromium-retry1/error-context.md

[...]
    ../test-results/inventory-inventory-Invent-1f724-avigation-in-inventory-page-chromium-retry2/video.webm
    ────────────────────────────────────────────────────────────────────────────────────────────────

    Error Context: ../test-results/inventory-inventory-Invent-1f724-avigation-in-inventory-page-chromium-retry2/error-context.md

    attachment #4: trace (application/zip) ─────────────────────────────────────────────────────────
    ../test-results/inventory-inventory-Invent-1f724-avigation-in-inventory-page-chromium-retry2/trace.zip
    Usage:

        npx playwright show-trace ../test-results/inventory-inventory-Invent-1f724-avigation-in-inventory-page-chromium-retry2/trace.zip

    ────────────────────────────────────────────────────────────────────────────────────────────────
]]>
</failure>
<system-out>
<![CDATA[[2026-09-25 07:03:25] [32MINFO[39M: STEP: Navigating to: https://www.saucedemo.com
[2026-09-25 07:03:26] [32MINFO[39M: STEP: Filling element [data-test="username"] with: standard_user
[2026-09-25 07:03:26] [32MINFO[39M: STEP: Filling element [data-test="password"] with: secret_sauce
[2026-09-25 07:03:26] [32MINFO[39M: STEP: Clicking element: [data-test="login-button"]
[2026-09-25 07:03:26] [32MINFO[39M: ========== TEST STARTED: Inventory Test ==========
[2026-09-25 07:03:26] [32MINFO[39M: Test Case: TC-002 - All navigation in inventory page
[2026-09-25 07:03:26] [32MINFO[39M: ========== TEST ENDED: Inventory Test - Completed ==========

[[ATTACHMENT|../test-results/inventory-inventory-Invent-1f724-avigation-in-inventory-page-chromium/test-failed-1.png]]

[[ATTACHMENT|../test-results/inventory-inventory-Invent-1f724-avigation-in-inventory-page-chromium/video.webm]]

[[ATTACHMENT|../test-results/inventory-inventory-Invent-1f724-avigation-in-inventory-page-chromium/error-context.md]]

[[ATTACHMENT|../test-results/inventory-inventory-Invent-1f724-avigation-in-inventory-page-chromium/trace.zip]]
[2026-09-25 07:03:27] [32MINFO[39M: STEP: Navigating to: https://www.saucedemo.com
[2026-09-25 07:03:27] [32MINFO[39M: STEP: Filling element [data-test="username"] with: standard_user
[2026-09-25 07:03:27] [32MINFO[39M: STEP: Filling element [data-test="password"] with: secret_sauce
[2026-09-25 07:03:28] [32MINFO[39M: STEP: Clicking element: [data-test="login-button"]
[2026-09-25 07:03:28] [32MINFO[39M: ========== TEST STARTED: Inventory Test ==========
[2026-09-25 07:03:28] [32MINFO[39M: Test Case: TC-002 - All navigation in inventory page
[2026-09-25 07:03:28] [32MINFO[39M: ✓ ASSERTION PASSED: Inventory container is visible
[2026-09-25 07:03:28] [32MINFO[39M: ✓ ASSERTION PASSED: Sauce Labs Backpack name is displayed on product details page
[2026-09-25 07:03:28] [32MINFO[39M: STEP: Clicking element: [data-test="back-to-products"]
[2026-09-25 07:03:28] [32MINFO[39M: ✓ ASSERTION PASSED: Sauce Labs Bike Light name is displayed on product details page
[2026-09-25 07:03:28] [32MINFO[39M: STEP: Clicking element: [data-test="back-to-products"]
[2026-09-25 07:03:57] [32MINFO[39M: ========== TEST ENDED: Inventory Test - Completed ==========

[[ATTACHMENT|../test-results/inventory-inventory-Invent-1f724-avigation-in-inventory-page-chromium-retry1/test-failed-1.png]]

[[ATTACHMENT|../test-results/inventory-inventory-Invent-1f724-avigation-in-inventory-page-chromium-retry1/video.webm]]

[[ATTACHMENT|../test-results/inventory-inventory-Invent-1f724-avigation-in-inventory-page-chromium-retry1/error-context.md]]

[[ATTACHMENT|../test-results/inventory-inventory-Invent-1f724-avigation-in-inventory-page-chromium-retry1/trace.zip]]
[2026-09-25 07:04:01] [32MINFO[39M: STEP: Navigating to: https://www.saucedemo.com
[2026-09-25 07:04:01] [32MINFO[39M: STEP: Filling element [data-test="username"] with: standard_user
[2026-09-25 07:04:01] [32MINFO[39M: STEP: Filling element [data-test="password"] with: secret_sauce
[2026-09-25 07:04:01] [32MINFO[39M: STEP: Clicking element: [data-test="login-button"]
[2026-09-25 07:04:01] [32MINFO[39M: ========== TEST STARTED: Inventory Test ==========
[2026-09-25 07:04:01] [32MINFO[39M: Test Case: TC-002 - All navigation in inventory page
[2026-09-25 07:04:01] [32MINFO[39M: ✓ ASSERTION PASSED: Inventory container is visible
[2026-09-25 07:04:01] [32MINFO[39M: ✓ ASSERTION PASSED: Sauce Labs Backpack name is displayed on product details page
[2026-09-25 07:04:01] [32MINFO[39M: STEP: Clicking element: [data-test="back-to-products"]
[2026-09-25 07:04:02] [32MINFO[39M: ✓ ASSERTION PASSED: Sauce Labs Bike Light name is displayed on product details page
[2026-09-25 07:04:02] [32MINFO[39M: STEP: Clicking element: [data-test="back-to-products"]
[2026-09-25 07:04:02] [32MINFO[39M: ✓ ASSERTION PASSED: Sauce Labs Bolt T-Shirt name is displayed on product details page
[2026-09-25 07:04:02] [32MINFO[39M: STEP: Clicking element: [data-test="back-to-products"]
[2026-09-25 07:04:30] [32MINFO[39M: ========== TEST ENDED: Inventory Test - Completed ==========

[[ATTACHMENT|../test-results/inventory-inventory-Invent-1f724-avigation-in-inventory-page-chromium-retry2/test-failed-1.png]]

[[ATTACHMENT|../test-results/inventory-inventory-Invent-1f724-avigation-in-inventory-page-chromium-retry2/video.webm]]

[[ATTACHMENT|../test-results/inventory-inventory-Invent-1f724-avigation-in-inventory-page-chromium-retry2/error-context.md]]

[[ATTACHMENT|../test-results/inventory-inventory-Invent-1f724-avigation-in-inventory-page-chromium-retry2/trace.zip]]
]]>
</system-out>
</testcase>
<testcase name="Inventory - Inventory Tests › TC-003: Verify sorting products by Name (A to Z)" classname="inventory/inventory.spec.js" time="1.916">
<system-out>
<![CDATA[[2026-09-25 07:03:27] [32MINFO[39M: STEP: Navigating to: https://www.saucedemo.com
[2026-09-25 07:03:27] [32MINFO[39M: STEP: Filling element [data-test="username"] with: standard_user
[2026-09-25 07:03:27] [32MINFO[39M: STEP: Filling element [data-test="password"] with: secret_sauce
[2026-09-25 07:03:27] [32MINFO[39M: STEP: Clicking element: [data-test="login-button"]
[2026-09-25 07:03:27] [32MINFO[39M: ========== TEST STARTED: Inventory Test ==========
[2026-09-25 07:03:27] [32MINFO[39M: Test Case: TC-003 - Verify sorting products by Name (A to Z)
[2026-09-25 07:03:28] [32MINFO[39M: ========== TEST ENDED: Inventory Test - Completed ==========

[[ATTACHMENT|../test-results/inventory-inventory-Invent-07599-ng-products-by-Name-A-to-Z--chromium/test-failed-1.png]]

[[ATTACHMENT|../test-results/inventory-inventory-Invent-07599-ng-products-by-Name-A-to-Z--chromium/video.webm]]

[[ATTACHMENT|../test-results/inventory-inventory-Invent-07599-ng-products-by-Name-A-to-Z--chromium/error-context.md]]

[[ATTACHMENT|../test-results/inventory-inventory-Invent-07599-ng-products-by-Name-A-to-Z--chromium/trace.zip]]
[2026-09-25 07:03:29] [32MINFO[39M: STEP: Navigating to: https://www.saucedemo.com
[2026-09-25 07:03:29] [32MINFO[39M: STEP: Filling element [data-test="username"] with: standard_user
[2026-09-25 07:03:29] [32MINFO[39M: STEP: Filling element [data-test="password"] with: secret_sauce
[2026-09-25 07:03:29] [32MINFO[39M: STEP: Clicking element: [data-test="login-button"]
[2026-09-25 07:03:29] [32MINFO[39M: ========== TEST STARTED: Inventory Test ==========
[2026-09-25 07:03:29] [32MINFO[39M: Test Case: TC-003 - Verify sorting products by Name (A to Z)
[2026-09-25 07:03:30] [32MINFO[39M: ✓ ASSERTION PASSED: Inventory container is visible
[2026-09-25 07:03:30] [32MINFO[39M: Text from [data-test="active-option"]: Name (A to Z)
[2026-09-25 07:03:30] [32MINFO[39M: ✓ ASSERTION PASSED: Default active sort option is "Name (A to Z)"
[2026-09-25 07:03:30] [32MINFO[39M: Products before sort: Sauce Labs Backpack, Sauce Labs Bike Light, Sauce Labs Bolt T-Shirt, Sauce Labs Fleece Jacket, Sauce Labs Onesie, Test.allTheThings() T-Shirt (Red)
[2026-09-25 07:03:30] [32MINFO[39M: ✓ ASSERTION PASSED: Products are sorted by name A to Z by default
[2026-09-25 07:03:30] [32MINFO[39M: Text from [data-test="active-option"]: Name (A to Z)
[2026-09-25 07:03:30] [32MINFO[39M: ✓ ASSERTION PASSED: Active sort option displays "Name (A to Z)"
[2026-09-25 07:03:30] [32MINFO[39M: Products after sort: Sauce Labs Backpack, Sauce Labs Bike Light, Sauce Labs Bolt T-Shirt, Sauce Labs Fleece Jacket, Sauce Labs Onesie, Test.allTheThings() T-Shirt (Red)
[2026-09-25 07:03:30] [32MINFO[39M: ✓ ASSERTION PASSED: Products are sorted by name A to Z
[2026-09-25 07:03:30] [32MINFO[39M: ========== TEST ENDED: Inventory Test - Completed ==========
]]>
</system-out>
</testcase>
<testcase name="Inventory - Inventory Tests › TC-004: Verify sorting products by Name (Z to A)" classname="inventory/inventory.spec.js" time="0.966">
<system-out>
<![CDATA[[2026-09-25 07:03:30] [32MINFO[39M: STEP: Navigating to: https://www.saucedemo.com
[2026-09-25 07:03:30] [32MINFO[39M: STEP: Filling element [data-test="username"] with: standard_user
[2026-09-25 07:03:30] [32MINFO[39M: STEP: Filling element [data-test="password"] with: secret_sauce
[2026-09-25 07:03:30] [32MINFO[39M: STEP: Clicking element: [data-test="login-button"]
[2026-09-25 07:03:30] [32MINFO[39M: ========== TEST STARTED: Inventory Test ==========
[2026-09-25 07:03:30] [32MINFO[39M: Test Case: TC-004 - Verify sorting products by Name (Z to A)
[2026-09-25 07:03:30] [32MINFO[39M: ✓ ASSERTION PASSED: Inventory container is visible
[2026-09-25 07:03:31] [32MINFO[39M: Products before sort: Sauce Labs Backpack, Sauce Labs Bike Light, Sauce Labs Bolt T-Shirt, Sauce Labs Fleece Jacket, Sauce Labs Onesie, Test.allTheThings() T-Shirt (Red)
[2026-09-25 07:03:31] [32MINFO[39M: Text from [data-test="active-option"]: Name (Z to A)
[2026-09-25 07:03:31] [32MINFO[39M: ✓ ASSERTION PASSED: Active sort option displays "Name (Z to A)"
[2026-09-25 07:03:31] [32MINFO[39M: Products after sort: Test.allTheThings() T-Shirt (Red), Sauce Labs Onesie, Sauce Labs Fleece Jacket, Sauce Labs Bolt T-Shirt, Sauce Labs Bike Light, Sauce Labs Backpack
[2026-09-25 07:03:31] [32MINFO[39M: ✓ ASSERTION PASSED: Products are sorted by name Z to A
[2026-09-25 07:03:31] [32MINFO[39M: ========== TEST ENDED: Inventory Test - Completed ==========
]]>
</system-out>
</testcase>
<testcase name="Inventory - Inventory Tests › TC-005: Verify sorting products by Price (low to high)" classname="inventory/inventory.spec.js" time="2.117">
<system-out>
<![CDATA[[2026-09-25 07:03:31] [32MINFO[39M: STEP: Navigating to: https://www.saucedemo.com
[2026-09-25 07:03:31] [32MINFO[39M: STEP: Filling element [data-test="username"] with: standard_user
[2026-09-25 07:03:31] [32MINFO[39M: STEP: Filling element [data-test="password"] with: secret_sauce
[2026-09-25 07:03:31] [32MINFO[39M: STEP: Clicking element: [data-test="login-button"]
[2026-09-25 07:03:31] [32MINFO[39M: ========== TEST STARTED: Inventory Test ==========
[2026-09-25 07:03:31] [32MINFO[39M: Test Case: TC-005 - Verify sorting products by Price (low to high)
[2026-09-25 07:03:32] [32MINFO[39M: ========== TEST ENDED: Inventory Test - Completed ==========

[[ATTACHMENT|../test-results/inventory-inventory-Invent-24965-ducts-by-Price-low-to-high--chromium/test-failed-1.png]]

[[ATTACHMENT|../test-results/inventory-inventory-Invent-24965-ducts-by-Price-low-to-high--chromium/video.webm]]

[[ATTACHMENT|../test-results/inventory-inventory-Invent-24965-ducts-by-Price-low-to-high--chromium/error-context.md]]

[[ATTACHMENT|../test-results/inventory-inventory-Invent-24965-ducts-by-Price-low-to-high--chromium/trace.zip]]
[2026-09-25 07:03:33] [32MINFO[39M: STEP: Navigating to: https://www.saucedemo.com
[2026-09-25 07:03:33] [32MINFO[39M: STEP: Filling element [data-test="username"] with: standard_user
[2026-09-25 07:03:33] [32MINFO[39M: STEP: Filling element [data-test="password"] with: secret_sauce
[2026-09-25 07:03:33] [32MINFO[39M: STEP: Clicking element: [data-test="login-button"]
[2026-09-25 07:03:34] [32MINFO[39M: ========== TEST STARTED: Inventory Test ==========
[2026-09-25 07:03:34] [32MINFO[39M: Test Case: TC-005 - Verify sorting products by Price (low to high)
[2026-09-25 07:03:34] [32MINFO[39M: ✓ ASSERTION PASSED: Inventory container is visible
[2026-09-25 07:03:34] [32MINFO[39M: Product prices before sort: $29.99, $9.99, $15.99, $49.99, $7.99, $15.99
[2026-09-25 07:03:34] [32MINFO[39M: Text from [data-test="active-option"]: Price (low to high)
[2026-09-25 07:03:34] [32MINFO[39M: ✓ ASSERTION PASSED: Active sort option displays "Price (low to high)"
[2026-09-25 07:03:34] [32MINFO[39M: Product prices after sort: $7.99, $9.99, $15.99, $15.99, $29.99, $49.99
[2026-09-25 07:03:34] [32MINFO[39M: ✓ ASSERTION PASSED: Products are sorted by price low to high
[2026-09-25 07:03:34] [32MINFO[39M: ========== TEST ENDED: Inventory Test - Completed ==========
]]>
</system-out>
</testcase>
<testcase name="Inventory - Inventory Tests › TC-006: Verify sorting products by Price (high to low)" classname="inventory/inventory.spec.js" time="2.228">
<system-out>
<![CDATA[[2026-09-25 07:03:34] [32MINFO[39M: STEP: Navigating to: https://www.saucedemo.com
[2026-09-25 07:03:35] [32MINFO[39M: STEP: Filling element [data-test="username"] with: standard_user
[2026-09-25 07:03:35] [32MINFO[39M: STEP: Filling element [data-test="password"] with: secret_sauce
[2026-09-25 07:03:35] [32MINFO[39M: STEP: Clicking element: [data-test="login-button"]
[2026-09-25 07:03:35] [32MINFO[39M: ========== TEST STARTED: Inventory Test ==========
[2026-09-25 07:03:35] [32MINFO[39M: Test Case: TC-006 - Verify sorting products by Price (high to low)
[2026-09-25 07:03:35] [32MINFO[39M: ========== TEST ENDED: Inventory Test - Completed ==========

[[ATTACHMENT|../test-results/inventory-inventory-Invent-b0248-ducts-by-Price-high-to-low--chromium/test-failed-1.png]]

[[ATTACHMENT|../test-results/inventory-inventory-Invent-b0248-ducts-by-Price-high-to-low--chromium/video.webm]]

[[ATTACHMENT|../test-results/inventory-inventory-Invent-b0248-ducts-by-Price-high-to-low--chromium/error-context.md]]

[[ATTACHMENT|../test-results/inventory-inventory-Invent-b0248-ducts-by-Price-high-to-low--chromium/trace.zip]]
[2026-09-25 07:03:36] [32MINFO[39M: STEP: Navigating to: https://www.saucedemo.com
[2026-09-25 07:03:37] [32MINFO[39M: STEP: Filling element [data-test="username"] with: standard_user
[2026-09-25 07:03:37] [32MINFO[39M: STEP: Filling element [data-test="password"] with: secret_sauce
[2026-09-25 07:03:37] [32MINFO[39M: STEP: Clicking element: [data-test="login-button"]
[2026-09-25 07:03:37] [32MINFO[39M: ========== TEST STARTED: Inventory Test ==========
[2026-09-25 07:03:37] [32MINFO[39M: Test Case: TC-006 - Verify sorting products by Price (high to low)
[2026-09-25 07:03:37] [32MINFO[39M: ✓ ASSERTION PASSED: Inventory container is visible
[2026-09-25 07:03:37] [32MINFO[39M: Product prices before sort: $29.99, $9.99, $15.99, $49.99, $7.99, $15.99
[2026-09-25 07:03:37] [32MINFO[39M: Text from [data-test="active-option"]: Price (high to low)
[2026-09-25 07:03:37] [32MINFO[39M: ✓ ASSERTION PASSED: Active sort option displays "Price (high to low)"
[2026-09-25 07:03:37] [32MINFO[39M: Product prices after sort: $49.99, $29.99, $15.99, $15.99, $9.99, $7.99
[2026-09-25 07:03:37] [32MINFO[39M: ✓ ASSERTION PASSED: Products are sorted by price high to low
[2026-09-25 07:03:37] [32MINFO[39M: ========== TEST ENDED: Inventory Test - Completed ==========
]]>
</system-out>
</testcase>
<testcase name="Inventory - Inventory Tests › TC-007: Verify &quot;Add to cart&quot; button changes to &quot;Remove&quot; and cart badge updates" classname="inventory/inventory.spec.js" time="2.014">
<system-out>
<![CDATA[[2026-09-25 07:03:38] [32MINFO[39M: STEP: Navigating to: https://www.saucedemo.com
[2026-09-25 07:03:38] [32MINFO[39M: STEP: Filling element [data-test="username"] with: standard_user
[2026-09-25 07:03:38] [32MINFO[39M: STEP: Filling element [data-test="password"] with: secret_sauce
[2026-09-25 07:03:38] [32MINFO[39M: STEP: Clicking element: [data-test="login-button"]
[2026-09-25 07:03:38] [32MINFO[39M: ========== TEST STARTED: Inventory Test ==========
[2026-09-25 07:03:38] [32MINFO[39M: Test Case: TC-007 - Verify "Add to cart" button changes to "Remove" and cart badge updates
[2026-09-25 07:03:38] [32MINFO[39M: ========== TEST ENDED: Inventory Test - Completed ==========

[[ATTACHMENT|../test-results/inventory-inventory-Invent-d0738-move-and-cart-badge-updates-chromium/test-failed-1.png]]

[[ATTACHMENT|../test-results/inventory-inventory-Invent-d0738-move-and-cart-badge-updates-chromium/video.webm]]

[[ATTACHMENT|../test-results/inventory-inventory-Invent-d0738-move-and-cart-badge-updates-chromium/error-context.md]]

[[ATTACHMENT|../test-results/inventory-inventory-Invent-d0738-move-and-cart-badge-updates-chromium/trace.zip]]
[2026-09-25 07:03:40] [32MINFO[39M: STEP: Navigating to: https://www.saucedemo.com
[2026-09-25 07:03:40] [32MINFO[39M: STEP: Filling element [data-test="username"] with: standard_user
[2026-09-25 07:03:40] [32MINFO[39M: STEP: Filling element [data-test="password"] with: secret_sauce
[2026-09-25 07:03:40] [32MINFO[39M: STEP: Clicking element: [data-test="login-button"]
[2026-09-25 07:03:40] [32MINFO[39M: ========== TEST STARTED: Inventory Test ==========
[2026-09-25 07:03:40] [32MINFO[39M: Test Case: TC-007 - Verify "Add to cart" button changes to "Remove" and cart badge updates
[2026-09-25 07:03:40] [32MINFO[39M: ✓ ASSERTION PASSED: Inventory container is visible
[2026-09-25 07:03:40] [32MINFO[39M: ✓ ASSERTION PASSED: Initial cart badge count is 0
[2026-09-25 07:03:41] [32MINFO[39M: Selected random product: Sauce Labs Bike Light (index: 1)
[2026-09-25 07:03:41] [32MINFO[39M: ✓ ASSERTION PASSED: Initial button text is "Add to cart" for Sauce Labs Bike Light
[2026-09-25 07:03:41] [32MINFO[39M: Added Sauce Labs Bike Light to cart
[2026-09-25 07:03:41] [32MINFO[39M: ✓ ASSERTION PASSED: Button text changed to "Remove" for Sauce Labs Bike Light
[2026-09-25 07:03:41] [32MINFO[39M: Text from .shopping_cart_badge: 1
[2026-09-25 07:03:41] [32MINFO[39M: ✓ ASSERTION PASSED: Cart badge count updated to 1
[2026-09-25 07:03:41] [32MINFO[39M: ========== TEST ENDED: Inventory Test - Completed ==========
]]>
</system-out>
</testcase>
<testcase name="Inventory - Inventory Tests › TC-008: Verify removing product from inventory page decreases cart count" classname="inventory/inventory.spec.js" time="0.89">
<system-out>
<![CDATA[[2026-09-25 07:03:41] [32MINFO[39M: STEP: Navigating to: https://www.saucedemo.com
[2026-09-25 07:03:41] [32MINFO[39M: STEP: Filling element [data-test="username"] with: standard_user
[2026-09-25 07:03:41] [32MINFO[39M: STEP: Filling element [data-test="password"] with: secret_sauce
[2026-09-25 07:03:41] [32MINFO[39M: STEP: Clicking element: [data-test="login-button"]
[2026-09-25 07:03:41] [32MINFO[39M: ========== TEST STARTED: Inventory Test ==========
[2026-09-25 07:03:41] [32MINFO[39M: Test Case: TC-008 - Verify removing product from inventory page decreases cart count
[2026-09-25 07:03:41] [32MINFO[39M: ✓ ASSERTION PASSED: Inventory container is visible
[2026-09-25 07:03:41] [32MINFO[39M: ✓ ASSERTION PASSED: Initial cart badge count is 0
[2026-09-25 07:03:41] [32MINFO[39M: Selected random product: Sauce Labs Fleece Jacket (index: 3)
[2026-09-25 07:03:41] [32MINFO[39M: Added Sauce Labs Fleece Jacket to cart
[2026-09-25 07:03:41] [32MINFO[39M: Text from .shopping_cart_badge: 1
[2026-09-25 07:03:41] [32MINFO[39M: ✓ ASSERTION PASSED: Cart badge count is 1 after adding product
[2026-09-25 07:03:41] [32MINFO[39M: ✓ ASSERTION PASSED: Button text is "Remove" for Sauce Labs Fleece Jacket
[2026-09-25 07:03:41] [32MINFO[39M: Removed Sauce Labs Fleece Jacket from cart
[2026-09-25 07:03:42] [32MINFO[39M: ✓ ASSERTION PASSED: Button text changed back to "Add to cart" for Sauce Labs Fleece Jacket
[2026-09-25 07:03:42] [32MINFO[39M: ✓ ASSERTION PASSED: Cart badge count decreased to 0
[2026-09-25 07:03:42] [32MINFO[39M: ========== TEST ENDED: Inventory Test - Completed ==========
]]>
</system-out>
</testcase>
</testsuite>
</testsuites>