<testsuites id="" name="" tests="24" failures="5" skipped="0" errors="0" time="54.900385">
<testsuite name="auth/login.spec.js" timestamp="2026-09-22T07:13:10.004Z" hostname="chromium" tests="7" failures="0" skipped="0" time="13.421" errors="0">
<testcase name="Authentication - Login Tests › TC-001: Verify successful login with valid credentials" classname="auth/login.spec.js" time="1.951">
<system-out>
<![CDATA[[2026-09-22 07:13:12] [32MINFO[39M: ========== TEST STARTED: Login Test ==========
[2026-09-22 07:13:12] [32MINFO[39M: STEP: Navigating to: https://www.saucedemo.com
[2026-09-22 07:13:12] [32MINFO[39M: Test Case: TC-001 - Successful login
[2026-09-22 07:13:12] [32MINFO[39M: STEP: Filling element [data-test="username"] with: standard_user
[2026-09-22 07:13:13] [32MINFO[39M: STEP: Filling element [data-test="password"] with: secret_sauce
[2026-09-22 07:13:13] [32MINFO[39M: STEP: Clicking element: [data-test="login-button"]
[2026-09-22 07:13:13] [32MINFO[39M: ✓ ASSERTION PASSED: User successfully logged in
[2026-09-22 07:13:13] [32MINFO[39M: ========== TEST ENDED: Login Test - Completed ==========
]]>
</system-out>
</testcase>
<testcase name="Authentication - Login Tests › TC-002: Verify login fails with invalid username" classname="auth/login.spec.js" time="2.875">
<system-out>
<![CDATA[[2026-09-22 07:13:12] [32MINFO[39M: ========== TEST STARTED: Login Test ==========
[2026-09-22 07:13:12] [32MINFO[39M: STEP: Navigating to: https://www.saucedemo.com
[2026-09-22 07:13:12] [32MINFO[39M: Test Case: TC-002 - Login with invalid username
[2026-09-22 07:13:12] [32MINFO[39M: STEP: Filling element [data-test="username"] with: invalid_user
[2026-09-22 07:13:12] [32MINFO[39M: STEP: Filling element [data-test="password"] with: secret_sauce
[2026-09-22 07:13:13] [32MINFO[39M: STEP: Clicking element: [data-test="login-button"]
[2026-09-22 07:13:13] [32MINFO[39M: STEP: Waiting for 1000ms
[2026-09-22 07:13:14] [32MINFO[39M: STEP: Waiting for element: .error-message-container
[2026-09-22 07:13:14] [32MINFO[39M: Text from .error-message-container: Epic sadface: Username and password do not match any user in this service
[2026-09-22 07:13:14] [32MINFO[39M: STEP: Waiting for element: .error-message-container
[2026-09-22 07:13:14] [32MINFO[39M: Text from .error-message-container: Epic sadface: Username and password do not match any user in this service
[2026-09-22 07:13:14] [32MINFO[39M: ✓ ASSERTION PASSED: Error message displayed for invalid username
[2026-09-22 07:13:14] [32MINFO[39M: ========== TEST ENDED: Login Test - Completed ==========
]]>
</system-out>
</testcase>
<testcase name="Authentication - Login Tests › TC-003: Verify login fails with invalid password" classname="auth/login.spec.js" time="1.733">
<system-out>
<![CDATA[[2026-09-22 07:13:13] [32MINFO[39M: ========== TEST STARTED: Login Test ==========
[2026-09-22 07:13:13] [32MINFO[39M: STEP: Navigating to: https://www.saucedemo.com
[2026-09-22 07:13:13] [32MINFO[39M: Test Case: TC-003 - Login with invalid password
[2026-09-22 07:13:13] [32MINFO[39M: STEP: Filling element [data-test="username"] with: standard_user
[2026-09-22 07:13:13] [32MINFO[39M: STEP: Filling element [data-test="password"] with: wrong_password
[2026-09-22 07:13:13] [32MINFO[39M: STEP: Clicking element: [data-test="login-button"]
[2026-09-22 07:13:14] [32MINFO[39M: STEP: Waiting for 1000ms
[2026-09-22 07:13:15] [32MINFO[39M: STEP: Waiting for element: .error-message-container
[2026-09-22 07:13:15] [32MINFO[39M: Text from .error-message-container: Epic sadface: Username and password do not match any user in this service
[2026-09-22 07:13:15] [32MINFO[39M: STEP: Waiting for element: .error-message-container
[2026-09-22 07:13:15] [32MINFO[39M: Text from .error-message-container: Epic sadface: Username and password do not match any user in this service
[2026-09-22 07:13:15] [32MINFO[39M: ✓ ASSERTION PASSED: Error message displayed for invalid password
[2026-09-22 07:13:15] [32MINFO[39M: ========== TEST ENDED: Login Test - Completed ==========
]]>
</system-out>
</testcase>
<testcase name="Authentication - Login Tests › TC-004: Verify login fails with empty username" classname="auth/login.spec.js" time="1.601">
<system-out>
<![CDATA[[2026-09-22 07:13:14] [32MINFO[39M: ========== TEST STARTED: Login Test ==========
[2026-09-22 07:13:14] [32MINFO[39M: STEP: Navigating to: https://www.saucedemo.com
[2026-09-22 07:13:14] [32MINFO[39M: Test Case: TC-004 - Login with empty username
[2026-09-22 07:13:14] [32MINFO[39M: STEP: Filling element [data-test="password"] with: secret_sauce
[2026-09-22 07:13:14] [32MINFO[39M: STEP: Clicking element: [data-test="login-button"]
[2026-09-22 07:13:14] [32MINFO[39M: STEP: Waiting for 1000ms
[2026-09-22 07:13:15] [32MINFO[39M: STEP: Waiting for element: .error-message-container
[2026-09-22 07:13:15] [32MINFO[39M: Text from .error-message-container: Epic sadface: Username is required
[2026-09-22 07:13:15] [32MINFO[39M: STEP: Waiting for element: .error-message-container
[2026-09-22 07:13:15] [32MINFO[39M: Text from .error-message-container: Epic sadface: Username is required
[2026-09-22 07:13:15] [32MINFO[39M: ✓ ASSERTION PASSED: Error message displayed for empty username
[2026-09-22 07:13:15] [32MINFO[39M: ========== TEST ENDED: Login Test - Completed ==========
]]>
</system-out>
</testcase>
<testcase name="Authentication - Login Tests › TC-005: Verify login fails with empty password" classname="auth/login.spec.js" time="1.708">
<system-out>
<![CDATA[[2026-09-22 07:13:15] [32MINFO[39M: ========== TEST STARTED: Login Test ==========
[2026-09-22 07:13:15] [32MINFO[39M: STEP: Navigating to: https://www.saucedemo.com
[2026-09-22 07:13:15] [32MINFO[39M: Test Case: TC-005 - Login with empty password
[2026-09-22 07:13:15] [32MINFO[39M: STEP: Filling element [data-test="username"] with: standard_user
[2026-09-22 07:13:15] [32MINFO[39M: STEP: Clicking element: [data-test="login-button"]
[2026-09-22 07:13:15] [32MINFO[39M: STEP: Waiting for 1000ms
[2026-09-22 07:13:16] [32MINFO[39M: STEP: Waiting for element: .error-message-container
[2026-09-22 07:13:16] [32MINFO[39M: Text from .error-message-container: Epic sadface: Password is required
[2026-09-22 07:13:16] [32MINFO[39M: STEP: Waiting for element: .error-message-container
[2026-09-22 07:13:16] [32MINFO[39M: Text from .error-message-container: Epic sadface: Password is required
[2026-09-22 07:13:16] [32MINFO[39M: ✓ ASSERTION PASSED: Error message displayed for empty password
[2026-09-22 07:13:16] [32MINFO[39M: ========== TEST ENDED: Login Test - Completed ==========
]]>
</system-out>
</testcase>
<testcase name="Authentication - Login Tests › TC-006: Verify successful logout" classname="auth/login.spec.js" time="1.324">
<system-out>
<![CDATA[[2026-09-22 07:13:16] [32MINFO[39M: ========== TEST STARTED: Login Test ==========
[2026-09-22 07:13:16] [32MINFO[39M: STEP: Navigating to: https://www.saucedemo.com
[2026-09-22 07:13:16] [32MINFO[39M: Test Case: TC-006 - Successful logout
[2026-09-22 07:13:16] [32MINFO[39M: STEP: Filling element [data-test="username"] with: standard_user
[2026-09-22 07:13:16] [32MINFO[39M: STEP: Filling element [data-test="password"] with: secret_sauce
[2026-09-22 07:13:16] [32MINFO[39M: STEP: Clicking element: [data-test="login-button"]
[2026-09-22 07:13:16] [32MINFO[39M: STEP: Clicking element: #react-burger-menu-btn
[2026-09-22 07:13:16] [32MINFO[39M: STEP: Waiting for 500ms
[2026-09-22 07:13:17] [32MINFO[39M: STEP: Clicking element: #logout_sidebar_link
[2026-09-22 07:13:17] [32MINFO[39M: ✓ ASSERTION PASSED: User successfully logged out
[2026-09-22 07:13:17] [32MINFO[39M: ========== TEST ENDED: Login Test - Completed ==========
]]>
</system-out>
</testcase>
<testcase name="Authentication - Login Tests › TC-007: Verify locked out user cannot login" classname="auth/login.spec.js" time="2.229">
<system-out>
<![CDATA[[2026-09-22 07:13:17] [32MINFO[39M: ========== TEST STARTED: Login Test ==========
[2026-09-22 07:13:17] [32MINFO[39M: STEP: Navigating to: https://www.saucedemo.com
[2026-09-22 07:13:17] [32MINFO[39M: Test Case: TC-007 - Locked out user login attempt
[2026-09-22 07:13:17] [32MINFO[39M: STEP: Filling element [data-test="username"] with: locked_out_user
[2026-09-22 07:13:17] [32MINFO[39M: STEP: Filling element [data-test="password"] with: secret_sauce
[2026-09-22 07:13:17] [32MINFO[39M: STEP: Clicking element: [data-test="login-button"]
[2026-09-22 07:13:17] [32MINFO[39M: STEP: Waiting for 1000ms
[2026-09-22 07:13:18] [32MINFO[39M: STEP: Waiting for element: .error-message-container
[2026-09-22 07:13:18] [32MINFO[39M: Text from .error-message-container: Epic sadface: Sorry, this user has been locked out.
[2026-09-22 07:13:18] [32MINFO[39M: STEP: Waiting for element: .error-message-container
[2026-09-22 07:13:18] [32MINFO[39M: Text from .error-message-container: Epic sadface: Sorry, this user has been locked out.
[2026-09-22 07:13:18] [32MINFO[39M: ✓ ASSERTION PASSED: Locked out user error message displayed
[2026-09-22 07:13:18] [32MINFO[39M: ========== TEST ENDED: Login Test - Completed ==========
]]>
</system-out>
</testcase>
</testsuite>
<testsuite name="cart/cart.spec.js" timestamp="2026-09-22T07:13:10.004Z" hostname="chromium" tests="4" failures="0" skipped="0" time="5.799" errors="0">
<testcase name="Cart - Cart Tests › TC-001: Verify cart displays correct product details (name, description, price, quantity)" classname="cart/cart.spec.js" time="1.636">
<system-out>
<![CDATA[[2026-09-22 07:13:17] [32MINFO[39M: STEP: Navigating to: https://www.saucedemo.com
[2026-09-22 07:13:18] [32MINFO[39M: STEP: Filling element [data-test="username"] with: standard_user
[2026-09-22 07:13:18] [32MINFO[39M: STEP: Filling element [data-test="password"] with: secret_sauce
[2026-09-22 07:13:18] [32MINFO[39M: STEP: Clicking element: [data-test="login-button"]
[2026-09-22 07:13:18] [32MINFO[39M: ========== TEST STARTED: Cart Test ==========
[2026-09-22 07:13:18] [32MINFO[39M: Test Case: TC-001 - Verify cart displays correct product details (name, description, price, quantity)
[2026-09-22 07:13:18] [32MINFO[39M: ✓ ASSERTION PASSED: Inventory container is visible
[2026-09-22 07:13:18] [32MINFO[39M: Selected random product: Sauce Labs Bike Light (index: 1)
[2026-09-22 07:13:18] [32MINFO[39M: Product details from inventory - Name: Sauce Labs Bike Light, Price: $9.99
[2026-09-22 07:13:18] [32MINFO[39M: Product description: A red light isn't the desired state in testing but it sure helps when riding your bike at night. Water-resistant with 3 lighting modes, 1 AAA battery included.
[2026-09-22 07:13:18] [32MINFO[39M: Added Sauce Labs Bike Light to cart
[2026-09-22 07:13:18] [32MINFO[39M: STEP: Clicking element: [data-test="shopping-cart-link"]
[2026-09-22 07:13:18] [32MINFO[39M: Clicked cart icon
[2026-09-22 07:13:18] [32MINFO[39M: STEP: Waiting for element: [data-test="cart-contents-container"]
[2026-09-22 07:13:18] [32MINFO[39M: ✓ ASSERTION PASSED: Cart page is displayed
[2026-09-22 07:13:18] [32MINFO[39M: Text from [data-test="title"]: Your Cart
[2026-09-22 07:13:18] [32MINFO[39M: ✓ ASSERTION PASSED: Cart page title is "Your Cart"
[2026-09-22 07:13:18] [32MINFO[39M: ✓ ASSERTION PASSED: Quantity label (QTY) is displayed
[2026-09-22 07:13:18] [32MINFO[39M: ✓ ASSERTION PASSED: Description label is displayed
[2026-09-22 07:13:18] [32MINFO[39M: ✓ ASSERTION PASSED: Product "Sauce Labs Bike Light" is present in cart
[2026-09-22 07:13:18] [32MINFO[39M: Product details from cart - Name: Sauce Labs Bike Light, Price: $9.99, Quantity: 1
[2026-09-22 07:13:18] [32MINFO[39M: Product description in cart: A red light isn't the desired state in testing but it sure helps when riding your bike at night. Water-resistant with 3 lighting modes, 1 AAA battery included.
[2026-09-22 07:13:18] [32MINFO[39M: ✓ ASSERTION PASSED: Product name matches: "Sauce Labs Bike Light"
[2026-09-22 07:13:18] [32MINFO[39M: ✓ ASSERTION PASSED: Product description matches
[2026-09-22 07:13:18] [32MINFO[39M: ✓ ASSERTION PASSED: Product price matches: $9.99
[2026-09-22 07:13:18] [32MINFO[39M: ✓ ASSERTION PASSED: Product quantity is 1
[2026-09-22 07:13:18] [32MINFO[39M: ✓ ASSERTION PASSED: Cart contains 1 item
[2026-09-22 07:13:18] [32MINFO[39M: ========== TEST ENDED: Cart Test - Completed ==========
]]>
</system-out>
</testcase>
<testcase name="Cart - Cart Tests › TC-002: Verify removing product from cart using &quot;Remove&quot; button" classname="cart/cart.spec.js" time="1.929">
<system-out>
<![CDATA[[2026-09-22 07:13:19] [32MINFO[39M: STEP: Navigating to: https://www.saucedemo.com
[2026-09-22 07:13:19] [32MINFO[39M: STEP: Filling element [data-test="username"] with: standard_user
[2026-09-22 07:13:19] [32MINFO[39M: STEP: Filling element [data-test="password"] with: secret_sauce
[2026-09-22 07:13:19] [32MINFO[39M: STEP: Clicking element: [data-test="login-button"]
[2026-09-22 07:13:19] [32MINFO[39M: ========== TEST STARTED: Cart Test ==========
[2026-09-22 07:13:19] [32MINFO[39M: Test Case: TC-002 - Verify removing product from cart using "Remove" button
[2026-09-22 07:13:19] [32MINFO[39M: ✓ ASSERTION PASSED: Inventory container is visible
[2026-09-22 07:13:19] [32MINFO[39M: ✓ ASSERTION PASSED: Initial cart badge count is 0
[2026-09-22 07:13:19] [32MINFO[39M: Clicked on product title: Sauce Labs Backpack
[2026-09-22 07:13:19] [32MINFO[39M: STEP: Waiting for element: [data-test="inventory-container"]
[2026-09-22 07:13:19] [32MINFO[39M: STEP: Clicking element: [data-test="add-to-cart-sauce-labs-backpack"]
[2026-09-22 07:13:19] [32MINFO[39M: Added Sauce Labs Backpack to cart
[2026-09-22 07:13:19] [32MINFO[39M: Text from .shopping_cart_badge: 1
[2026-09-22 07:13:19] [32MINFO[39M: ✓ ASSERTION PASSED: Cart badge count is 1 after adding product
[2026-09-22 07:13:19] [32MINFO[39M: STEP: Clicking element: [data-test="shopping-cart-link"]
[2026-09-22 07:13:20] [32MINFO[39M: Clicked cart icon to navigate to cart page
[2026-09-22 07:13:20] [32MINFO[39M: STEP: Waiting for element: [data-test="cart-contents-container"]
[2026-09-22 07:13:20] [32MINFO[39M: ✓ ASSERTION PASSED: Cart page is displayed
[2026-09-22 07:13:20] [32MINFO[39M: ✓ ASSERTION PASSED: Product "Sauce Labs Backpack" is in cart before removal
[2026-09-22 07:13:20] [32MINFO[39M: ✓ ASSERTION PASSED: Cart contains 1 item before removal
[2026-09-22 07:13:20] [32MINFO[39M: Clicked Remove button for Sauce Labs Backpack
[2026-09-22 07:13:20] [32MINFO[39M: ✓ ASSERTION PASSED: Product "Sauce Labs Backpack" is removed from cart
[2026-09-22 07:13:20] [32MINFO[39M: ✓ ASSERTION PASSED: Cart contains 0 items after removal
[2026-09-22 07:13:20] [32MINFO[39M: ✓ ASSERTION PASSED: Cart is empty after removing all items
[2026-09-22 07:13:20] [32MINFO[39M: ========== TEST ENDED: Cart Test - Completed ==========
]]>
</system-out>
</testcase>
<testcase name="Cart - Cart Tests › TC-003: Verify &quot;Continue Shopping&quot; button navigates back to inventory page" classname="cart/cart.spec.js" time="1.069">
<system-out>
<![CDATA[[2026-09-22 07:13:19] [32MINFO[39M: STEP: Navigating to: https://www.saucedemo.com
[2026-09-22 07:13:19] [32MINFO[39M: STEP: Filling element [data-test="username"] with: standard_user
[2026-09-22 07:13:19] [32MINFO[39M: STEP: Filling element [data-test="password"] with: secret_sauce
[2026-09-22 07:13:19] [32MINFO[39M: STEP: Clicking element: [data-test="login-button"]
[2026-09-22 07:13:19] [32MINFO[39M: ========== TEST STARTED: Cart Test ==========
[2026-09-22 07:13:19] [32MINFO[39M: Test Case: TC-003 - Verify "Continue Shopping" button navigates back to inventory page
[2026-09-22 07:13:19] [32MINFO[39M: ✓ ASSERTION PASSED: Inventory container is visible
[2026-09-22 07:13:19] [32MINFO[39M: ✓ ASSERTION PASSED: Initial cart badge count is 0
[2026-09-22 07:13:19] [32MINFO[39M: STEP: Clicking element: [data-test="shopping-cart-link"]
[2026-09-22 07:13:20] [32MINFO[39M: Clicked cart icon to navigate to cart page (empty cart)
[2026-09-22 07:13:20] [32MINFO[39M: STEP: Waiting for element: [data-test="cart-contents-container"]
[2026-09-22 07:13:20] [32MINFO[39M: ✓ ASSERTION PASSED: Cart page is displayed
[2026-09-22 07:13:20] [32MINFO[39M: ✓ ASSERTION PASSED: Cart is empty
[2026-09-22 07:13:20] [32MINFO[39M: ✓ ASSERTION PASSED: Continue Shopping button is visible
[2026-09-22 07:13:20] [32MINFO[39M: STEP: Clicking element: [data-test="continue-shopping"]
[2026-09-22 07:13:20] [32MINFO[39M: Clicked Continue Shopping button
[2026-09-22 07:13:20] [32MINFO[39M: STEP: Waiting for element: [data-test="inventory-container"]
[2026-09-22 07:13:20] [32MINFO[39M: ✓ ASSERTION PASSED: URL contains inventory.html
[2026-09-22 07:13:20] [32MINFO[39M: ✓ ASSERTION PASSED: Successfully navigated back to inventory page
[2026-09-22 07:13:20] [32MINFO[39M: ✓ ASSERTION PASSED: Cart badge count is still 0
[2026-09-22 07:13:20] [32MINFO[39M: ========== TEST ENDED: Cart Test - Completed ==========
]]>
</system-out>
</testcase>
<testcase name="Cart - Cart Tests › TC-004: Verify &quot;Checkout&quot; button navigates to checkout page" classname="cart/cart.spec.js" time="1.165">
<system-out>
<![CDATA[[2026-09-22 07:13:20] [32MINFO[39M: STEP: Navigating to: https://www.saucedemo.com
[2026-09-22 07:13:20] [32MINFO[39M: STEP: Filling element [data-test="username"] with: standard_user
[2026-09-22 07:13:20] [32MINFO[39M: STEP: Filling element [data-test="password"] with: secret_sauce
[2026-09-22 07:13:20] [32MINFO[39M: STEP: Clicking element: [data-test="login-button"]
[2026-09-22 07:13:21] [32MINFO[39M: ========== TEST STARTED: Cart Test ==========
[2026-09-22 07:13:21] [32MINFO[39M: Test Case: TC-004 - Verify "Checkout" button navigates to checkout page
[2026-09-22 07:13:21] [32MINFO[39M: ✓ ASSERTION PASSED: Inventory container is visible
[2026-09-22 07:13:21] [32MINFO[39M: Adding product to cart: Sauce Labs Backpack
[2026-09-22 07:13:21] [32MINFO[39M: Added Sauce Labs Backpack to cart
[2026-09-22 07:13:21] [32MINFO[39M: Text from .shopping_cart_badge: 1
[2026-09-22 07:13:21] [32MINFO[39M: ✓ ASSERTION PASSED: Cart badge count is 1 after adding product
[2026-09-22 07:13:21] [32MINFO[39M: STEP: Clicking element: [data-test="shopping-cart-link"]
[2026-09-22 07:13:21] [32MINFO[39M: Clicked cart icon to navigate to cart page
[2026-09-22 07:13:21] [32MINFO[39M: STEP: Waiting for element: [data-test="cart-contents-container"]
[2026-09-22 07:13:21] [32MINFO[39M: ✓ ASSERTION PASSED: Cart page is displayed
[2026-09-22 07:13:21] [32MINFO[39M: ✓ ASSERTION PASSED: Product "Sauce Labs Backpack" is in cart
[2026-09-22 07:13:21] [32MINFO[39M: ✓ ASSERTION PASSED: Checkout button is visible
[2026-09-22 07:13:21] [32MINFO[39M: STEP: Clicking element: [data-test="checkout"]
[2026-09-22 07:13:21] [32MINFO[39M: Clicked Checkout button
[2026-09-22 07:13:21] [32MINFO[39M: STEP: Waiting for element: [data-test="checkout-info-container"]
[2026-09-22 07:13:21] [32MINFO[39M: ✓ ASSERTION PASSED: URL contains checkout-step-one.html
[2026-09-22 07:13:21] [32MINFO[39M: ✓ ASSERTION PASSED: Checkout page is displayed
[2026-09-22 07:13:21] [32MINFO[39M: ========== TEST ENDED: Cart Test - Completed ==========
]]>
</system-out>
</testcase>
</testsuite>
<testsuite name="checkout/checkout-overview.spec.js" timestamp="2026-09-22T07:13:10.004Z" hostname="chromium" tests="2" failures="1" skipped="0" time="6.057" errors="0">
<testcase name="Checkout - Checkout Overview Page Tests › TC-001: Verify product details and complete order" classname="checkout/checkout-overview.spec.js" time="4.597">
<failure message="checkout-overview.spec.js:40:5 TC-001: Verify product details and complete order" type="FAILURE">
<![CDATA[  [chromium] › checkout/checkout-overview.spec.js:40:5 › Checkout - Checkout Overview Page Tests › TC-001: Verify product details and complete order 

    Error: expect(received).toBeTruthy()

    Received: false

      79 |         const checkoutCompleteContainer = '[data-test="checkout-complete-container"]';
      80 |         const isCompletePageDisplayed = await checkoutOverviewPage.isVisible(checkoutCompleteContainer);
    > 81 |         expect(isCompletePageDisplayed).toBeTruthy();
         |                                         ^
      82 |         logger.assertion('Checkout complete page is displayed', isCompletePageDisplayed);
      83 |
      84 |         // Verify success message header
        at /Users/runner/work/MyPetTAF/MyPetTAF/tests/checkout/checkout-overview.spec.js:81:41

    attachment #1: screenshot (image/png) ──────────────────────────────────────────────────────────
    ../test-results/checkout-checkout-overview-a0e9f--details-and-complete-order-chromium/test-failed-1.png
    ────────────────────────────────────────────────────────────────────────────────────────────────

    attachment #2: video (video/webm) ──────────────────────────────────────────────────────────────
    ../test-results/checkout-checkout-overview-a0e9f--details-and-complete-order-chromium/video.webm
    ────────────────────────────────────────────────────────────────────────────────────────────────

    Error Context: ../test-results/checkout-checkout-overview-a0e9f--details-and-complete-order-chromium/error-context.md

    attachment #4: trace (application/zip) ─────────────────────────────────────────────────────────
    ../test-results/checkout-checkout-overview-a0e9f--details-and-complete-order-chromium/trace.zip
    Usage:

        npx playwright show-trace ../test-results/checkout-checkout-overview-a0e9f--details-and-complete-order-chromium/trace.zip

    ────────────────────────────────────────────────────────────────────────────────────────────────

    Retry #1 ───────────────────────────────────────────────────────────────────────────────────────

    Error: expect(received).toBeTruthy()

    Received: false

      79 |         const checkoutCompleteContainer = '[data-test="checkout-complete-container"]';
      80 |         const isCompletePageDisplayed = await checkoutOverviewPage.isVisible(checkoutCompleteContainer);
    > 81 |         expect(isCompletePageDisplayed).toBeTruthy();
         |                                         ^
      82 |         logger.assertion('Checkout complete page is displayed', isCompletePageDisplayed);
      83 |
      84 |         // Verify success message header
        at /Users/runner/work/MyPetTAF/MyPetTAF/tests/checkout/checkout-overview.spec.js:81:41

    attachment #1: screenshot (image/png) ──────────────────────────────────────────────────────────
    ../test-results/checkout-checkout-overview-a0e9f--details-and-complete-order-chromium-retry1/test-failed-1.png
    ────────────────────────────────────────────────────────────────────────────────────────────────

    attachment #2: video (video/webm) ──────────────────────────────────────────────────────────────
    ../test-results/checkout-checkout-overview-a0e9f--details-and-complete-order-chromium-retry1/video.webm
    ────────────────────────────────────────────────────────────────────────────────────────────────

    Error Context: ../test-results/checkout-checkout-overview-a0e9f--details-and-complete-order-chromium-retry1/error-context.md

    attachment #4: trace (application/zip) ─────────────────────────────────────────────────────────
    ../test-results/checkout-checkout-overview-a0e9f--details-and-complete-order-chromium-retry1/trace.zip
    Usage:

        npx playwright show-trace ../test-results/checkout-checkout-overview-a0e9f--details-and-complete-order-chromium-retry1/trace.zip

    ────────────────────────────────────────────────────────────────────────────────────────────────

    Retry #2 ───────────────────────────────────────────────────────────────────────────────────────

    Error: expect(received).toBeTruthy()

    Received: false

      79 |         const checkoutCompleteContainer = '[data-test="checkout-complete-container"]';
      80 |         const isCompletePageDisplayed = await checkoutOverviewPage.isVisible(checkoutCompleteContainer);
    > 81 |         expect(isCompletePageDisplayed).toBeTruthy();
         |                                         ^
      82 |         logger.assertion('Checkout complete page is displayed', isCompletePageDisplayed);
      83 |
      84 |         // Verify success message header
        at /Users/runner/work/MyPetTAF/MyPetTAF/tests/checkout/checkout-overview.spec.js:81:41

    attachment #1: screenshot (image/png) ──────────────────────────────────────────────────────────
    ../test-results/checkout-checkout-overview-a0e9f--details-and-complete-order-chromium-retry2/test-failed-1.png
    ────────────────────────────────────────────────────────────────────────────────────────────────

    attachment #2: video (video/webm) ──────────────────────────────────────────────────────────────
    ../test-results/checkout-checkout-overview-a0e9f--details-and-complete-order-chromium-retry2/video.webm
    ────────────────────────────────────────────────────────────────────────────────────────────────

    Error Context: ../test-results/checkout-checkout-overview-a0e9f--details-and-complete-order-chromium-retry2/error-context.md

    attachment #4: trace (application/zip) ─────────────────────────────────────────────────────────
    ../test-results/checkout-checkout-overview-a0e9f--details-and-complete-order-chromium-retry2/trace.zip
    Usage:

        npx playwright show-trace ../test-results/checkout-checkout-overview-a0e9f--details-and-complete-order-chromium-retry2/trace.zip

    ────────────────────────────────────────────────────────────────────────────────────────────────
]]>
</failure>
<system-out>
<![CDATA[[2026-09-22 07:13:21] [32MINFO[39M: STEP: Navigating to: https://www.saucedemo.com
[2026-09-22 07:13:21] [32MINFO[39M: STEP: Filling element [data-test="username"] with: standard_user
[2026-09-22 07:13:21] [32MINFO[39M: STEP: Filling element [data-test="password"] with: secret_sauce
[2026-09-22 07:13:21] [32MINFO[39M: STEP: Clicking element: [data-test="login-button"]
[2026-09-22 07:13:21] [32MINFO[39M: ========== TEST STARTED: Checkout Overview Page Test ==========
[2026-09-22 07:13:21] [32MINFO[39M: Selected product: Sauce Labs Backpack, Price: $29.99
[2026-09-22 07:13:21] [32MINFO[39M: STEP: Clicking element: [data-test="shopping-cart-link"]
[2026-09-22 07:13:21] [32MINFO[39M: STEP: Clicking element: [data-test="checkout"]
[2026-09-22 07:13:21] [32MINFO[39M: STEP: Waiting for element: [data-test="checkout-info-container"]
[2026-09-22 07:13:21] [32MINFO[39M: STEP: Filling element [data-test="firstName"] with: John
[2026-09-22 07:13:21] [32MINFO[39M: STEP: Filling element [data-test="lastName"] with: Doe
[2026-09-22 07:13:22] [32MINFO[39M: STEP: Filling element [data-test="postalCode"] with: 12345
[2026-09-22 07:13:22] [32MINFO[39M: STEP: Clicking element: [data-test="continue"]
[2026-09-22 07:13:22] [32MINFO[39M: STEP: Waiting for element: [data-test="checkout-summary-container"]
[2026-09-22 07:13:22] [32MINFO[39M: Test Case: TC-001 - Verify product details and complete order
[2026-09-22 07:13:22] [32MINFO[39M: ✓ ASSERTION PASSED: Checkout overview contains 1 item
[2026-09-22 07:13:22] [32MINFO[39M: Overview item details - Name: Sauce Labs Backpack, Price: $29.99, Quantity: 1
[2026-09-22 07:13:22] [32MINFO[39M: ✓ ASSERTION PASSED: Product name matches: "Sauce Labs Backpack"
[2026-09-22 07:13:22] [32MINFO[39M: ✓ ASSERTION PASSED: Product description matches
[2026-09-22 07:13:22] [32MINFO[39M: ✓ ASSERTION PASSED: Product price matches: $29.99
[2026-09-22 07:13:22] [32MINFO[39M: ✓ ASSERTION PASSED: Product quantity is 1
[2026-09-22 07:13:22] [32MINFO[39M: STEP: Clicking element: [data-test="finish"]
[2026-09-22 07:13:22] [32MINFO[39M: Clicked finish button
[2026-09-22 07:13:22] [32MINFO[39M: ✓ ASSERTION PASSED: Navigated to checkout complete page
[2026-09-22 07:13:22] [32MINFO[39M: ========== TEST ENDED: Checkout Overview Page Test - Completed ==========

[[ATTACHMENT|../test-results/checkout-checkout-overview-a0e9f--details-and-complete-order-chromium/test-failed-1.png]]

[[ATTACHMENT|../test-results/checkout-checkout-overview-a0e9f--details-and-complete-order-chromium/video.webm]]

[[ATTACHMENT|../test-results/checkout-checkout-overview-a0e9f--details-and-complete-order-chromium/error-context.md]]

[[ATTACHMENT|../test-results/checkout-checkout-overview-a0e9f--details-and-complete-order-chromium/trace.zip]]
[2026-09-22 07:13:24] [32MINFO[39M: STEP: Navigating to: https://www.saucedemo.com
[2026-09-22 07:13:24] [32MINFO[39M: STEP: Filling element [data-test="username"] with: standard_user
[2026-09-22 07:13:24] [32MINFO[39M: STEP: Filling element [data-test="password"] with: secret_sauce
[2026-09-22 07:13:24] [32MINFO[39M: STEP: Clicking element: [data-test="login-button"]
[2026-09-22 07:13:24] [32MINFO[39M: ========== TEST STARTED: Checkout Overview Page Test ==========
[2026-09-22 07:13:25] [32MINFO[39M: Selected product: Sauce Labs Backpack, Price: $29.99
[2026-09-22 07:13:25] [32MINFO[39M: STEP: Clicking element: [data-test="shopping-cart-link"]
[2026-09-22 07:13:25] [32MINFO[39M: STEP: Clicking element: [data-test="checkout"]
[2026-09-22 07:13:25] [32MINFO[39M: STEP: Waiting for element: [data-test="checkout-info-container"]
[2026-09-22 07:13:25] [32MINFO[39M: STEP: Filling element [data-test="firstName"] with: John
[2026-09-22 07:13:25] [32MINFO[39M: STEP: Filling element [data-test="lastName"] with: Doe
[2026-09-22 07:13:25] [32MINFO[39M: STEP: Filling element [data-test="postalCode"] with: 12345
[2026-09-22 07:13:25] [32MINFO[39M: STEP: Clicking element: [data-test="continue"]
[2026-09-22 07:13:25] [32MINFO[39M: STEP: Waiting for element: [data-test="checkout-summary-container"]
[2026-09-22 07:13:25] [32MINFO[39M: Test Case: TC-001 - Verify product details and complete order
[2026-09-22 07:13:25] [32MINFO[39M: ✓ ASSERTION PASSED: Checkout overview contains 1 item
[2026-09-22 07:13:25] [32MINFO[39M: Overview item details - Name: Sauce Labs Backpack, Price: $29.99, Quantity: 1
[2026-09-22 07:13:25] [32MINFO[39M: ✓ ASSERTION PASSED: Product name matches: "Sauce Labs Backpack"
[2026-09-22 07:13:25] [32MINFO[39M: ✓ ASSERTION PASSED: Product description matches
[2026-09-22 07:13:25] [32MINFO[39M: ✓ ASSERTION PASSED: Product price matches: $29.99
[2026-09-22 07:13:25] [32MINFO[39M: ✓ ASSERTION PASSED: Product quantity is 1
[2026-09-22 07:13:25] [32MINFO[39M: STEP: Clicking element: [data-test="finish"]
[2026-09-22 07:13:25] [32MINFO[39M: Clicked finish button
[2026-09-22 07:13:25] [32MINFO[39M: ✓ ASSERTION PASSED: Navigated to checkout complete page
[2026-09-22 07:13:25] [32MINFO[39M: ========== TEST ENDED: Checkout Overview Page Test - Completed ==========

[[ATTACHMENT|../test-results/checkout-checkout-overview-a0e9f--details-and-complete-order-chromium-retry1/test-failed-1.png]]

[[ATTACHMENT|../test-results/checkout-checkout-overview-a0e9f--details-and-complete-order-chromium-retry1/video.webm]]

[[ATTACHMENT|../test-results/checkout-checkout-overview-a0e9f--details-and-complete-order-chromium-retry1/error-context.md]]

[[ATTACHMENT|../test-results/checkout-checkout-overview-a0e9f--details-and-complete-order-chromium-retry1/trace.zip]]
[2026-09-22 07:13:26] [32MINFO[39M: STEP: Navigating to: https://www.saucedemo.com
[2026-09-22 07:13:27] [32MINFO[39M: STEP: Filling element [data-test="username"] with: standard_user
[2026-09-22 07:13:27] [32MINFO[39M: STEP: Filling element [data-test="password"] with: secret_sauce
[2026-09-22 07:13:27] [32MINFO[39M: STEP: Clicking element: [data-test="login-button"]
[2026-09-22 07:13:27] [32MINFO[39M: ========== TEST STARTED: Checkout Overview Page Test ==========
[2026-09-22 07:13:27] [32MINFO[39M: Selected product: Sauce Labs Backpack, Price: $29.99
[2026-09-22 07:13:27] [32MINFO[39M: STEP: Clicking element: [data-test="shopping-cart-link"]
[2026-09-22 07:13:27] [32MINFO[39M: STEP: Clicking element: [data-test="checkout"]
[2026-09-22 07:13:27] [32MINFO[39M: STEP: Waiting for element: [data-test="checkout-info-container"]
[2026-09-22 07:13:27] [32MINFO[39M: STEP: Filling element [data-test="firstName"] with: John
[2026-09-22 07:13:27] [32MINFO[39M: STEP: Filling element [data-test="lastName"] with: Doe
[2026-09-22 07:13:27] [32MINFO[39M: STEP: Filling element [data-test="postalCode"] with: 12345
[2026-09-22 07:13:27] [32MINFO[39M: STEP: Clicking element: [data-test="continue"]
[2026-09-22 07:13:27] [32MINFO[39M: STEP: Waiting for element: [data-test="checkout-summary-container"]
[2026-09-22 07:13:27] [32MINFO[39M: Test Case: TC-001 - Verify product details and complete order
[2026-09-22 07:13:27] [32MINFO[39M: ✓ ASSERTION PASSED: Checkout overview contains 1 item
[2026-09-22 07:13:28] [32MINFO[39M: Overview item details - Name: Sauce Labs Backpack, Price: $29.99, Quantity: 1
[2026-09-22 07:13:28] [32MINFO[39M: ✓ ASSERTION PASSED: Product name matches: "Sauce Labs Backpack"
[2026-09-22 07:13:28] [32MINFO[39M: ✓ ASSERTION PASSED: Product description matches
[2026-09-22 07:13:28] [32MINFO[39M: ✓ ASSERTION PASSED: Product price matches: $29.99
[2026-09-22 07:13:28] [32MINFO[39M: ✓ ASSERTION PASSED: Product quantity is 1
[2026-09-22 07:13:28] [32MINFO[39M: STEP: Clicking element: [data-test="finish"]
[2026-09-22 07:13:28] [32MINFO[39M: Clicked finish button
[2026-09-22 07:13:28] [32MINFO[39M: ✓ ASSERTION PASSED: Navigated to checkout complete page
[2026-09-22 07:13:28] [32MINFO[39M: ========== TEST ENDED: Checkout Overview Page Test - Completed ==========

[[ATTACHMENT|../test-results/checkout-checkout-overview-a0e9f--details-and-complete-order-chromium-retry2/test-failed-1.png]]

[[ATTACHMENT|../test-results/checkout-checkout-overview-a0e9f--details-and-complete-order-chromium-retry2/video.webm]]

[[ATTACHMENT|../test-results/checkout-checkout-overview-a0e9f--details-and-complete-order-chromium-retry2/error-context.md]]

[[ATTACHMENT|../test-results/checkout-checkout-overview-a0e9f--details-and-complete-order-chromium-retry2/trace.zip]]
]]>
</system-out>
</testcase>
<testcase name="Checkout - Checkout Overview Page Tests › TC-002: Verify cancel button navigation" classname="checkout/checkout-overview.spec.js" time="1.46">
<system-out>
<![CDATA[[2026-09-22 07:13:21] [32MINFO[39M: STEP: Navigating to: https://www.saucedemo.com
[2026-09-22 07:13:21] [32MINFO[39M: STEP: Filling element [data-test="username"] with: standard_user
[2026-09-22 07:13:22] [32MINFO[39M: STEP: Filling element [data-test="password"] with: secret_sauce
[2026-09-22 07:13:22] [32MINFO[39M: STEP: Clicking element: [data-test="login-button"]
[2026-09-22 07:13:22] [32MINFO[39M: ========== TEST STARTED: Checkout Overview Page Test ==========
[2026-09-22 07:13:22] [32MINFO[39M: Selected product: Sauce Labs Backpack, Price: $29.99
[2026-09-22 07:13:22] [32MINFO[39M: STEP: Clicking element: [data-test="shopping-cart-link"]
[2026-09-22 07:13:22] [32MINFO[39M: STEP: Clicking element: [data-test="checkout"]
[2026-09-22 07:13:22] [32MINFO[39M: STEP: Waiting for element: [data-test="checkout-info-container"]
[2026-09-22 07:13:22] [32MINFO[39M: STEP: Filling element [data-test="firstName"] with: John
[2026-09-22 07:13:22] [32MINFO[39M: STEP: Filling element [data-test="lastName"] with: Doe
[2026-09-22 07:13:22] [32MINFO[39M: STEP: Filling element [data-test="postalCode"] with: 12345
[2026-09-22 07:13:22] [32MINFO[39M: STEP: Clicking element: [data-test="continue"]
[2026-09-22 07:13:22] [32MINFO[39M: STEP: Waiting for element: [data-test="checkout-summary-container"]
[2026-09-22 07:13:22] [32MINFO[39M: Test Case: TC-002 - Verify cancel button navigation
[2026-09-22 07:13:22] [32MINFO[39M: STEP: Clicking element: [data-test="cancel"]
[2026-09-22 07:13:22] [32MINFO[39M: Clicked cancel button
[2026-09-22 07:13:22] [32MINFO[39M: ✓ ASSERTION PASSED: Navigated to inventory page
[2026-09-22 07:13:22] [32MINFO[39M: STEP: Waiting for element: [data-test="inventory-container"]
[2026-09-22 07:13:22] [32MINFO[39M: ✓ ASSERTION PASSED: Inventory page is displayed
[2026-09-22 07:13:22] [32MINFO[39M: ========== TEST ENDED: Checkout Overview Page Test - Completed ==========
]]>
</system-out>
</testcase>
</testsuite>
<testsuite name="checkout/checkout.spec.js" timestamp="2026-09-22T07:13:10.004Z" hostname="chromium" tests="3" failures="0" skipped="0" time="5.209" errors="0">
<testcase name="Checkout - Checkout Page Tests › TC-001: Verify filling checkout form with valid data and continue to checkout overview" classname="checkout/checkout.spec.js" time="1.371">
<system-out>
<![CDATA[[2026-09-22 07:13:23] [32MINFO[39M: STEP: Navigating to: https://www.saucedemo.com
[2026-09-22 07:13:23] [32MINFO[39M: STEP: Filling element [data-test="username"] with: standard_user
[2026-09-22 07:13:23] [32MINFO[39M: STEP: Filling element [data-test="password"] with: secret_sauce
[2026-09-22 07:13:23] [32MINFO[39M: STEP: Clicking element: [data-test="login-button"]
[2026-09-22 07:13:23] [32MINFO[39M: ========== TEST STARTED: Checkout Page Test ==========
[2026-09-22 07:13:23] [32MINFO[39M: STEP: Clicking element: [data-test="shopping-cart-link"]
[2026-09-22 07:13:23] [32MINFO[39M: STEP: Clicking element: [data-test="checkout"]
[2026-09-22 07:13:23] [32MINFO[39M: STEP: Waiting for element: [data-test="checkout-info-container"]
[2026-09-22 07:13:23] [32MINFO[39M: Test Case: TC-001 - Verify filling checkout form with valid data and continue to checkout overview
[2026-09-22 07:13:23] [32MINFO[39M: STEP: Filling element [data-test="firstName"] with: John
[2026-09-22 07:13:23] [32MINFO[39M: STEP: Filling element [data-test="lastName"] with: Doe
[2026-09-22 07:13:23] [32MINFO[39M: STEP: Filling element [data-test="postalCode"] with: 12345
[2026-09-22 07:13:24] [32MINFO[39M: Filled checkout form with: John Doe, 12345
[2026-09-22 07:13:24] [32MINFO[39M: ✓ ASSERTION PASSED: First name field contains correct value
[2026-09-22 07:13:24] [32MINFO[39M: ✓ ASSERTION PASSED: Last name field contains correct value
[2026-09-22 07:13:24] [32MINFO[39M: ✓ ASSERTION PASSED: Postal code field contains correct value
[2026-09-22 07:13:24] [32MINFO[39M: STEP: Clicking element: [data-test="continue"]
[2026-09-22 07:13:24] [32MINFO[39M: Clicked continue button
[2026-09-22 07:13:24] [32MINFO[39M: ✓ ASSERTION PASSED: Navigated to checkout overview page
[2026-09-22 07:13:24] [32MINFO[39M: ========== TEST ENDED: Checkout Page Test - Completed ==========
]]>
</system-out>
</testcase>
<testcase name="Checkout - Checkout Page Tests › TC-002: Verify cancel button returns to cart page" classname="checkout/checkout.spec.js" time="2.25">
<system-out>
<![CDATA[[2026-09-22 07:13:24] [32MINFO[39M: STEP: Navigating to: https://www.saucedemo.com
[2026-09-22 07:13:24] [32MINFO[39M: STEP: Filling element [data-test="username"] with: standard_user
[2026-09-22 07:13:24] [32MINFO[39M: STEP: Filling element [data-test="password"] with: secret_sauce
[2026-09-22 07:13:24] [32MINFO[39M: STEP: Clicking element: [data-test="login-button"]
[2026-09-22 07:13:25] [32MINFO[39M: ========== TEST STARTED: Checkout Page Test ==========
[2026-09-22 07:13:25] [32MINFO[39M: ========== TEST ENDED: Checkout Page Test - Completed ==========

[[ATTACHMENT|../test-results/checkout-checkout-Checkout-1b370-button-returns-to-cart-page-chromium/test-failed-1.png]]

[[ATTACHMENT|../test-results/checkout-checkout-Checkout-1b370-button-returns-to-cart-page-chromium/video.webm]]

[[ATTACHMENT|../test-results/checkout-checkout-Checkout-1b370-button-returns-to-cart-page-chromium/error-context.md]]

[[ATTACHMENT|../test-results/checkout-checkout-Checkout-1b370-button-returns-to-cart-page-chromium/trace.zip]]
[2026-09-22 07:13:26] [32MINFO[39M: STEP: Navigating to: https://www.saucedemo.com
[2026-09-22 07:13:26] [32MINFO[39M: STEP: Filling element [data-test="username"] with: standard_user
[2026-09-22 07:13:27] [32MINFO[39M: STEP: Filling element [data-test="password"] with: secret_sauce
[2026-09-22 07:13:27] [32MINFO[39M: STEP: Clicking element: [data-test="login-button"]
[2026-09-22 07:13:27] [32MINFO[39M: ========== TEST STARTED: Checkout Page Test ==========
[2026-09-22 07:13:27] [32MINFO[39M: STEP: Clicking element: [data-test="shopping-cart-link"]
[2026-09-22 07:13:27] [32MINFO[39M: STEP: Clicking element: [data-test="checkout"]
[2026-09-22 07:13:27] [32MINFO[39M: STEP: Waiting for element: [data-test="checkout-info-container"]
[2026-09-22 07:13:27] [32MINFO[39M: Test Case: TC-002 - Verify cancel button returns to cart page
[2026-09-22 07:13:27] [32MINFO[39M: STEP: Clicking element: [data-test="cancel"]
[2026-09-22 07:13:27] [32MINFO[39M: Clicked cancel button
[2026-09-22 07:13:27] [32MINFO[39M: ✓ ASSERTION PASSED: Navigated back to cart page
[2026-09-22 07:13:27] [32MINFO[39M: ✓ ASSERTION PASSED: Cart page is displayed
[2026-09-22 07:13:27] [32MINFO[39M: ✓ ASSERTION PASSED: Cart still contains 1 item
[2026-09-22 07:13:27] [32MINFO[39M: ========== TEST ENDED: Checkout Page Test - Completed ==========
]]>
</system-out>
</testcase>
<testcase name="Checkout - Checkout Page Tests › TC-003: Verify error messages for empty required fields" classname="checkout/checkout.spec.js" time="1.588">
<system-out>
<![CDATA[[2026-09-22 07:13:27] [32MINFO[39M: STEP: Navigating to: https://www.saucedemo.com
[2026-09-22 07:13:28] [32MINFO[39M: STEP: Filling element [data-test="username"] with: standard_user
[2026-09-22 07:13:28] [32MINFO[39M: STEP: Filling element [data-test="password"] with: secret_sauce
[2026-09-22 07:13:28] [32MINFO[39M: STEP: Clicking element: [data-test="login-button"]
[2026-09-22 07:13:28] [32MINFO[39M: ========== TEST STARTED: Checkout Page Test ==========
[2026-09-22 07:13:28] [32MINFO[39M: STEP: Clicking element: [data-test="shopping-cart-link"]
[2026-09-22 07:13:28] [32MINFO[39M: STEP: Clicking element: [data-test="checkout"]
[2026-09-22 07:13:28] [32MINFO[39M: STEP: Waiting for element: [data-test="checkout-info-container"]
[2026-09-22 07:13:28] [32MINFO[39M: Test Case: TC-003 - Verify error messages for empty required fields
[2026-09-22 07:13:28] [32MINFO[39M: Testing validation for empty first name
[2026-09-22 07:13:28] [32MINFO[39M: STEP: Filling element [data-test="lastName"] with: Doe
[2026-09-22 07:13:28] [32MINFO[39M: STEP: Filling element [data-test="postalCode"] with: 12345
[2026-09-22 07:13:28] [32MINFO[39M: STEP: Clicking element: [data-test="continue"]
[2026-09-22 07:13:28] [32MINFO[39M: Clicked continue button with empty first name
[2026-09-22 07:13:28] [32MINFO[39M: ✓ ASSERTION PASSED: Error message is displayed for empty first name
[2026-09-22 07:13:28] [32MINFO[39M: Text from [data-test="error"]: Error: First Name is required
[2026-09-22 07:13:28] [32MINFO[39M: ✓ ASSERTION PASSED: Error message contains "First Name is required"
[2026-09-22 07:13:28] [32MINFO[39M: STEP: Waiting for element: [data-test="checkout-info-container"]
[2026-09-22 07:13:28] [32MINFO[39M: Testing validation for empty last name
[2026-09-22 07:13:28] [32MINFO[39M: STEP: Filling element [data-test="firstName"] with: John
[2026-09-22 07:13:28] [32MINFO[39M: STEP: Filling element [data-test="postalCode"] with: 12345
[2026-09-22 07:13:28] [32MINFO[39M: STEP: Clicking element: [data-test="continue"]
[2026-09-22 07:13:28] [32MINFO[39M: Clicked continue button with empty last name
[2026-09-22 07:13:28] [32MINFO[39M: ✓ ASSERTION PASSED: Error message is displayed for empty last name
[2026-09-22 07:13:28] [32MINFO[39M: Text from [data-test="error"]: Error: Last Name is required
[2026-09-22 07:13:28] [32MINFO[39M: ✓ ASSERTION PASSED: Error message contains "Last Name is required"
[2026-09-22 07:13:28] [32MINFO[39M: STEP: Waiting for element: [data-test="checkout-info-container"]
[2026-09-22 07:13:29] [32MINFO[39M: Testing validation for empty postal code
[2026-09-22 07:13:29] [32MINFO[39M: STEP: Filling element [data-test="firstName"] with: John
[2026-09-22 07:13:29] [32MINFO[39M: STEP: Filling element [data-test="lastName"] with: Doe
[2026-09-22 07:13:29] [32MINFO[39M: STEP: Clicking element: [data-test="continue"]
[2026-09-22 07:13:29] [32MINFO[39M: Clicked continue button with empty postal code
[2026-09-22 07:13:29] [32MINFO[39M: ✓ ASSERTION PASSED: Error message is displayed for empty postal code
[2026-09-22 07:13:29] [32MINFO[39M: Text from [data-test="error"]: Error: Postal Code is required
[2026-09-22 07:13:29] [32MINFO[39M: ✓ ASSERTION PASSED: Error message contains "Postal Code is required"
[2026-09-22 07:13:29] [32MINFO[39M: ========== TEST ENDED: Checkout Page Test - Completed ==========
]]>
</system-out>
</testcase>
</testsuite>
<testsuite name="inventory/inventory.spec.js" timestamp="2026-09-22T07:13:10.004Z" hostname="chromium" tests="8" failures="4" skipped="0" time="50.854" errors="0">
<testcase name="Inventory - Inventory Tests › TC-001: Verify all items are present in inventory page" classname="inventory/inventory.spec.js" time="3.087">
<system-out>
<![CDATA[[2026-09-22 07:13:29] [32MINFO[39M: STEP: Navigating to: https://www.saucedemo.com
[2026-09-22 07:13:29] [32MINFO[39M: STEP: Filling element [data-test="username"] with: standard_user
[2026-09-22 07:13:29] [32MINFO[39M: STEP: Filling element [data-test="password"] with: secret_sauce
[2026-09-22 07:13:29] [32MINFO[39M: STEP: Clicking element: [data-test="login-button"]
[2026-09-22 07:13:29] [32MINFO[39M: ========== TEST STARTED: Inventory Test ==========
[2026-09-22 07:13:29] [32MINFO[39M: Test Case: TC-001 - All items are present in inventory page
[2026-09-22 07:13:30] [32MINFO[39M: ========== TEST ENDED: Inventory Test - Completed ==========

[[ATTACHMENT|../test-results/inventory-inventory-Invent-e2262-e-present-in-inventory-page-chromium/test-failed-1.png]]

[[ATTACHMENT|../test-results/inventory-inventory-Invent-e2262-e-present-in-inventory-page-chromium/video.webm]]

[[ATTACHMENT|../test-results/inventory-inventory-Invent-e2262-e-present-in-inventory-page-chromium/error-context.md]]

[[ATTACHMENT|../test-results/inventory-inventory-Invent-e2262-e-present-in-inventory-page-chromium/trace.zip]]
[2026-09-22 07:13:31] [32MINFO[39M: STEP: Navigating to: https://www.saucedemo.com
[2026-09-22 07:13:31] [32MINFO[39M: STEP: Filling element [data-test="username"] with: standard_user
[2026-09-22 07:13:31] [32MINFO[39M: STEP: Filling element [data-test="password"] with: secret_sauce
[2026-09-22 07:13:31] [32MINFO[39M: STEP: Clicking element: [data-test="login-button"]
[2026-09-22 07:13:31] [32MINFO[39M: ========== TEST STARTED: Inventory Test ==========
[2026-09-22 07:13:31] [32MINFO[39M: Test Case: TC-001 - All items are present in inventory page
[2026-09-22 07:13:32] [32MINFO[39M: ========== TEST ENDED: Inventory Test - Completed ==========

[[ATTACHMENT|../test-results/inventory-inventory-Invent-e2262-e-present-in-inventory-page-chromium-retry1/test-failed-1.png]]

[[ATTACHMENT|../test-results/inventory-inventory-Invent-e2262-e-present-in-inventory-page-chromium-retry1/video.webm]]

[[ATTACHMENT|../test-results/inventory-inventory-Invent-e2262-e-present-in-inventory-page-chromium-retry1/error-context.md]]

[[ATTACHMENT|../test-results/inventory-inventory-Invent-e2262-e-present-in-inventory-page-chromium-retry1/trace.zip]]
[2026-09-22 07:13:33] [32MINFO[39M: STEP: Navigating to: https://www.saucedemo.com
[2026-09-22 07:13:33] [32MINFO[39M: STEP: Filling element [data-test="username"] with: standard_user
[2026-09-22 07:13:33] [32MINFO[39M: STEP: Filling element [data-test="password"] with: secret_sauce
[2026-09-22 07:13:33] [32MINFO[39M: STEP: Clicking element: [data-test="login-button"]
[2026-09-22 07:13:33] [32MINFO[39M: ========== TEST STARTED: Inventory Test ==========
[2026-09-22 07:13:33] [32MINFO[39M: Test Case: TC-001 - All items are present in inventory page
[2026-09-22 07:13:33] [32MINFO[39M: ✓ ASSERTION PASSED: Inventory container is visible
[2026-09-22 07:13:33] [32MINFO[39M: ✓ ASSERTION PASSED: Sauce Labs Backpack is displayed
[2026-09-22 07:13:33] [32MINFO[39M: ✓ ASSERTION PASSED: Sauce Labs Bike Light is displayed
[2026-09-22 07:13:33] [32MINFO[39M: ✓ ASSERTION PASSED: Sauce Labs Bolt T-Shirt is displayed
[2026-09-22 07:13:33] [32MINFO[39M: ✓ ASSERTION PASSED: Sauce Labs Fleece Jacket is displayed
[2026-09-22 07:13:33] [32MINFO[39M: ✓ ASSERTION PASSED: Sauce Labs Onesie is displayed
[2026-09-22 07:13:33] [32MINFO[39M: ✓ ASSERTION PASSED: Test.allTheThings() T-Shirt (Red) is displayed
[2026-09-22 07:13:33] [32MINFO[39M: ========== TEST ENDED: Inventory Test - Completed ==========
]]>
</system-out>
</testcase>
<testcase name="Inventory - Inventory Tests › TC-002: Verify all navigation in inventory page" classname="inventory/inventory.spec.js" time="33.201">
<failure message="inventory.spec.js:49:5 TC-002: Verify all navigation in inventory page" type="FAILURE">
<![CDATA[  [chromium] › inventory/inventory.spec.js:49:5 › Inventory - Inventory Tests › TC-002: Verify all navigation in inventory page 

    Error: expect(received).toBeTruthy()

    Received: false

      53 |         // Assert
      54 |         const isInventoryDisplayed = await inventoryPage.isInventoryDisplayed();
    > 55 |         expect(isInventoryDisplayed).toBeTruthy();
         |                                      ^
      56 |         logger.assertion('Inventory container is visible', isInventoryDisplayed);
      57 |
      58 |         // Validate all products navigation elements lead to correct product details page
        at /Users/runner/work/MyPetTAF/MyPetTAF/tests/inventory/inventory.spec.js:55:38

    attachment #1: screenshot (image/png) ──────────────────────────────────────────────────────────
    ../test-results/inventory-inventory-Invent-1f724-avigation-in-inventory-page-chromium/test-failed-1.png
    ────────────────────────────────────────────────────────────────────────────────────────────────

    attachment #2: video (video/webm) ──────────────────────────────────────────────────────────────
    ../test-results/inventory-inventory-Invent-1f724-avigation-in-inventory-page-chromium/video.webm
    ────────────────────────────────────────────────────────────────────────────────────────────────

    Error Context: ../test-results/inventory-inventory-Invent-1f724-avigation-in-inventory-page-chromium/error-context.md

    attachment #4: trace (application/zip) ─────────────────────────────────────────────────────────
    ../test-results/inventory-inventory-Invent-1f724-avigation-in-inventory-page-chromium/trace.zip
    Usage:

        npx playwright show-trace ../test-results/inventory-inventory-Invent-1f724-avigation-in-inventory-page-chromium/trace.zip

    ────────────────────────────────────────────────────────────────────────────────────────────────

    Retry #1 ───────────────────────────────────────────────────────────────────────────────────────

    Error: expect(received).toBeTruthy()

    Received: false

      53 |         // Assert
      54 |         const isInventoryDisplayed = await inventoryPage.isInventoryDisplayed();
    > 55 |         expect(isInventoryDisplayed).toBeTruthy();
         |                                      ^
      56 |         logger.assertion('Inventory container is visible', isInventoryDisplayed);
      57 |
      58 |         // Validate all products navigation elements lead to correct product details page
        at /Users/runner/work/MyPetTAF/MyPetTAF/tests/inventory/inventory.spec.js:55:38

    attachment #1: screenshot (image/png) ──────────────────────────────────────────────────────────
    ../test-results/inventory-inventory-Invent-1f724-avigation-in-inventory-page-chromium-retry1/test-failed-1.png
    ────────────────────────────────────────────────────────────────────────────────────────────────

    attachment #2: video (video/webm) ──────────────────────────────────────────────────────────────
    ../test-results/inventory-inventory-Invent-1f724-avigation-in-inventory-page-chromium-retry1/video.webm
    ────────────────────────────────────────────────────────────────────────────────────────────────

    Error Context: ../test-results/inventory-inventory-Invent-1f724-avigation-in-inventory-page-chromium-retry1/error-context.md

    attachment #4: trace (application/zip) ─────────────────────────────────────────────────────────
    ../test-results/inventory-inventory-Invent-1f724-avigation-in-inventory-page-chromium-retry1/trace.zip
    Usage:

        npx playwright show-trace ../test-results/inventory-inventory-Invent-1f724-avigation-in-inventory-page-chromium-retry1/trace.zip

    ────────────────────────────────────────────────────────────────────────────────────────────────

    Retry #2 ───────────────────────────────────────────────────────────────────────────────────────

    Test timeout of 30000ms exceeded.

    Error: page.click: Test timeout of 30000ms exceeded.
    Call log:
      - waiting for locator('[data-test="back-to-products"]')
        - locator resolved to <button id="back-to-products" name="back-to-products" data-test="back-to-products" class="btn btn_secondary back btn_large inventory_details_back_button">…</button>
      - attempting click action
        - waiting for element to be visible, enabled and stable
        - element is not stable
      - retrying click action
        - waiting for element to be visible, enabled and stable
      - element was detached from the DOM, retrying


       at ../pages/BasePage.js:49

      47 |   async click(selector) {
      48 |     logger.step(`Clicking element: ${selector}`);
    > 49 |     await this.page.click(selector);
         |                     ^
      50 |   }
      51 |
      52 |   /**
        at ProductDetailsPage.click (/Users/runner/work/MyPetTAF/MyPetTAF/pages/BasePage.js:49:21)
        at ProductDetailsPage.navigateBackToProducts (/Users/runner/work/MyPetTAF/MyPetTAF/pages/ProductDetailsPage.js:160:16)
        at /Users/runner/work/MyPetTAF/MyPetTAF/tests/inventory/inventory.spec.js:72:34

    attachment #1: screenshot (image/png) ──────────────────────────────────────────────────────────
    ../test-results/inventory-inventory-Invent-1f724-avigation-in-inventory-page-chromium-retry2/test-failed-1.png
    ────────────────────────────────────────────────────────────────────────────────────────────────

    attachment #2: video (video/webm) ──────────────────────────────────────────────────────────────
    ../test-results/inventory-inventory-Invent-1f724-avigation-in-inventory-page-chromium-retry2/video.webm
    ────────────────────────────────────────────────────────────────────────────────────────────────

    Error Context: ../test-results/inventory-inventory-Invent-1f724-avigation-in-inventory-page-chromium-retry2/error-context.md

    attachment #4: trace (application/zip) ─────────────────────────────────────────────────────────
    ../test-results/inventory-inventory-Invent-1f724-avigation-in-inventory-page-chromium-retry2/trace.zip
    Usage:

        npx playwright show-trace ../test-results/inventory-inventory-Invent-1f724-avigation-in-inventory-page-chromium-retry2/trace.zip

    ────────────────────────────────────────────────────────────────────────────────────────────────
]]>
</failure>
<system-out>
<![CDATA[[2026-09-22 07:13:29] [32MINFO[39M: STEP: Navigating to: https://www.saucedemo.com
[2026-09-22 07:13:29] [32MINFO[39M: STEP: Filling element [data-test="username"] with: standard_user
[2026-09-22 07:13:29] [32MINFO[39M: STEP: Filling element [data-test="password"] with: secret_sauce
[2026-09-22 07:13:29] [32MINFO[39M: STEP: Clicking element: [data-test="login-button"]
[2026-09-22 07:13:29] [32MINFO[39M: ========== TEST STARTED: Inventory Test ==========
[2026-09-22 07:13:29] [32MINFO[39M: Test Case: TC-002 - All navigation in inventory page
[2026-09-22 07:13:30] [32MINFO[39M: ========== TEST ENDED: Inventory Test - Completed ==========

[[ATTACHMENT|../test-results/inventory-inventory-Invent-1f724-avigation-in-inventory-page-chromium/test-failed-1.png]]

[[ATTACHMENT|../test-results/inventory-inventory-Invent-1f724-avigation-in-inventory-page-chromium/video.webm]]

[[ATTACHMENT|../test-results/inventory-inventory-Invent-1f724-avigation-in-inventory-page-chromium/error-context.md]]

[[ATTACHMENT|../test-results/inventory-inventory-Invent-1f724-avigation-in-inventory-page-chromium/trace.zip]]
[2026-09-22 07:13:31] [32MINFO[39M: STEP: Navigating to: https://www.saucedemo.com
[2026-09-22 07:13:31] [32MINFO[39M: STEP: Filling element [data-test="username"] with: standard_user
[2026-09-22 07:13:31] [32MINFO[39M: STEP: Filling element [data-test="password"] with: secret_sauce
[2026-09-22 07:13:31] [32MINFO[39M: STEP: Clicking element: [data-test="login-button"]
[2026-09-22 07:13:31] [32MINFO[39M: ========== TEST STARTED: Inventory Test ==========
[2026-09-22 07:13:31] [32MINFO[39M: Test Case: TC-002 - All navigation in inventory page
[2026-09-22 07:13:32] [32MINFO[39M: ========== TEST ENDED: Inventory Test - Completed ==========

[[ATTACHMENT|../test-results/inventory-inventory-Invent-1f724-avigation-in-inventory-page-chromium-retry1/test-failed-1.png]]

[[ATTACHMENT|../test-results/inventory-inventory-Invent-1f724-avigation-in-inventory-page-chromium-retry1/video.webm]]

[[ATTACHMENT|../test-results/inventory-inventory-Invent-1f724-avigation-in-inventory-page-chromium-retry1/error-context.md]]

[[ATTACHMENT|../test-results/inventory-inventory-Invent-1f724-avigation-in-inventory-page-chromium-retry1/trace.zip]]
[2026-09-22 07:13:33] [32MINFO[39M: STEP: Navigating to: https://www.saucedemo.com
[2026-09-22 07:13:33] [32MINFO[39M: STEP: Filling element [data-test="username"] with: standard_user
[2026-09-22 07:13:33] [32MINFO[39M: STEP: Filling element [data-test="password"] with: secret_sauce
[2026-09-22 07:13:33] [32MINFO[39M: STEP: Clicking element: [data-test="login-button"]
[2026-09-22 07:13:33] [32MINFO[39M: ========== TEST STARTED: Inventory Test ==========
[2026-09-22 07:13:33] [32MINFO[39M: Test Case: TC-002 - All navigation in inventory page
[2026-09-22 07:13:33] [32MINFO[39M: ✓ ASSERTION PASSED: Inventory container is visible
[2026-09-22 07:13:33] [32MINFO[39M: ✓ ASSERTION PASSED: Sauce Labs Backpack name is displayed on product details page
[2026-09-22 07:13:33] [32MINFO[39M: STEP: Clicking element: [data-test="back-to-products"]
[2026-09-22 07:13:33] [32MINFO[39M: ✓ ASSERTION PASSED: Sauce Labs Bike Light name is displayed on product details page
[2026-09-22 07:13:33] [32MINFO[39M: STEP: Clicking element: [data-test="back-to-products"]
[2026-09-22 07:14:03] [32MINFO[39M: ========== TEST ENDED: Inventory Test - Completed ==========

[[ATTACHMENT|../test-results/inventory-inventory-Invent-1f724-avigation-in-inventory-page-chromium-retry2/test-failed-1.png]]

[[ATTACHMENT|../test-results/inventory-inventory-Invent-1f724-avigation-in-inventory-page-chromium-retry2/video.webm]]

[[ATTACHMENT|../test-results/inventory-inventory-Invent-1f724-avigation-in-inventory-page-chromium-retry2/error-context.md]]

[[ATTACHMENT|../test-results/inventory-inventory-Invent-1f724-avigation-in-inventory-page-chromium-retry2/trace.zip]]
]]>
</system-out>
</testcase>
<testcase name="Inventory - Inventory Tests › TC-003: Verify sorting products by Name (A to Z)" classname="inventory/inventory.spec.js" time="2.923">
<failure message="inventory.spec.js:103:5 TC-003: Verify sorting products by Name (A to Z)" type="FAILURE">
<![CDATA[  [chromium] › inventory/inventory.spec.js:103:5 › Inventory - Inventory Tests › TC-003: Verify sorting products by Name (A to Z) 

    Error: expect(received).toBeTruthy()

    Received: false

      107 |         // Assert inventory page is displayed
      108 |         const isInventoryDisplayed = await inventoryPage.isInventoryDisplayed();
    > 109 |         expect(isInventoryDisplayed).toBeTruthy();
          |                                      ^
      110 |         logger.assertion('Inventory container is visible', isInventoryDisplayed);
      111 |
      112 |         // Verify default sorting is A to Z
        at /Users/runner/work/MyPetTAF/MyPetTAF/tests/inventory/inventory.spec.js:109:38

    attachment #1: screenshot (image/png) ──────────────────────────────────────────────────────────
    ../test-results/inventory-inventory-Invent-07599-ng-products-by-Name-A-to-Z--chromium/test-failed-1.png
    ────────────────────────────────────────────────────────────────────────────────────────────────

    attachment #2: video (video/webm) ──────────────────────────────────────────────────────────────
    ../test-results/inventory-inventory-Invent-07599-ng-products-by-Name-A-to-Z--chromium/video.webm
    ────────────────────────────────────────────────────────────────────────────────────────────────

    Error Context: ../test-results/inventory-inventory-Invent-07599-ng-products-by-Name-A-to-Z--chromium/error-context.md

    attachment #4: trace (application/zip) ─────────────────────────────────────────────────────────
    ../test-results/inventory-inventory-Invent-07599-ng-products-by-Name-A-to-Z--chromium/trace.zip
    Usage:

        npx playwright show-trace ../test-results/inventory-inventory-Invent-07599-ng-products-by-Name-A-to-Z--chromium/trace.zip

    ────────────────────────────────────────────────────────────────────────────────────────────────

    Retry #1 ───────────────────────────────────────────────────────────────────────────────────────

    Error: expect(received).toBeTruthy()

    Received: false

      107 |         // Assert inventory page is displayed
      108 |         const isInventoryDisplayed = await inventoryPage.isInventoryDisplayed();
    > 109 |         expect(isInventoryDisplayed).toBeTruthy();
          |                                      ^
      110 |         logger.assertion('Inventory container is visible', isInventoryDisplayed);
      111 |
      112 |         // Verify default sorting is A to Z
        at /Users/runner/work/MyPetTAF/MyPetTAF/tests/inventory/inventory.spec.js:109:38

    attachment #1: screenshot (image/png) ──────────────────────────────────────────────────────────
    ../test-results/inventory-inventory-Invent-07599-ng-products-by-Name-A-to-Z--chromium-retry1/test-failed-1.png
    ────────────────────────────────────────────────────────────────────────────────────────────────

    attachment #2: video (video/webm) ──────────────────────────────────────────────────────────────
    ../test-results/inventory-inventory-Invent-07599-ng-products-by-Name-A-to-Z--chromium-retry1/video.webm
    ────────────────────────────────────────────────────────────────────────────────────────────────

    Error Context: ../test-results/inventory-inventory-Invent-07599-ng-products-by-Name-A-to-Z--chromium-retry1/error-context.md

    attachment #4: trace (application/zip) ─────────────────────────────────────────────────────────
    ../test-results/inventory-inventory-Invent-07599-ng-products-by-Name-A-to-Z--chromium-retry1/trace.zip
    Usage:

        npx playwright show-trace ../test-results/inventory-inventory-Invent-07599-ng-products-by-Name-A-to-Z--chromium-retry1/trace.zip

    ────────────────────────────────────────────────────────────────────────────────────────────────

    Retry #2 ───────────────────────────────────────────────────────────────────────────────────────

    Error: expect(received).toBeTruthy()

    Received: false

      107 |         // Assert inventory page is displayed
      108 |         const isInventoryDisplayed = await inventoryPage.isInventoryDisplayed();
    > 109 |         expect(isInventoryDisplayed).toBeTruthy();
          |                                      ^
      110 |         logger.assertion('Inventory container is visible', isInventoryDisplayed);
      111 |
      112 |         // Verify default sorting is A to Z
        at /Users/runner/work/MyPetTAF/MyPetTAF/tests/inventory/inventory.spec.js:109:38

    attachment #1: screenshot (image/png) ──────────────────────────────────────────────────────────
    ../test-results/inventory-inventory-Invent-07599-ng-products-by-Name-A-to-Z--chromium-retry2/test-failed-1.png
    ────────────────────────────────────────────────────────────────────────────────────────────────

    attachment #2: video (video/webm) ──────────────────────────────────────────────────────────────
    ../test-results/inventory-inventory-Invent-07599-ng-products-by-Name-A-to-Z--chromium-retry2/video.webm
    ────────────────────────────────────────────────────────────────────────────────────────────────

    Error Context: ../test-results/inventory-inventory-Invent-07599-ng-products-by-Name-A-to-Z--chromium-retry2/error-context.md

    attachment #4: trace (application/zip) ─────────────────────────────────────────────────────────
    ../test-results/inventory-inventory-Invent-07599-ng-products-by-Name-A-to-Z--chromium-retry2/trace.zip
    Usage:

        npx playwright show-trace ../test-results/inventory-inventory-Invent-07599-ng-products-by-Name-A-to-Z--chromium-retry2/trace.zip

    ────────────────────────────────────────────────────────────────────────────────────────────────
]]>
</failure>
<system-out>
<![CDATA[[2026-09-22 07:13:34] [32MINFO[39M: STEP: Navigating to: https://www.saucedemo.com
[2026-09-22 07:13:34] [32MINFO[39M: STEP: Filling element [data-test="username"] with: standard_user
[2026-09-22 07:13:34] [32MINFO[39M: STEP: Filling element [data-test="password"] with: secret_sauce
[2026-09-22 07:13:34] [32MINFO[39M: STEP: Clicking element: [data-test="login-button"]
[2026-09-22 07:13:34] [32MINFO[39M: ========== TEST STARTED: Inventory Test ==========
[2026-09-22 07:13:34] [32MINFO[39M: Test Case: TC-003 - Verify sorting products by Name (A to Z)
[2026-09-22 07:13:34] [32MINFO[39M: ========== TEST ENDED: Inventory Test - Completed ==========

[[ATTACHMENT|../test-results/inventory-inventory-Invent-07599-ng-products-by-Name-A-to-Z--chromium/test-failed-1.png]]

[[ATTACHMENT|../test-results/inventory-inventory-Invent-07599-ng-products-by-Name-A-to-Z--chromium/video.webm]]

[[ATTACHMENT|../test-results/inventory-inventory-Invent-07599-ng-products-by-Name-A-to-Z--chromium/error-context.md]]

[[ATTACHMENT|../test-results/inventory-inventory-Invent-07599-ng-products-by-Name-A-to-Z--chromium/trace.zip]]
[2026-09-22 07:13:36] [32MINFO[39M: STEP: Navigating to: https://www.saucedemo.com
[2026-09-22 07:13:36] [32MINFO[39M: STEP: Filling element [data-test="username"] with: standard_user
[2026-09-22 07:13:36] [32MINFO[39M: STEP: Filling element [data-test="password"] with: secret_sauce
[2026-09-22 07:13:36] [32MINFO[39M: STEP: Clicking element: [data-test="login-button"]
[2026-09-22 07:13:36] [32MINFO[39M: ========== TEST STARTED: Inventory Test ==========
[2026-09-22 07:13:36] [32MINFO[39M: Test Case: TC-003 - Verify sorting products by Name (A to Z)
[2026-09-22 07:13:37] [32MINFO[39M: ========== TEST ENDED: Inventory Test - Completed ==========

[[ATTACHMENT|../test-results/inventory-inventory-Invent-07599-ng-products-by-Name-A-to-Z--chromium-retry1/test-failed-1.png]]

[[ATTACHMENT|../test-results/inventory-inventory-Invent-07599-ng-products-by-Name-A-to-Z--chromium-retry1/video.webm]]

[[ATTACHMENT|../test-results/inventory-inventory-Invent-07599-ng-products-by-Name-A-to-Z--chromium-retry1/error-context.md]]

[[ATTACHMENT|../test-results/inventory-inventory-Invent-07599-ng-products-by-Name-A-to-Z--chromium-retry1/trace.zip]]
[2026-09-22 07:13:38] [32MINFO[39M: STEP: Navigating to: https://www.saucedemo.com
[2026-09-22 07:13:38] [32MINFO[39M: STEP: Filling element [data-test="username"] with: standard_user
[2026-09-22 07:13:38] [32MINFO[39M: STEP: Filling element [data-test="password"] with: secret_sauce
[2026-09-22 07:13:38] [32MINFO[39M: STEP: Clicking element: [data-test="login-button"]
[2026-09-22 07:13:38] [32MINFO[39M: ========== TEST STARTED: Inventory Test ==========
[2026-09-22 07:13:38] [32MINFO[39M: Test Case: TC-003 - Verify sorting products by Name (A to Z)
[2026-09-22 07:13:39] [32MINFO[39M: ========== TEST ENDED: Inventory Test - Completed ==========

[[ATTACHMENT|../test-results/inventory-inventory-Invent-07599-ng-products-by-Name-A-to-Z--chromium-retry2/test-failed-1.png]]

[[ATTACHMENT|../test-results/inventory-inventory-Invent-07599-ng-products-by-Name-A-to-Z--chromium-retry2/video.webm]]

[[ATTACHMENT|../test-results/inventory-inventory-Invent-07599-ng-products-by-Name-A-to-Z--chromium-retry2/error-context.md]]

[[ATTACHMENT|../test-results/inventory-inventory-Invent-07599-ng-products-by-Name-A-to-Z--chromium-retry2/trace.zip]]
]]>
</system-out>
</testcase>
<testcase name="Inventory - Inventory Tests › TC-004: Verify sorting products by Name (Z to A)" classname="inventory/inventory.spec.js" time="2.939">
<failure message="inventory.spec.js:144:5 TC-004: Verify sorting products by Name (Z to A)" type="FAILURE">
<![CDATA[  [chromium] › inventory/inventory.spec.js:144:5 › Inventory - Inventory Tests › TC-004: Verify sorting products by Name (Z to A) 

    Error: expect(received).toBeTruthy()

    Received: false

      148 |         // Assert inventory page is displayed
      149 |         const isInventoryDisplayed = await inventoryPage.isInventoryDisplayed();
    > 150 |         expect(isInventoryDisplayed).toBeTruthy();
          |                                      ^
      151 |         logger.assertion('Inventory container is visible', isInventoryDisplayed);
      152 |
      153 |         // Get product names before sorting
        at /Users/runner/work/MyPetTAF/MyPetTAF/tests/inventory/inventory.spec.js:150:38

    attachment #1: screenshot (image/png) ──────────────────────────────────────────────────────────
    ../test-results/inventory-inventory-Invent-78e0d-ng-products-by-Name-Z-to-A--chromium/test-failed-1.png
    ────────────────────────────────────────────────────────────────────────────────────────────────

    attachment #2: video (video/webm) ──────────────────────────────────────────────────────────────
    ../test-results/inventory-inventory-Invent-78e0d-ng-products-by-Name-Z-to-A--chromium/video.webm
    ────────────────────────────────────────────────────────────────────────────────────────────────

    Error Context: ../test-results/inventory-inventory-Invent-78e0d-ng-products-by-Name-Z-to-A--chromium/error-context.md

    attachment #4: trace (application/zip) ─────────────────────────────────────────────────────────
    ../test-results/inventory-inventory-Invent-78e0d-ng-products-by-Name-Z-to-A--chromium/trace.zip
    Usage:

        npx playwright show-trace ../test-results/inventory-inventory-Invent-78e0d-ng-products-by-Name-Z-to-A--chromium/trace.zip

    ────────────────────────────────────────────────────────────────────────────────────────────────

    Retry #1 ───────────────────────────────────────────────────────────────────────────────────────

    Error: expect(received).toBeTruthy()

    Received: false

      148 |         // Assert inventory page is displayed
      149 |         const isInventoryDisplayed = await inventoryPage.isInventoryDisplayed();
    > 150 |         expect(isInventoryDisplayed).toBeTruthy();
          |                                      ^
      151 |         logger.assertion('Inventory container is visible', isInventoryDisplayed);
      152 |
      153 |         // Get product names before sorting
        at /Users/runner/work/MyPetTAF/MyPetTAF/tests/inventory/inventory.spec.js:150:38

    attachment #1: screenshot (image/png) ──────────────────────────────────────────────────────────
    ../test-results/inventory-inventory-Invent-78e0d-ng-products-by-Name-Z-to-A--chromium-retry1/test-failed-1.png
    ────────────────────────────────────────────────────────────────────────────────────────────────

    attachment #2: video (video/webm) ──────────────────────────────────────────────────────────────
    ../test-results/inventory-inventory-Invent-78e0d-ng-products-by-Name-Z-to-A--chromium-retry1/video.webm
    ────────────────────────────────────────────────────────────────────────────────────────────────

    Error Context: ../test-results/inventory-inventory-Invent-78e0d-ng-products-by-Name-Z-to-A--chromium-retry1/error-context.md

    attachment #4: trace (application/zip) ─────────────────────────────────────────────────────────
    ../test-results/inventory-inventory-Invent-78e0d-ng-products-by-Name-Z-to-A--chromium-retry1/trace.zip
    Usage:

        npx playwright show-trace ../test-results/inventory-inventory-Invent-78e0d-ng-products-by-Name-Z-to-A--chromium-retry1/trace.zip

    ────────────────────────────────────────────────────────────────────────────────────────────────

    Retry #2 ───────────────────────────────────────────────────────────────────────────────────────

    Error: expect(received).toBeTruthy()

    Received: false

      148 |         // Assert inventory page is displayed
      149 |         const isInventoryDisplayed = await inventoryPage.isInventoryDisplayed();
    > 150 |         expect(isInventoryDisplayed).toBeTruthy();
          |                                      ^
      151 |         logger.assertion('Inventory container is visible', isInventoryDisplayed);
      152 |
      153 |         // Get product names before sorting
        at /Users/runner/work/MyPetTAF/MyPetTAF/tests/inventory/inventory.spec.js:150:38

    attachment #1: screenshot (image/png) ──────────────────────────────────────────────────────────
    ../test-results/inventory-inventory-Invent-78e0d-ng-products-by-Name-Z-to-A--chromium-retry2/test-failed-1.png
    ────────────────────────────────────────────────────────────────────────────────────────────────

    attachment #2: video (video/webm) ──────────────────────────────────────────────────────────────
    ../test-results/inventory-inventory-Invent-78e0d-ng-products-by-Name-Z-to-A--chromium-retry2/video.webm
    ────────────────────────────────────────────────────────────────────────────────────────────────

    Error Context: ../test-results/inventory-inventory-Invent-78e0d-ng-products-by-Name-Z-to-A--chromium-retry2/error-context.md

    attachment #4: trace (application/zip) ─────────────────────────────────────────────────────────
    ../test-results/inventory-inventory-Invent-78e0d-ng-products-by-Name-Z-to-A--chromium-retry2/trace.zip
    Usage:

        npx playwright show-trace ../test-results/inventory-inventory-Invent-78e0d-ng-products-by-Name-Z-to-A--chromium-retry2/trace.zip

    ────────────────────────────────────────────────────────────────────────────────────────────────
]]>
</failure>
<system-out>
<![CDATA[[2026-09-22 07:13:40] [32MINFO[39M: STEP: Navigating to: https://www.saucedemo.com
[2026-09-22 07:13:40] [32MINFO[39M: STEP: Filling element [data-test="username"] with: standard_user
[2026-09-22 07:13:40] [32MINFO[39M: STEP: Filling element [data-test="password"] with: secret_sauce
[2026-09-22 07:13:40] [32MINFO[39M: STEP: Clicking element: [data-test="login-button"]
[2026-09-22 07:13:40] [32MINFO[39M: ========== TEST STARTED: Inventory Test ==========
[2026-09-22 07:13:40] [32MINFO[39M: Test Case: TC-004 - Verify sorting products by Name (Z to A)
[2026-09-22 07:13:41] [32MINFO[39M: ========== TEST ENDED: Inventory Test - Completed ==========

[[ATTACHMENT|../test-results/inventory-inventory-Invent-78e0d-ng-products-by-Name-Z-to-A--chromium/test-failed-1.png]]

[[ATTACHMENT|../test-results/inventory-inventory-Invent-78e0d-ng-products-by-Name-Z-to-A--chromium/video.webm]]

[[ATTACHMENT|../test-results/inventory-inventory-Invent-78e0d-ng-products-by-Name-Z-to-A--chromium/error-context.md]]

[[ATTACHMENT|../test-results/inventory-inventory-Invent-78e0d-ng-products-by-Name-Z-to-A--chromium/trace.zip]]
[2026-09-22 07:13:42] [32MINFO[39M: STEP: Navigating to: https://www.saucedemo.com
[2026-09-22 07:13:42] [32MINFO[39M: STEP: Filling element [data-test="username"] with: standard_user
[2026-09-22 07:13:42] [32MINFO[39M: STEP: Filling element [data-test="password"] with: secret_sauce
[2026-09-22 07:13:42] [32MINFO[39M: STEP: Clicking element: [data-test="login-button"]
[2026-09-22 07:13:42] [32MINFO[39M: ========== TEST STARTED: Inventory Test ==========
[2026-09-22 07:13:42] [32MINFO[39M: Test Case: TC-004 - Verify sorting products by Name (Z to A)
[2026-09-22 07:13:43] [32MINFO[39M: ========== TEST ENDED: Inventory Test - Completed ==========

[[ATTACHMENT|../test-results/inventory-inventory-Invent-78e0d-ng-products-by-Name-Z-to-A--chromium-retry1/test-failed-1.png]]

[[ATTACHMENT|../test-results/inventory-inventory-Invent-78e0d-ng-products-by-Name-Z-to-A--chromium-retry1/video.webm]]

[[ATTACHMENT|../test-results/inventory-inventory-Invent-78e0d-ng-products-by-Name-Z-to-A--chromium-retry1/error-context.md]]

[[ATTACHMENT|../test-results/inventory-inventory-Invent-78e0d-ng-products-by-Name-Z-to-A--chromium-retry1/trace.zip]]
[2026-09-22 07:13:44] [32MINFO[39M: STEP: Navigating to: https://www.saucedemo.com
[2026-09-22 07:13:44] [32MINFO[39M: STEP: Filling element [data-test="username"] with: standard_user
[2026-09-22 07:13:44] [32MINFO[39M: STEP: Filling element [data-test="password"] with: secret_sauce
[2026-09-22 07:13:44] [32MINFO[39M: STEP: Clicking element: [data-test="login-button"]
[2026-09-22 07:13:44] [32MINFO[39M: ========== TEST STARTED: Inventory Test ==========
[2026-09-22 07:13:44] [32MINFO[39M: Test Case: TC-004 - Verify sorting products by Name (Z to A)
[2026-09-22 07:13:44] [32MINFO[39M: ========== TEST ENDED: Inventory Test - Completed ==========

[[ATTACHMENT|../test-results/inventory-inventory-Invent-78e0d-ng-products-by-Name-Z-to-A--chromium-retry2/test-failed-1.png]]

[[ATTACHMENT|../test-results/inventory-inventory-Invent-78e0d-ng-products-by-Name-Z-to-A--chromium-retry2/video.webm]]

[[ATTACHMENT|../test-results/inventory-inventory-Invent-78e0d-ng-products-by-Name-Z-to-A--chromium-retry2/error-context.md]]

[[ATTACHMENT|../test-results/inventory-inventory-Invent-78e0d-ng-products-by-Name-Z-to-A--chromium-retry2/trace.zip]]
]]>
</system-out>
</testcase>
<testcase name="Inventory - Inventory Tests › TC-005: Verify sorting products by Price (low to high)" classname="inventory/inventory.spec.js" time="0.98">
<system-out>
<![CDATA[[2026-09-22 07:13:45] [32MINFO[39M: STEP: Navigating to: https://www.saucedemo.com
[2026-09-22 07:13:46] [32MINFO[39M: STEP: Filling element [data-test="username"] with: standard_user
[2026-09-22 07:13:46] [32MINFO[39M: STEP: Filling element [data-test="password"] with: secret_sauce
[2026-09-22 07:13:46] [32MINFO[39M: STEP: Clicking element: [data-test="login-button"]
[2026-09-22 07:13:46] [32MINFO[39M: ========== TEST STARTED: Inventory Test ==========
[2026-09-22 07:13:46] [32MINFO[39M: Test Case: TC-005 - Verify sorting products by Price (low to high)
[2026-09-22 07:13:46] [32MINFO[39M: ✓ ASSERTION PASSED: Inventory container is visible
[2026-09-22 07:13:46] [32MINFO[39M: Product prices before sort: $29.99, $9.99, $15.99, $49.99, $7.99, $15.99
[2026-09-22 07:13:46] [32MINFO[39M: Text from [data-test="active-option"]: Price (low to high)
[2026-09-22 07:13:46] [32MINFO[39M: ✓ ASSERTION PASSED: Active sort option displays "Price (low to high)"
[2026-09-22 07:13:46] [32MINFO[39M: Product prices after sort: $7.99, $9.99, $15.99, $15.99, $29.99, $49.99
[2026-09-22 07:13:46] [32MINFO[39M: ✓ ASSERTION PASSED: Products are sorted by price low to high
[2026-09-22 07:13:46] [32MINFO[39M: ========== TEST ENDED: Inventory Test - Completed ==========
]]>
</system-out>
</testcase>
<testcase name="Inventory - Inventory Tests › TC-006: Verify sorting products by Price (high to low)" classname="inventory/inventory.spec.js" time="2.883">
<failure message="inventory.spec.js:206:5 TC-006: Verify sorting products by Price (high to low)" type="FAILURE">
<![CDATA[  [chromium] › inventory/inventory.spec.js:206:5 › Inventory - Inventory Tests › TC-006: Verify sorting products by Price (high to low) 

    Error: expect(received).toBeTruthy()

    Received: false

      210 |         // Assert inventory page is displayed
      211 |         const isInventoryDisplayed = await inventoryPage.isInventoryDisplayed();
    > 212 |         expect(isInventoryDisplayed).toBeTruthy();
          |                                      ^
      213 |         logger.assertion('Inventory container is visible', isInventoryDisplayed);
      214 |
      215 |         // Get product prices before sorting
        at /Users/runner/work/MyPetTAF/MyPetTAF/tests/inventory/inventory.spec.js:212:38

    attachment #1: screenshot (image/png) ──────────────────────────────────────────────────────────
    ../test-results/inventory-inventory-Invent-b0248-ducts-by-Price-high-to-low--chromium/test-failed-1.png
    ────────────────────────────────────────────────────────────────────────────────────────────────

    attachment #2: video (video/webm) ──────────────────────────────────────────────────────────────
    ../test-results/inventory-inventory-Invent-b0248-ducts-by-Price-high-to-low--chromium/video.webm
    ────────────────────────────────────────────────────────────────────────────────────────────────

    Error Context: ../test-results/inventory-inventory-Invent-b0248-ducts-by-Price-high-to-low--chromium/error-context.md

    attachment #4: trace (application/zip) ─────────────────────────────────────────────────────────
    ../test-results/inventory-inventory-Invent-b0248-ducts-by-Price-high-to-low--chromium/trace.zip
    Usage:

        npx playwright show-trace ../test-results/inventory-inventory-Invent-b0248-ducts-by-Price-high-to-low--chromium/trace.zip

    ────────────────────────────────────────────────────────────────────────────────────────────────

    Retry #1 ───────────────────────────────────────────────────────────────────────────────────────

    Error: expect(received).toBeTruthy()

    Received: false

      210 |         // Assert inventory page is displayed
      211 |         const isInventoryDisplayed = await inventoryPage.isInventoryDisplayed();
    > 212 |         expect(isInventoryDisplayed).toBeTruthy();
          |                                      ^
      213 |         logger.assertion('Inventory container is visible', isInventoryDisplayed);
      214 |
      215 |         // Get product prices before sorting
        at /Users/runner/work/MyPetTAF/MyPetTAF/tests/inventory/inventory.spec.js:212:38

    attachment #1: screenshot (image/png) ──────────────────────────────────────────────────────────
    ../test-results/inventory-inventory-Invent-b0248-ducts-by-Price-high-to-low--chromium-retry1/test-failed-1.png
    ────────────────────────────────────────────────────────────────────────────────────────────────

    attachment #2: video (video/webm) ──────────────────────────────────────────────────────────────
    ../test-results/inventory-inventory-Invent-b0248-ducts-by-Price-high-to-low--chromium-retry1/video.webm
    ────────────────────────────────────────────────────────────────────────────────────────────────

    Error Context: ../test-results/inventory-inventory-Invent-b0248-ducts-by-Price-high-to-low--chromium-retry1/error-context.md

    attachment #4: trace (application/zip) ─────────────────────────────────────────────────────────
    ../test-results/inventory-inventory-Invent-b0248-ducts-by-Price-high-to-low--chromium-retry1/trace.zip
    Usage:

        npx playwright show-trace ../test-results/inventory-inventory-Invent-b0248-ducts-by-Price-high-to-low--chromium-retry1/trace.zip

    ────────────────────────────────────────────────────────────────────────────────────────────────

    Retry #2 ───────────────────────────────────────────────────────────────────────────────────────

    Error: expect(received).toBeTruthy()

    Received: false

      210 |         // Assert inventory page is displayed
      211 |         const isInventoryDisplayed = await inventoryPage.isInventoryDisplayed();
    > 212 |         expect(isInventoryDisplayed).toBeTruthy();
          |                                      ^
      213 |         logger.assertion('Inventory container is visible', isInventoryDisplayed);
      214 |
      215 |         // Get product prices before sorting
        at /Users/runner/work/MyPetTAF/MyPetTAF/tests/inventory/inventory.spec.js:212:38

    attachment #1: screenshot (image/png) ──────────────────────────────────────────────────────────
    ../test-results/inventory-inventory-Invent-b0248-ducts-by-Price-high-to-low--chromium-retry2/test-failed-1.png
    ────────────────────────────────────────────────────────────────────────────────────────────────

    attachment #2: video (video/webm) ──────────────────────────────────────────────────────────────
    ../test-results/inventory-inventory-Invent-b0248-ducts-by-Price-high-to-low--chromium-retry2/video.webm
    ────────────────────────────────────────────────────────────────────────────────────────────────

    Error Context: ../test-results/inventory-inventory-Invent-b0248-ducts-by-Price-high-to-low--chromium-retry2/error-context.md

    attachment #4: trace (application/zip) ─────────────────────────────────────────────────────────
    ../test-results/inventory-inventory-Invent-b0248-ducts-by-Price-high-to-low--chromium-retry2/trace.zip
    Usage:

        npx playwright show-trace ../test-results/inventory-inventory-Invent-b0248-ducts-by-Price-high-to-low--chromium-retry2/trace.zip

    ────────────────────────────────────────────────────────────────────────────────────────────────
]]>
</failure>
<system-out>
<![CDATA[[2026-09-22 07:13:46] [32MINFO[39M: STEP: Navigating to: https://www.saucedemo.com
[2026-09-22 07:13:47] [32MINFO[39M: STEP: Filling element [data-test="username"] with: standard_user
[2026-09-22 07:13:47] [32MINFO[39M: STEP: Filling element [data-test="password"] with: secret_sauce
[2026-09-22 07:13:47] [32MINFO[39M: STEP: Clicking element: [data-test="login-button"]
[2026-09-22 07:13:47] [32MINFO[39M: ========== TEST STARTED: Inventory Test ==========
[2026-09-22 07:13:47] [32MINFO[39M: Test Case: TC-006 - Verify sorting products by Price (high to low)
[2026-09-22 07:13:47] [32MINFO[39M: ========== TEST ENDED: Inventory Test - Completed ==========

[[ATTACHMENT|../test-results/inventory-inventory-Invent-b0248-ducts-by-Price-high-to-low--chromium/test-failed-1.png]]

[[ATTACHMENT|../test-results/inventory-inventory-Invent-b0248-ducts-by-Price-high-to-low--chromium/video.webm]]

[[ATTACHMENT|../test-results/inventory-inventory-Invent-b0248-ducts-by-Price-high-to-low--chromium/error-context.md]]

[[ATTACHMENT|../test-results/inventory-inventory-Invent-b0248-ducts-by-Price-high-to-low--chromium/trace.zip]]
[2026-09-22 07:13:48] [32MINFO[39M: STEP: Navigating to: https://www.saucedemo.com
[2026-09-22 07:13:49] [32MINFO[39M: STEP: Filling element [data-test="username"] with: standard_user
[2026-09-22 07:13:49] [32MINFO[39M: STEP: Filling element [data-test="password"] with: secret_sauce
[2026-09-22 07:13:49] [32MINFO[39M: STEP: Clicking element: [data-test="login-button"]
[2026-09-22 07:13:49] [32MINFO[39M: ========== TEST STARTED: Inventory Test ==========
[2026-09-22 07:13:49] [32MINFO[39M: Test Case: TC-006 - Verify sorting products by Price (high to low)
[2026-09-22 07:13:49] [32MINFO[39M: ========== TEST ENDED: Inventory Test - Completed ==========

[[ATTACHMENT|../test-results/inventory-inventory-Invent-b0248-ducts-by-Price-high-to-low--chromium-retry1/test-failed-1.png]]

[[ATTACHMENT|../test-results/inventory-inventory-Invent-b0248-ducts-by-Price-high-to-low--chromium-retry1/video.webm]]

[[ATTACHMENT|../test-results/inventory-inventory-Invent-b0248-ducts-by-Price-high-to-low--chromium-retry1/error-context.md]]

[[ATTACHMENT|../test-results/inventory-inventory-Invent-b0248-ducts-by-Price-high-to-low--chromium-retry1/trace.zip]]
[2026-09-22 07:13:50] [32MINFO[39M: STEP: Navigating to: https://www.saucedemo.com
[2026-09-22 07:13:50] [32MINFO[39M: STEP: Filling element [data-test="username"] with: standard_user
[2026-09-22 07:13:50] [32MINFO[39M: STEP: Filling element [data-test="password"] with: secret_sauce
[2026-09-22 07:13:50] [32MINFO[39M: STEP: Clicking element: [data-test="login-button"]
[2026-09-22 07:13:50] [32MINFO[39M: ========== TEST STARTED: Inventory Test ==========
[2026-09-22 07:13:50] [32MINFO[39M: Test Case: TC-006 - Verify sorting products by Price (high to low)
[2026-09-22 07:13:51] [32MINFO[39M: ========== TEST ENDED: Inventory Test - Completed ==========

[[ATTACHMENT|../test-results/inventory-inventory-Invent-b0248-ducts-by-Price-high-to-low--chromium-retry2/test-failed-1.png]]

[[ATTACHMENT|../test-results/inventory-inventory-Invent-b0248-ducts-by-Price-high-to-low--chromium-retry2/video.webm]]

[[ATTACHMENT|../test-results/inventory-inventory-Invent-b0248-ducts-by-Price-high-to-low--chromium-retry2/error-context.md]]

[[ATTACHMENT|../test-results/inventory-inventory-Invent-b0248-ducts-by-Price-high-to-low--chromium-retry2/trace.zip]]
]]>
</system-out>
</testcase>
<testcase name="Inventory - Inventory Tests › TC-007: Verify &quot;Add to cart&quot; button changes to &quot;Remove&quot; and cart badge updates" classname="inventory/inventory.spec.js" time="1.929">
<system-out>
<![CDATA[[2026-09-22 07:13:52] [32MINFO[39M: STEP: Navigating to: https://www.saucedemo.com
[2026-09-22 07:13:52] [32MINFO[39M: STEP: Filling element [data-test="username"] with: standard_user
[2026-09-22 07:13:52] [32MINFO[39M: STEP: Filling element [data-test="password"] with: secret_sauce
[2026-09-22 07:13:52] [32MINFO[39M: STEP: Clicking element: [data-test="login-button"]
[2026-09-22 07:13:52] [32MINFO[39M: ========== TEST STARTED: Inventory Test ==========
[2026-09-22 07:13:52] [32MINFO[39M: Test Case: TC-007 - Verify "Add to cart" button changes to "Remove" and cart badge updates
[2026-09-22 07:13:53] [32MINFO[39M: ========== TEST ENDED: Inventory Test - Completed ==========

[[ATTACHMENT|../test-results/inventory-inventory-Invent-d0738-move-and-cart-badge-updates-chromium/test-failed-1.png]]

[[ATTACHMENT|../test-results/inventory-inventory-Invent-d0738-move-and-cart-badge-updates-chromium/video.webm]]

[[ATTACHMENT|../test-results/inventory-inventory-Invent-d0738-move-and-cart-badge-updates-chromium/error-context.md]]

[[ATTACHMENT|../test-results/inventory-inventory-Invent-d0738-move-and-cart-badge-updates-chromium/trace.zip]]
[2026-09-22 07:13:54] [32MINFO[39M: STEP: Navigating to: https://www.saucedemo.com
[2026-09-22 07:13:54] [32MINFO[39M: STEP: Filling element [data-test="username"] with: standard_user
[2026-09-22 07:13:54] [32MINFO[39M: STEP: Filling element [data-test="password"] with: secret_sauce
[2026-09-22 07:13:54] [32MINFO[39M: STEP: Clicking element: [data-test="login-button"]
[2026-09-22 07:13:54] [32MINFO[39M: ========== TEST STARTED: Inventory Test ==========
[2026-09-22 07:13:54] [32MINFO[39M: Test Case: TC-007 - Verify "Add to cart" button changes to "Remove" and cart badge updates
[2026-09-22 07:13:54] [32MINFO[39M: ✓ ASSERTION PASSED: Inventory container is visible
[2026-09-22 07:13:54] [32MINFO[39M: ✓ ASSERTION PASSED: Initial cart badge count is 0
[2026-09-22 07:13:54] [32MINFO[39M: Selected random product: Sauce Labs Fleece Jacket (index: 3)
[2026-09-22 07:13:54] [32MINFO[39M: ✓ ASSERTION PASSED: Initial button text is "Add to cart" for Sauce Labs Fleece Jacket
[2026-09-22 07:13:54] [32MINFO[39M: Added Sauce Labs Fleece Jacket to cart
[2026-09-22 07:13:54] [32MINFO[39M: ✓ ASSERTION PASSED: Button text changed to "Remove" for Sauce Labs Fleece Jacket
[2026-09-22 07:13:54] [32MINFO[39M: Text from .shopping_cart_badge: 1
[2026-09-22 07:13:54] [32MINFO[39M: ✓ ASSERTION PASSED: Cart badge count updated to 1
[2026-09-22 07:13:54] [32MINFO[39M: ========== TEST ENDED: Inventory Test - Completed ==========
]]>
</system-out>
</testcase>
<testcase name="Inventory - Inventory Tests › TC-008: Verify removing product from inventory page decreases cart count" classname="inventory/inventory.spec.js" time="2.912">
<system-out>
<![CDATA[[2026-09-22 07:13:55] [32MINFO[39M: STEP: Navigating to: https://www.saucedemo.com
[2026-09-22 07:13:55] [32MINFO[39M: STEP: Filling element [data-test="username"] with: standard_user
[2026-09-22 07:13:55] [32MINFO[39M: STEP: Filling element [data-test="password"] with: secret_sauce
[2026-09-22 07:13:55] [32MINFO[39M: STEP: Clicking element: [data-test="login-button"]
[2026-09-22 07:13:55] [32MINFO[39M: ========== TEST STARTED: Inventory Test ==========
[2026-09-22 07:13:55] [32MINFO[39M: Test Case: TC-008 - Verify removing product from inventory page decreases cart count
[2026-09-22 07:13:55] [32MINFO[39M: ========== TEST ENDED: Inventory Test - Completed ==========

[[ATTACHMENT|../test-results/inventory-inventory-Invent-d503b-y-page-decreases-cart-count-chromium/test-failed-1.png]]

[[ATTACHMENT|../test-results/inventory-inventory-Invent-d503b-y-page-decreases-cart-count-chromium/video.webm]]

[[ATTACHMENT|../test-results/inventory-inventory-Invent-d503b-y-page-decreases-cart-count-chromium/error-context.md]]

[[ATTACHMENT|../test-results/inventory-inventory-Invent-d503b-y-page-decreases-cart-count-chromium/trace.zip]]
[2026-09-22 07:13:56] [32MINFO[39M: STEP: Navigating to: https://www.saucedemo.com
[2026-09-22 07:13:57] [32MINFO[39M: STEP: Filling element [data-test="username"] with: standard_user
[2026-09-22 07:13:57] [32MINFO[39M: STEP: Filling element [data-test="password"] with: secret_sauce
[2026-09-22 07:13:57] [32MINFO[39M: STEP: Clicking element: [data-test="login-button"]
[2026-09-22 07:13:57] [32MINFO[39M: ========== TEST STARTED: Inventory Test ==========
[2026-09-22 07:13:57] [32MINFO[39M: Test Case: TC-008 - Verify removing product from inventory page decreases cart count
[2026-09-22 07:13:57] [32MINFO[39M: ========== TEST ENDED: Inventory Test - Completed ==========

[[ATTACHMENT|../test-results/inventory-inventory-Invent-d503b-y-page-decreases-cart-count-chromium-retry1/test-failed-1.png]]

[[ATTACHMENT|../test-results/inventory-inventory-Invent-d503b-y-page-decreases-cart-count-chromium-retry1/video.webm]]

[[ATTACHMENT|../test-results/inventory-inventory-Invent-d503b-y-page-decreases-cart-count-chromium-retry1/error-context.md]]

[[ATTACHMENT|../test-results/inventory-inventory-Invent-d503b-y-page-decreases-cart-count-chromium-retry1/trace.zip]]
[2026-09-22 07:13:58] [32MINFO[39M: STEP: Navigating to: https://www.saucedemo.com
[2026-09-22 07:13:58] [32MINFO[39M: STEP: Filling element [data-test="username"] with: standard_user
[2026-09-22 07:13:58] [32MINFO[39M: STEP: Filling element [data-test="password"] with: secret_sauce
[2026-09-22 07:13:59] [32MINFO[39M: STEP: Clicking element: [data-test="login-button"]
[2026-09-22 07:13:59] [32MINFO[39M: ========== TEST STARTED: Inventory Test ==========
[2026-09-22 07:13:59] [32MINFO[39M: Test Case: TC-008 - Verify removing product from inventory page decreases cart count
[2026-09-22 07:13:59] [32MINFO[39M: ✓ ASSERTION PASSED: Inventory container is visible
[2026-09-22 07:13:59] [32MINFO[39M: ✓ ASSERTION PASSED: Initial cart badge count is 0
[2026-09-22 07:13:59] [32MINFO[39M: Selected random product: Sauce Labs Fleece Jacket (index: 3)
[2026-09-22 07:13:59] [32MINFO[39M: Added Sauce Labs Fleece Jacket to cart
[2026-09-22 07:13:59] [32MINFO[39M: Text from .shopping_cart_badge: 1
[2026-09-22 07:13:59] [32MINFO[39M: ✓ ASSERTION PASSED: Cart badge count is 1 after adding product
[2026-09-22 07:13:59] [32MINFO[39M: ✓ ASSERTION PASSED: Button text is "Remove" for Sauce Labs Fleece Jacket
[2026-09-22 07:13:59] [32MINFO[39M: Removed Sauce Labs Fleece Jacket from cart
[2026-09-22 07:13:59] [32MINFO[39M: ✓ ASSERTION PASSED: Button text changed back to "Add to cart" for Sauce Labs Fleece Jacket
[2026-09-22 07:13:59] [32MINFO[39M: ✓ ASSERTION PASSED: Cart badge count decreased to 0
[2026-09-22 07:13:59] [32MINFO[39M: ========== TEST ENDED: Inventory Test - Completed ==========
]]>
</system-out>
</testcase>
</testsuite>
</testsuites>